2023-03-18 18:09:22,609 INFO org.springframework.boot.StartupInfoLogger [restartedMain] Starting ProyectoApplication using Java 17.0.3.1 on DESKTOP-U83I70G with PID 10248 (E:\springboot\proyecto\target\classes started by jsusi in E:\springboot\proyecto)
2023-03-18 18:09:22,611 INFO org.springframework.boot.SpringApplication [restartedMain] No active profile set, falling back to 1 default profile: "default"
2023-03-18 18:09:22,641 INFO org.springframework.boot.logging.DeferredLog [restartedMain] Devtools property defaults active! Set 'spring.devtools.add-properties' to 'false' to disable
2023-03-18 18:09:22,642 INFO org.springframework.boot.logging.DeferredLog [restartedMain] For additional web related logging consider setting the 'logging.level.web' property to 'DEBUG'
2023-03-18 18:09:23,232 INFO org.springframework.data.repository.config.RepositoryConfigurationDelegate [restartedMain] Multiple Spring Data modules found, entering strict repository configuration mode
2023-03-18 18:09:23,233 INFO org.springframework.data.repository.config.RepositoryConfigurationDelegate [restartedMain] Bootstrapping Spring Data JDBC repositories in DEFAULT mode.
2023-03-18 18:09:23,254 INFO org.springframework.data.repository.config.RepositoryConfigurationExtensionSupport [restartedMain] Spring Data JDBC - Could not safely identify store assignment for repository candidate interface com.tokioschool.web.repository.FilmRepository; If you want this repository to be a JDBC repository, consider annotating your entities with one of these annotations: org.springframework.data.relational.core.mapping.Table.
2023-03-18 18:09:23,255 INFO org.springframework.data.repository.config.RepositoryConfigurationExtensionSupport [restartedMain] Spring Data JDBC - Could not safely identify store assignment for repository candidate interface com.tokioschool.web.repository.PersonRepository; If you want this repository to be a JDBC repository, consider annotating your entities with one of these annotations: org.springframework.data.relational.core.mapping.Table.
2023-03-18 18:09:23,256 INFO org.springframework.data.repository.config.RepositoryConfigurationExtensionSupport [restartedMain] Spring Data JDBC - Could not safely identify store assignment for repository candidate interface com.tokioschool.web.repository.ReviewRepository; If you want this repository to be a JDBC repository, consider annotating your entities with one of these annotations: org.springframework.data.relational.core.mapping.Table.
2023-03-18 18:09:23,257 INFO org.springframework.data.repository.config.RepositoryConfigurationExtensionSupport [restartedMain] Spring Data JDBC - Could not safely identify store assignment for repository candidate interface com.tokioschool.web.repository.RoleRepository; If you want this repository to be a JDBC repository, consider annotating your entities with one of these annotations: org.springframework.data.relational.core.mapping.Table.
2023-03-18 18:09:23,258 INFO org.springframework.data.repository.config.RepositoryConfigurationExtensionSupport [restartedMain] Spring Data JDBC - Could not safely identify store assignment for repository candidate interface com.tokioschool.web.repository.ScoreRepository; If you want this repository to be a JDBC repository, consider annotating your entities with one of these annotations: org.springframework.data.relational.core.mapping.Table.
2023-03-18 18:09:23,258 INFO org.springframework.data.repository.config.RepositoryConfigurationExtensionSupport [restartedMain] Spring Data JDBC - Could not safely identify store assignment for repository candidate interface com.tokioschool.web.repository.UserRepository; If you want this repository to be a JDBC repository, consider annotating your entities with one of these annotations: org.springframework.data.relational.core.mapping.Table.
2023-03-18 18:09:23,259 INFO org.springframework.data.repository.config.RepositoryConfigurationDelegate [restartedMain] Finished Spring Data repository scanning in 22 ms. Found 0 JDBC repository interfaces.
2023-03-18 18:09:23,265 INFO org.springframework.data.repository.config.RepositoryConfigurationDelegate [restartedMain] Multiple Spring Data modules found, entering strict repository configuration mode
2023-03-18 18:09:23,266 INFO org.springframework.data.repository.config.RepositoryConfigurationDelegate [restartedMain] Bootstrapping Spring Data JPA repositories in DEFAULT mode.
2023-03-18 18:09:23,297 INFO org.springframework.data.repository.config.RepositoryConfigurationDelegate [restartedMain] Finished Spring Data repository scanning in 27 ms. Found 6 JPA repository interfaces.
2023-03-18 18:09:23,733 INFO org.springframework.boot.web.embedded.tomcat.TomcatWebServer [restartedMain] Tomcat initialized with port(s): 8080 (http)
2023-03-18 18:09:23,741 INFO org.apache.juli.logging.DirectJDKLog [restartedMain] Initializing ProtocolHandler ["http-nio-8080"]
2023-03-18 18:09:23,741 INFO org.apache.juli.logging.DirectJDKLog [restartedMain] Starting service [Tomcat]
2023-03-18 18:09:23,741 INFO org.apache.juli.logging.DirectJDKLog [restartedMain] Starting Servlet engine: [Apache Tomcat/9.0.69]
2023-03-18 18:09:23,798 INFO org.apache.juli.logging.DirectJDKLog [restartedMain] Initializing Spring embedded WebApplicationContext
2023-03-18 18:09:23,798 INFO org.springframework.boot.web.servlet.context.ServletWebServerApplicationContext [restartedMain] Root WebApplicationContext: initialization completed in 1155 ms
2023-03-18 18:09:24,018 INFO org.hibernate.jpa.internal.util.LogHelper [restartedMain] HHH000204: Processing PersistenceUnitInfo [name: default]
2023-03-18 18:09:24,054 INFO org.hibernate.Version [restartedMain] HHH000412: Hibernate ORM core version 5.6.14.Final
2023-03-18 18:09:24,164 INFO org.hibernate.annotations.common.reflection.java.JavaReflectionManager [restartedMain] HCANN000001: Hibernate Commons Annotations {5.1.2.Final}
2023-03-18 18:09:24,240 INFO com.zaxxer.hikari.HikariDataSource [restartedMain] HikariPool-1 - Starting...
2023-03-18 18:09:24,361 INFO com.zaxxer.hikari.HikariDataSource [restartedMain] HikariPool-1 - Start completed.
2023-03-18 18:09:24,382 INFO org.hibernate.dialect.Dialect [restartedMain] HHH000400: Using dialect: org.hibernate.dialect.MySQL55Dialect
2023-03-18 18:09:24,944 INFO org.hibernate.engine.transaction.jta.platform.internal.JtaPlatformInitiator [restartedMain] HHH000490: Using JtaPlatform implementation: [org.hibernate.engine.transaction.jta.platform.internal.NoJtaPlatform]
2023-03-18 18:09:24,950 INFO org.springframework.orm.jpa.AbstractEntityManagerFactoryBean [restartedMain] Initialized JPA EntityManagerFactory for persistence unit 'default'
2023-03-18 18:09:25,365 WARN org.springframework.boot.autoconfigure.orm.jpa.JpaBaseConfiguration$JpaWebConfiguration [restartedMain] spring.jpa.open-in-view is enabled by default. Therefore, database queries may be performed during view rendering. Explicitly configure spring.jpa.open-in-view to disable this warning
2023-03-18 18:09:25,380 INFO com.tokioschool.web.config.FilmImageConfig [restartedMain] Comprobamos existencia directorio
2023-03-18 18:09:25,527 WARN org.springframework.security.config.annotation.web.builders.WebSecurity [restartedMain] You are asking Spring Security to ignore Ant [pattern='/resources/**']. This is not recommended -- please use permitAll via HttpSecurity#authorizeHttpRequests instead.
2023-03-18 18:09:25,527 INFO org.springframework.security.web.DefaultSecurityFilterChain [restartedMain] Will not secure Ant [pattern='/resources/**']
2023-03-18 18:09:25,528 WARN org.springframework.security.config.annotation.web.builders.WebSecurity [restartedMain] You are asking Spring Security to ignore Ant [pattern='/static/**']. This is not recommended -- please use permitAll via HttpSecurity#authorizeHttpRequests instead.
2023-03-18 18:09:25,528 INFO org.springframework.security.web.DefaultSecurityFilterChain [restartedMain] Will not secure Ant [pattern='/static/**']
2023-03-18 18:09:25,528 WARN org.springframework.security.config.annotation.web.builders.WebSecurity [restartedMain] You are asking Spring Security to ignore Ant [pattern='/templates/**']. This is not recommended -- please use permitAll via HttpSecurity#authorizeHttpRequests instead.
2023-03-18 18:09:25,528 INFO org.springframework.security.web.DefaultSecurityFilterChain [restartedMain] Will not secure Ant [pattern='/templates/**']
2023-03-18 18:09:25,528 WARN org.springframework.security.config.annotation.web.builders.WebSecurity [restartedMain] You are asking Spring Security to ignore Ant [pattern='/css/**']. This is not recommended -- please use permitAll via HttpSecurity#authorizeHttpRequests instead.
2023-03-18 18:09:25,528 INFO org.springframework.security.web.DefaultSecurityFilterChain [restartedMain] Will not secure Ant [pattern='/css/**']
2023-03-18 18:09:25,529 WARN org.springframework.security.config.annotation.web.builders.WebSecurity [restartedMain] You are asking Spring Security to ignore Ant [pattern='/js/**']. This is not recommended -- please use permitAll via HttpSecurity#authorizeHttpRequests instead.
2023-03-18 18:09:25,529 INFO org.springframework.security.web.DefaultSecurityFilterChain [restartedMain] Will not secure Ant [pattern='/js/**']
2023-03-18 18:09:25,529 WARN org.springframework.security.config.annotation.web.builders.WebSecurity [restartedMain] You are asking Spring Security to ignore Ant [pattern='/images/**']. This is not recommended -- please use permitAll via HttpSecurity#authorizeHttpRequests instead.
2023-03-18 18:09:25,529 INFO org.springframework.security.web.DefaultSecurityFilterChain [restartedMain] Will not secure Ant [pattern='/images/**']
2023-03-18 18:09:25,529 WARN org.springframework.security.config.annotation.web.builders.WebSecurity [restartedMain] You are asking Spring Security to ignore Ant [pattern='/fonts/**']. This is not recommended -- please use permitAll via HttpSecurity#authorizeHttpRequests instead.
2023-03-18 18:09:25,529 INFO org.springframework.security.web.DefaultSecurityFilterChain [restartedMain] Will not secure Ant [pattern='/fonts/**']
2023-03-18 18:09:25,530 WARN org.springframework.security.config.annotation.web.builders.WebSecurity [restartedMain] You are asking Spring Security to ignore Ant [pattern='/webjars/**']. This is not recommended -- please use permitAll via HttpSecurity#authorizeHttpRequests instead.
2023-03-18 18:09:25,530 INFO org.springframework.security.web.DefaultSecurityFilterChain [restartedMain] Will not secure Ant [pattern='/webjars/**']
2023-03-18 18:09:25,530 WARN org.springframework.security.config.annotation.web.builders.WebSecurity [restartedMain] You are asking Spring Security to ignore Ant [pattern='/error/**']. This is not recommended -- please use permitAll via HttpSecurity#authorizeHttpRequests instead.
2023-03-18 18:09:25,530 INFO org.springframework.security.web.DefaultSecurityFilterChain [restartedMain] Will not secure Ant [pattern='/error/**']
2023-03-18 18:09:25,567 INFO org.springframework.security.web.DefaultSecurityFilterChain [restartedMain] Will secure any request with [org.springframework.security.web.session.DisableEncodeUrlFilter@5fd73c3c, org.springframework.security.web.context.request.async.WebAsyncManagerIntegrationFilter@6b230ece, org.springframework.security.web.context.SecurityContextPersistenceFilter@7f5504dc, org.springframework.security.web.header.HeaderWriterFilter@50ce717a, org.springframework.security.web.csrf.CsrfFilter@52a655aa, org.springframework.security.web.authentication.logout.LogoutFilter@507538dc, org.springframework.security.web.authentication.UsernamePasswordAuthenticationFilter@2c190923, org.springframework.security.web.savedrequest.RequestCacheAwareFilter@50cfe1e0, org.springframework.security.web.servletapi.SecurityContextHolderAwareRequestFilter@1e29f8b5, org.springframework.security.web.authentication.AnonymousAuthenticationFilter@f175298, org.springframework.security.web.session.SessionManagementFilter@183b333b, org.springframework.security.web.access.ExceptionTranslationFilter@4cf5f1d, org.springframework.security.web.access.intercept.FilterSecurityInterceptor@24d68bb3]
2023-03-18 18:09:25,638 INFO org.springframework.boot.autoconfigure.web.servlet.WelcomePageHandlerMapping [restartedMain] Adding welcome page template: index
2023-03-18 18:09:25,923 INFO org.springframework.boot.devtools.autoconfigure.OptionalLiveReloadServer [restartedMain] LiveReload server is running on port 35729
2023-03-18 18:09:25,927 INFO org.springframework.boot.actuate.endpoint.web.EndpointLinksResolver [restartedMain] Exposing 1 endpoint(s) beneath base path '/actuator'
2023-03-18 18:09:25,948 INFO org.apache.juli.logging.DirectJDKLog [restartedMain] Starting ProtocolHandler ["http-nio-8080"]
2023-03-18 18:09:25,964 INFO org.springframework.boot.web.embedded.tomcat.TomcatWebServer [restartedMain] Tomcat started on port(s): 8080 (http) with context path ''
2023-03-18 18:09:25,977 INFO org.springframework.boot.StartupInfoLogger [restartedMain] Started ProyectoApplication in 3.668 seconds (JVM running for 4.773)
2023-03-18 18:09:27,052 INFO org.apache.juli.logging.DirectJDKLog [RMI TCP Connection(3)-127.0.0.1] Initializing Spring DispatcherServlet 'dispatcherServlet'
2023-03-18 18:09:27,052 INFO org.springframework.web.servlet.FrameworkServlet [RMI TCP Connection(3)-127.0.0.1] Initializing Servlet 'dispatcherServlet'
2023-03-18 18:09:27,053 INFO org.springframework.web.servlet.FrameworkServlet [RMI TCP Connection(3)-127.0.0.1] Completed initialization in 1 ms
2023-03-18 18:29:00,173 INFO org.springframework.boot.devtools.autoconfigure.LocalDevToolsAutoConfiguration$RestartingClassPathChangeChangedEventListener [File Watcher] Restarting due to 1 class path change (0 additions, 0 deletions, 1 modification)
2023-03-18 18:29:00,181 INFO org.apache.juli.logging.DirectJDKLog [Thread-5] Pausing ProtocolHandler ["http-nio-8080"]
2023-03-18 18:29:00,181 INFO org.apache.juli.logging.DirectJDKLog [Thread-5] Stopping service [Tomcat]
2023-03-18 18:29:00,182 INFO org.apache.juli.logging.DirectJDKLog [Thread-5] Destroying Spring FrameworkServlet 'dispatcherServlet'
2023-03-18 18:29:00,185 INFO org.apache.juli.logging.DirectJDKLog [Thread-5] Stopping ProtocolHandler ["http-nio-8080"]
2023-03-18 18:29:00,186 INFO org.apache.juli.logging.DirectJDKLog [Thread-5] Destroying ProtocolHandler ["http-nio-8080"]
2023-03-18 18:29:00,192 INFO org.springframework.orm.jpa.AbstractEntityManagerFactoryBean [Thread-5] Closing JPA EntityManagerFactory for persistence unit 'default'
2023-03-18 18:29:00,195 INFO com.zaxxer.hikari.HikariDataSource [Thread-5] HikariPool-1 - Shutdown initiated...
2023-03-18 18:29:00,202 INFO com.zaxxer.hikari.HikariDataSource [Thread-5] HikariPool-1 - Shutdown completed.
2023-03-18 18:29:00,269 INFO org.springframework.boot.StartupInfoLogger [restartedMain] Starting ProyectoApplication using Java 17.0.3.1 on DESKTOP-U83I70G with PID 10248 (E:\springboot\proyecto\target\classes started by jsusi in E:\springboot\proyecto)
2023-03-18 18:29:00,269 INFO org.springframework.boot.SpringApplication [restartedMain] No active profile set, falling back to 1 default profile: "default"
2023-03-18 18:29:00,469 INFO org.springframework.data.repository.config.RepositoryConfigurationDelegate [restartedMain] Multiple Spring Data modules found, entering strict repository configuration mode
2023-03-18 18:29:00,469 INFO org.springframework.data.repository.config.RepositoryConfigurationDelegate [restartedMain] Bootstrapping Spring Data JDBC repositories in DEFAULT mode.
2023-03-18 18:29:00,474 INFO org.springframework.data.repository.config.RepositoryConfigurationExtensionSupport [restartedMain] Spring Data JDBC - Could not safely identify store assignment for repository candidate interface com.tokioschool.web.repository.FilmRepository; If you want this repository to be a JDBC repository, consider annotating your entities with one of these annotations: org.springframework.data.relational.core.mapping.Table.
2023-03-18 18:29:00,475 INFO org.springframework.data.repository.config.RepositoryConfigurationExtensionSupport [restartedMain] Spring Data JDBC - Could not safely identify store assignment for repository candidate interface com.tokioschool.web.repository.PersonRepository; If you want this repository to be a JDBC repository, consider annotating your entities with one of these annotations: org.springframework.data.relational.core.mapping.Table.
2023-03-18 18:29:00,476 INFO org.springframework.data.repository.config.RepositoryConfigurationExtensionSupport [restartedMain] Spring Data JDBC - Could not safely identify store assignment for repository candidate interface com.tokioschool.web.repository.ReviewRepository; If you want this repository to be a JDBC repository, consider annotating your entities with one of these annotations: org.springframework.data.relational.core.mapping.Table.
2023-03-18 18:29:00,477 INFO org.springframework.data.repository.config.RepositoryConfigurationExtensionSupport [restartedMain] Spring Data JDBC - Could not safely identify store assignment for repository candidate interface com.tokioschool.web.repository.RoleRepository; If you want this repository to be a JDBC repository, consider annotating your entities with one of these annotations: org.springframework.data.relational.core.mapping.Table.
2023-03-18 18:29:00,477 INFO org.springframework.data.repository.config.RepositoryConfigurationExtensionSupport [restartedMain] Spring Data JDBC - Could not safely identify store assignment for repository candidate interface com.tokioschool.web.repository.ScoreRepository; If you want this repository to be a JDBC repository, consider annotating your entities with one of these annotations: org.springframework.data.relational.core.mapping.Table.
2023-03-18 18:29:00,478 INFO org.springframework.data.repository.config.RepositoryConfigurationExtensionSupport [restartedMain] Spring Data JDBC - Could not safely identify store assignment for repository candidate interface com.tokioschool.web.repository.UserRepository; If you want this repository to be a JDBC repository, consider annotating your entities with one of these annotations: org.springframework.data.relational.core.mapping.Table.
2023-03-18 18:29:00,478 INFO org.springframework.data.repository.config.RepositoryConfigurationDelegate [restartedMain] Finished Spring Data repository scanning in 8 ms. Found 0 JDBC repository interfaces.
2023-03-18 18:29:00,481 INFO org.springframework.data.repository.config.RepositoryConfigurationDelegate [restartedMain] Multiple Spring Data modules found, entering strict repository configuration mode
2023-03-18 18:29:00,481 INFO org.springframework.data.repository.config.RepositoryConfigurationDelegate [restartedMain] Bootstrapping Spring Data JPA repositories in DEFAULT mode.
2023-03-18 18:29:00,491 INFO org.springframework.data.repository.config.RepositoryConfigurationDelegate [restartedMain] Finished Spring Data repository scanning in 10 ms. Found 6 JPA repository interfaces.
2023-03-18 18:29:00,563 INFO org.springframework.boot.web.embedded.tomcat.TomcatWebServer [restartedMain] Tomcat initialized with port(s): 8080 (http)
2023-03-18 18:29:00,563 INFO org.apache.juli.logging.DirectJDKLog [restartedMain] Initializing ProtocolHandler ["http-nio-8080"]
2023-03-18 18:29:00,564 INFO org.apache.juli.logging.DirectJDKLog [restartedMain] Starting service [Tomcat]
2023-03-18 18:29:00,564 INFO org.apache.juli.logging.DirectJDKLog [restartedMain] Starting Servlet engine: [Apache Tomcat/9.0.69]
2023-03-18 18:29:00,591 INFO org.apache.juli.logging.DirectJDKLog [restartedMain] Initializing Spring embedded WebApplicationContext
2023-03-18 18:29:00,591 INFO org.springframework.boot.web.servlet.context.ServletWebServerApplicationContext [restartedMain] Root WebApplicationContext: initialization completed in 320 ms
2023-03-18 18:29:00,645 INFO org.hibernate.jpa.internal.util.LogHelper [restartedMain] HHH000204: Processing PersistenceUnitInfo [name: default]
2023-03-18 18:29:00,649 INFO com.zaxxer.hikari.HikariDataSource [restartedMain] HikariPool-2 - Starting...
2023-03-18 18:29:00,652 INFO com.zaxxer.hikari.HikariDataSource [restartedMain] HikariPool-2 - Start completed.
2023-03-18 18:29:00,652 INFO org.hibernate.dialect.Dialect [restartedMain] HHH000400: Using dialect: org.hibernate.dialect.MySQL55Dialect
2023-03-18 18:29:00,751 INFO org.hibernate.engine.transaction.jta.platform.internal.JtaPlatformInitiator [restartedMain] HHH000490: Using JtaPlatform implementation: [org.hibernate.engine.transaction.jta.platform.internal.NoJtaPlatform]
2023-03-18 18:29:00,751 INFO org.springframework.orm.jpa.AbstractEntityManagerFactoryBean [restartedMain] Initialized JPA EntityManagerFactory for persistence unit 'default'
2023-03-18 18:29:00,874 WARN org.springframework.boot.autoconfigure.orm.jpa.JpaBaseConfiguration$JpaWebConfiguration [restartedMain] spring.jpa.open-in-view is enabled by default. Therefore, database queries may be performed during view rendering. Explicitly configure spring.jpa.open-in-view to disable this warning
2023-03-18 18:29:00,880 INFO com.tokioschool.web.config.FilmImageConfig [restartedMain] Comprobamos existencia directorio
2023-03-18 18:29:00,909 WARN org.springframework.security.config.annotation.web.builders.WebSecurity [restartedMain] You are asking Spring Security to ignore Ant [pattern='/resources/**']. This is not recommended -- please use permitAll via HttpSecurity#authorizeHttpRequests instead.
2023-03-18 18:29:00,909 INFO org.springframework.security.web.DefaultSecurityFilterChain [restartedMain] Will not secure Ant [pattern='/resources/**']
2023-03-18 18:29:00,909 WARN org.springframework.security.config.annotation.web.builders.WebSecurity [restartedMain] You are asking Spring Security to ignore Ant [pattern='/static/**']. This is not recommended -- please use permitAll via HttpSecurity#authorizeHttpRequests instead.
2023-03-18 18:29:00,909 INFO org.springframework.security.web.DefaultSecurityFilterChain [restartedMain] Will not secure Ant [pattern='/static/**']
2023-03-18 18:29:00,909 WARN org.springframework.security.config.annotation.web.builders.WebSecurity [restartedMain] You are asking Spring Security to ignore Ant [pattern='/templates/**']. This is not recommended -- please use permitAll via HttpSecurity#authorizeHttpRequests instead.
2023-03-18 18:29:00,909 INFO org.springframework.security.web.DefaultSecurityFilterChain [restartedMain] Will not secure Ant [pattern='/templates/**']
2023-03-18 18:29:00,909 WARN org.springframework.security.config.annotation.web.builders.WebSecurity [restartedMain] You are asking Spring Security to ignore Ant [pattern='/css/**']. This is not recommended -- please use permitAll via HttpSecurity#authorizeHttpRequests instead.
2023-03-18 18:29:00,909 INFO org.springframework.security.web.DefaultSecurityFilterChain [restartedMain] Will not secure Ant [pattern='/css/**']
2023-03-18 18:29:00,909 WARN org.springframework.security.config.annotation.web.builders.WebSecurity [restartedMain] You are asking Spring Security to ignore Ant [pattern='/js/**']. This is not recommended -- please use permitAll via HttpSecurity#authorizeHttpRequests instead.
2023-03-18 18:29:00,909 INFO org.springframework.security.web.DefaultSecurityFilterChain [restartedMain] Will not secure Ant [pattern='/js/**']
2023-03-18 18:29:00,910 WARN org.springframework.security.config.annotation.web.builders.WebSecurity [restartedMain] You are asking Spring Security to ignore Ant [pattern='/images/**']. This is not recommended -- please use permitAll via HttpSecurity#authorizeHttpRequests instead.
2023-03-18 18:29:00,910 INFO org.springframework.security.web.DefaultSecurityFilterChain [restartedMain] Will not secure Ant [pattern='/images/**']
2023-03-18 18:29:00,910 WARN org.springframework.security.config.annotation.web.builders.WebSecurity [restartedMain] You are asking Spring Security to ignore Ant [pattern='/fonts/**']. This is not recommended -- please use permitAll via HttpSecurity#authorizeHttpRequests instead.
2023-03-18 18:29:00,910 INFO org.springframework.security.web.DefaultSecurityFilterChain [restartedMain] Will not secure Ant [pattern='/fonts/**']
2023-03-18 18:29:00,910 WARN org.springframework.security.config.annotation.web.builders.WebSecurity [restartedMain] You are asking Spring Security to ignore Ant [pattern='/webjars/**']. This is not recommended -- please use permitAll via HttpSecurity#authorizeHttpRequests instead.
2023-03-18 18:29:00,910 INFO org.springframework.security.web.DefaultSecurityFilterChain [restartedMain] Will not secure Ant [pattern='/webjars/**']
2023-03-18 18:29:00,910 WARN org.springframework.security.config.annotation.web.builders.WebSecurity [restartedMain] You are asking Spring Security to ignore Ant [pattern='/error/**']. This is not recommended -- please use permitAll via HttpSecurity#authorizeHttpRequests instead.
2023-03-18 18:29:00,910 INFO org.springframework.security.web.DefaultSecurityFilterChain [restartedMain] Will not secure Ant [pattern='/error/**']
2023-03-18 18:29:00,916 INFO org.springframework.security.web.DefaultSecurityFilterChain [restartedMain] Will secure any request with [org.springframework.security.web.session.DisableEncodeUrlFilter@556e3495, org.springframework.security.web.context.request.async.WebAsyncManagerIntegrationFilter@e60a767, org.springframework.security.web.context.SecurityContextPersistenceFilter@687a494d, org.springframework.security.web.header.HeaderWriterFilter@5bb0e00e, org.springframework.security.web.csrf.CsrfFilter@53494a61, org.springframework.security.web.authentication.logout.LogoutFilter@4d153bc4, org.springframework.security.web.authentication.UsernamePasswordAuthenticationFilter@36163efb, org.springframework.security.web.savedrequest.RequestCacheAwareFilter@12490b9e, org.springframework.security.web.servletapi.SecurityContextHolderAwareRequestFilter@4e252949, org.springframework.security.web.authentication.AnonymousAuthenticationFilter@18598d86, org.springframework.security.web.session.SessionManagementFilter@71f90f51, org.springframework.security.web.access.ExceptionTranslationFilter@4ffd6da, org.springframework.security.web.access.intercept.FilterSecurityInterceptor@444a5cb9]
2023-03-18 18:29:00,936 INFO org.springframework.boot.autoconfigure.web.servlet.WelcomePageHandlerMapping [restartedMain] Adding welcome page template: index
2023-03-18 18:29:01,032 INFO org.springframework.boot.devtools.autoconfigure.OptionalLiveReloadServer [restartedMain] LiveReload server is running on port 35729
2023-03-18 18:29:01,035 INFO org.springframework.boot.actuate.endpoint.web.EndpointLinksResolver [restartedMain] Exposing 1 endpoint(s) beneath base path '/actuator'
2023-03-18 18:29:01,047 INFO org.apache.juli.logging.DirectJDKLog [restartedMain] Starting ProtocolHandler ["http-nio-8080"]
2023-03-18 18:29:01,049 INFO org.springframework.boot.web.embedded.tomcat.TomcatWebServer [restartedMain] Tomcat started on port(s): 8080 (http) with context path ''
2023-03-18 18:29:01,057 INFO org.springframework.boot.StartupInfoLogger [restartedMain] Started ProyectoApplication in 0.813 seconds (JVM running for 1179.853)
2023-03-18 18:29:01,060 INFO org.springframework.boot.devtools.autoconfigure.ConditionEvaluationDeltaLoggingListener [restartedMain] Condition evaluation unchanged
2023-03-18 18:29:05,423 INFO org.apache.juli.logging.DirectJDKLog [http-nio-8080-exec-1] Initializing Spring DispatcherServlet 'dispatcherServlet'
2023-03-18 18:29:05,423 INFO org.springframework.web.servlet.FrameworkServlet [http-nio-8080-exec-1] Initializing Servlet 'dispatcherServlet'
2023-03-18 18:29:05,425 INFO org.springframework.web.servlet.FrameworkServlet [http-nio-8080-exec-1] Completed initialization in 2 ms
2023-03-18 18:29:58,854 INFO org.springframework.boot.devtools.autoconfigure.LocalDevToolsAutoConfiguration$RestartingClassPathChangeChangedEventListener [File Watcher] Restarting due to 1 class path change (0 additions, 0 deletions, 1 modification)
2023-03-18 18:29:58,859 INFO org.apache.juli.logging.DirectJDKLog [Thread-7] Pausing ProtocolHandler ["http-nio-8080"]
2023-03-18 18:29:58,859 INFO org.apache.juli.logging.DirectJDKLog [Thread-7] Stopping service [Tomcat]
2023-03-18 18:29:58,859 INFO org.apache.juli.logging.DirectJDKLog [Thread-7] Destroying Spring FrameworkServlet 'dispatcherServlet'
2023-03-18 18:29:58,861 INFO org.apache.juli.logging.DirectJDKLog [Thread-7] Stopping ProtocolHandler ["http-nio-8080"]
2023-03-18 18:29:58,862 INFO org.apache.juli.logging.DirectJDKLog [Thread-7] Destroying ProtocolHandler ["http-nio-8080"]
2023-03-18 18:29:58,865 INFO org.springframework.orm.jpa.AbstractEntityManagerFactoryBean [Thread-7] Closing JPA EntityManagerFactory for persistence unit 'default'
2023-03-18 18:29:58,865 INFO com.zaxxer.hikari.HikariDataSource [Thread-7] HikariPool-2 - Shutdown initiated...
2023-03-18 18:29:58,867 INFO com.zaxxer.hikari.HikariDataSource [Thread-7] HikariPool-2 - Shutdown completed.
2023-03-18 18:29:58,936 INFO org.springframework.boot.StartupInfoLogger [restartedMain] Starting ProyectoApplication using Java 17.0.3.1 on DESKTOP-U83I70G with PID 10248 (E:\springboot\proyecto\target\classes started by jsusi in E:\springboot\proyecto)
2023-03-18 18:29:58,936 INFO org.springframework.boot.SpringApplication [restartedMain] No active profile set, falling back to 1 default profile: "default"
2023-03-18 18:29:59,125 INFO org.springframework.data.repository.config.RepositoryConfigurationDelegate [restartedMain] Multiple Spring Data modules found, entering strict repository configuration mode
2023-03-18 18:29:59,125 INFO org.springframework.data.repository.config.RepositoryConfigurationDelegate [restartedMain] Bootstrapping Spring Data JDBC repositories in DEFAULT mode.
2023-03-18 18:29:59,129 INFO org.springframework.data.repository.config.RepositoryConfigurationExtensionSupport [restartedMain] Spring Data JDBC - Could not safely identify store assignment for repository candidate interface com.tokioschool.web.repository.FilmRepository; If you want this repository to be a JDBC repository, consider annotating your entities with one of these annotations: org.springframework.data.relational.core.mapping.Table.
2023-03-18 18:29:59,130 INFO org.springframework.data.repository.config.RepositoryConfigurationExtensionSupport [restartedMain] Spring Data JDBC - Could not safely identify store assignment for repository candidate interface com.tokioschool.web.repository.PersonRepository; If you want this repository to be a JDBC repository, consider annotating your entities with one of these annotations: org.springframework.data.relational.core.mapping.Table.
2023-03-18 18:29:59,130 INFO org.springframework.data.repository.config.RepositoryConfigurationExtensionSupport [restartedMain] Spring Data JDBC - Could not safely identify store assignment for repository candidate interface com.tokioschool.web.repository.ReviewRepository; If you want this repository to be a JDBC repository, consider annotating your entities with one of these annotations: org.springframework.data.relational.core.mapping.Table.
2023-03-18 18:29:59,131 INFO org.springframework.data.repository.config.RepositoryConfigurationExtensionSupport [restartedMain] Spring Data JDBC - Could not safely identify store assignment for repository candidate interface com.tokioschool.web.repository.RoleRepository; If you want this repository to be a JDBC repository, consider annotating your entities with one of these annotations: org.springframework.data.relational.core.mapping.Table.
2023-03-18 18:29:59,132 INFO org.springframework.data.repository.config.RepositoryConfigurationExtensionSupport [restartedMain] Spring Data JDBC - Could not safely identify store assignment for repository candidate interface com.tokioschool.web.repository.ScoreRepository; If you want this repository to be a JDBC repository, consider annotating your entities with one of these annotations: org.springframework.data.relational.core.mapping.Table.
2023-03-18 18:29:59,132 INFO org.springframework.data.repository.config.RepositoryConfigurationExtensionSupport [restartedMain] Spring Data JDBC - Could not safely identify store assignment for repository candidate interface com.tokioschool.web.repository.UserRepository; If you want this repository to be a JDBC repository, consider annotating your entities with one of these annotations: org.springframework.data.relational.core.mapping.Table.
2023-03-18 18:29:59,132 INFO org.springframework.data.repository.config.RepositoryConfigurationDelegate [restartedMain] Finished Spring Data repository scanning in 7 ms. Found 0 JDBC repository interfaces.
2023-03-18 18:29:59,135 INFO org.springframework.data.repository.config.RepositoryConfigurationDelegate [restartedMain] Multiple Spring Data modules found, entering strict repository configuration mode
2023-03-18 18:29:59,135 INFO org.springframework.data.repository.config.RepositoryConfigurationDelegate [restartedMain] Bootstrapping Spring Data JPA repositories in DEFAULT mode.
2023-03-18 18:29:59,145 INFO org.springframework.data.repository.config.RepositoryConfigurationDelegate [restartedMain] Finished Spring Data repository scanning in 9 ms. Found 6 JPA repository interfaces.
2023-03-18 18:29:59,205 INFO org.springframework.boot.web.embedded.tomcat.TomcatWebServer [restartedMain] Tomcat initialized with port(s): 8080 (http)
2023-03-18 18:29:59,206 INFO org.apache.juli.logging.DirectJDKLog [restartedMain] Initializing ProtocolHandler ["http-nio-8080"]
2023-03-18 18:29:59,206 INFO org.apache.juli.logging.DirectJDKLog [restartedMain] Starting service [Tomcat]
2023-03-18 18:29:59,206 INFO org.apache.juli.logging.DirectJDKLog [restartedMain] Starting Servlet engine: [Apache Tomcat/9.0.69]
2023-03-18 18:29:59,220 INFO org.apache.juli.logging.DirectJDKLog [restartedMain] Initializing Spring embedded WebApplicationContext
2023-03-18 18:29:59,220 INFO org.springframework.boot.web.servlet.context.ServletWebServerApplicationContext [restartedMain] Root WebApplicationContext: initialization completed in 283 ms
2023-03-18 18:29:59,266 INFO org.hibernate.jpa.internal.util.LogHelper [restartedMain] HHH000204: Processing PersistenceUnitInfo [name: default]
2023-03-18 18:29:59,269 INFO com.zaxxer.hikari.HikariDataSource [restartedMain] HikariPool-3 - Starting...
2023-03-18 18:29:59,272 INFO com.zaxxer.hikari.HikariDataSource [restartedMain] HikariPool-3 - Start completed.
2023-03-18 18:29:59,272 INFO org.hibernate.dialect.Dialect [restartedMain] HHH000400: Using dialect: org.hibernate.dialect.MySQL55Dialect
2023-03-18 18:29:59,364 INFO org.hibernate.engine.transaction.jta.platform.internal.JtaPlatformInitiator [restartedMain] HHH000490: Using JtaPlatform implementation: [org.hibernate.engine.transaction.jta.platform.internal.NoJtaPlatform]
2023-03-18 18:29:59,365 INFO org.springframework.orm.jpa.AbstractEntityManagerFactoryBean [restartedMain] Initialized JPA EntityManagerFactory for persistence unit 'default'
2023-03-18 18:29:59,481 WARN org.springframework.boot.autoconfigure.orm.jpa.JpaBaseConfiguration$JpaWebConfiguration [restartedMain] spring.jpa.open-in-view is enabled by default. Therefore, database queries may be performed during view rendering. Explicitly configure spring.jpa.open-in-view to disable this warning
2023-03-18 18:29:59,487 INFO com.tokioschool.web.config.FilmImageConfig [restartedMain] Comprobamos existencia directorio
2023-03-18 18:29:59,518 WARN org.springframework.security.config.annotation.web.builders.WebSecurity [restartedMain] You are asking Spring Security to ignore Ant [pattern='/resources/**']. This is not recommended -- please use permitAll via HttpSecurity#authorizeHttpRequests instead.
2023-03-18 18:29:59,519 INFO org.springframework.security.web.DefaultSecurityFilterChain [restartedMain] Will not secure Ant [pattern='/resources/**']
2023-03-18 18:29:59,519 WARN org.springframework.security.config.annotation.web.builders.WebSecurity [restartedMain] You are asking Spring Security to ignore Ant [pattern='/static/**']. This is not recommended -- please use permitAll via HttpSecurity#authorizeHttpRequests instead.
2023-03-18 18:29:59,519 INFO org.springframework.security.web.DefaultSecurityFilterChain [restartedMain] Will not secure Ant [pattern='/static/**']
2023-03-18 18:29:59,520 WARN org.springframework.security.config.annotation.web.builders.WebSecurity [restartedMain] You are asking Spring Security to ignore Ant [pattern='/templates/**']. This is not recommended -- please use permitAll via HttpSecurity#authorizeHttpRequests instead.
2023-03-18 18:29:59,520 INFO org.springframework.security.web.DefaultSecurityFilterChain [restartedMain] Will not secure Ant [pattern='/templates/**']
2023-03-18 18:29:59,520 WARN org.springframework.security.config.annotation.web.builders.WebSecurity [restartedMain] You are asking Spring Security to ignore Ant [pattern='/css/**']. This is not recommended -- please use permitAll via HttpSecurity#authorizeHttpRequests instead.
2023-03-18 18:29:59,520 INFO org.springframework.security.web.DefaultSecurityFilterChain [restartedMain] Will not secure Ant [pattern='/css/**']
2023-03-18 18:29:59,520 WARN org.springframework.security.config.annotation.web.builders.WebSecurity [restartedMain] You are asking Spring Security to ignore Ant [pattern='/js/**']. This is not recommended -- please use permitAll via HttpSecurity#authorizeHttpRequests instead.
2023-03-18 18:29:59,520 INFO org.springframework.security.web.DefaultSecurityFilterChain [restartedMain] Will not secure Ant [pattern='/js/**']
2023-03-18 18:29:59,520 WARN org.springframework.security.config.annotation.web.builders.WebSecurity [restartedMain] You are asking Spring Security to ignore Ant [pattern='/images/**']. This is not recommended -- please use permitAll via HttpSecurity#authorizeHttpRequests instead.
2023-03-18 18:29:59,520 INFO org.springframework.security.web.DefaultSecurityFilterChain [restartedMain] Will not secure Ant [pattern='/images/**']
2023-03-18 18:29:59,520 WARN org.springframework.security.config.annotation.web.builders.WebSecurity [restartedMain] You are asking Spring Security to ignore Ant [pattern='/fonts/**']. This is not recommended -- please use permitAll via HttpSecurity#authorizeHttpRequests instead.
2023-03-18 18:29:59,520 INFO org.springframework.security.web.DefaultSecurityFilterChain [restartedMain] Will not secure Ant [pattern='/fonts/**']
2023-03-18 18:29:59,520 WARN org.springframework.security.config.annotation.web.builders.WebSecurity [restartedMain] You are asking Spring Security to ignore Ant [pattern='/webjars/**']. This is not recommended -- please use permitAll via HttpSecurity#authorizeHttpRequests instead.
2023-03-18 18:29:59,520 INFO org.springframework.security.web.DefaultSecurityFilterChain [restartedMain] Will not secure Ant [pattern='/webjars/**']
2023-03-18 18:29:59,520 WARN org.springframework.security.config.annotation.web.builders.WebSecurity [restartedMain] You are asking Spring Security to ignore Ant [pattern='/error/**']. This is not recommended -- please use permitAll via HttpSecurity#authorizeHttpRequests instead.
2023-03-18 18:29:59,520 INFO org.springframework.security.web.DefaultSecurityFilterChain [restartedMain] Will not secure Ant [pattern='/error/**']
2023-03-18 18:29:59,525 INFO org.springframework.security.web.DefaultSecurityFilterChain [restartedMain] Will secure any request with [org.springframework.security.web.session.DisableEncodeUrlFilter@7a3d7c48, org.springframework.security.web.context.request.async.WebAsyncManagerIntegrationFilter@21f983b1, org.springframework.security.web.context.SecurityContextPersistenceFilter@71f249e1, org.springframework.security.web.header.HeaderWriterFilter@41b36650, org.springframework.security.web.csrf.CsrfFilter@28eb6b8b, org.springframework.security.web.authentication.logout.LogoutFilter@6a2d6f44, org.springframework.security.web.authentication.UsernamePasswordAuthenticationFilter@444aeb00, org.springframework.security.web.savedrequest.RequestCacheAwareFilter@6742159d, org.springframework.security.web.servletapi.SecurityContextHolderAwareRequestFilter@3d196ec3, org.springframework.security.web.authentication.AnonymousAuthenticationFilter@7d4c3b87, org.springframework.security.web.session.SessionManagementFilter@2b6dd0f, org.springframework.security.web.access.ExceptionTranslationFilter@2807c436, org.springframework.security.web.access.intercept.FilterSecurityInterceptor@6147a5cc]
2023-03-18 18:29:59,540 INFO org.springframework.boot.autoconfigure.web.servlet.WelcomePageHandlerMapping [restartedMain] Adding welcome page template: index
2023-03-18 18:29:59,628 INFO org.springframework.boot.devtools.autoconfigure.OptionalLiveReloadServer [restartedMain] LiveReload server is running on port 35729
2023-03-18 18:29:59,631 INFO org.springframework.boot.actuate.endpoint.web.EndpointLinksResolver [restartedMain] Exposing 1 endpoint(s) beneath base path '/actuator'
2023-03-18 18:29:59,643 INFO org.apache.juli.logging.DirectJDKLog [restartedMain] Starting ProtocolHandler ["http-nio-8080"]
2023-03-18 18:29:59,646 INFO org.springframework.boot.web.embedded.tomcat.TomcatWebServer [restartedMain] Tomcat started on port(s): 8080 (http) with context path ''
2023-03-18 18:29:59,653 INFO org.springframework.boot.StartupInfoLogger [restartedMain] Started ProyectoApplication in 0.741 seconds (JVM running for 1238.449)
2023-03-18 18:29:59,655 INFO org.springframework.boot.devtools.autoconfigure.ConditionEvaluationDeltaLoggingListener [restartedMain] Condition evaluation unchanged
2023-03-18 18:30:00,607 INFO org.apache.juli.logging.DirectJDKLog [http-nio-8080-exec-1] Initializing Spring DispatcherServlet 'dispatcherServlet'
2023-03-18 18:30:00,607 INFO org.springframework.web.servlet.FrameworkServlet [http-nio-8080-exec-1] Initializing Servlet 'dispatcherServlet'
2023-03-18 18:30:00,608 INFO org.springframework.web.servlet.FrameworkServlet [http-nio-8080-exec-1] Completed initialization in 1 ms
2023-03-18 18:34:37,116 WARN org.springframework.web.servlet.handler.AbstractHandlerExceptionResolver [http-nio-8080-exec-9] Resolved [java.util.NoSuchElementException: No value present]
2023-03-18 18:35:03,906 WARN org.springframework.web.servlet.handler.AbstractHandlerExceptionResolver [http-nio-8080-exec-4] Resolved [java.util.NoSuchElementException: No value present]
2023-03-18 18:35:20,650 INFO org.springframework.boot.admin.SpringApplicationAdminMXBeanRegistrar$SpringApplicationAdmin [RMI TCP Connection(35)-127.0.0.1] Application shutdown requested.
2023-03-18 18:35:20,655 INFO org.apache.juli.logging.DirectJDKLog [RMI TCP Connection(35)-127.0.0.1] Pausing ProtocolHandler ["http-nio-8080"]
2023-03-18 18:35:20,655 INFO org.apache.juli.logging.DirectJDKLog [RMI TCP Connection(35)-127.0.0.1] Stopping service [Tomcat]
2023-03-18 18:35:20,655 INFO org.apache.juli.logging.DirectJDKLog [RMI TCP Connection(35)-127.0.0.1] Destroying Spring FrameworkServlet 'dispatcherServlet'
2023-03-18 18:35:20,657 INFO org.apache.juli.logging.DirectJDKLog [RMI TCP Connection(35)-127.0.0.1] Stopping ProtocolHandler ["http-nio-8080"]
2023-03-18 18:35:20,658 INFO org.apache.juli.logging.DirectJDKLog [RMI TCP Connection(35)-127.0.0.1] Destroying ProtocolHandler ["http-nio-8080"]
2023-03-18 18:35:20,660 INFO org.springframework.orm.jpa.AbstractEntityManagerFactoryBean [RMI TCP Connection(35)-127.0.0.1] Closing JPA EntityManagerFactory for persistence unit 'default'
2023-03-18 18:35:20,661 INFO com.zaxxer.hikari.HikariDataSource [RMI TCP Connection(35)-127.0.0.1] HikariPool-3 - Shutdown initiated...
2023-03-18 18:35:20,663 INFO com.zaxxer.hikari.HikariDataSource [RMI TCP Connection(35)-127.0.0.1] HikariPool-3 - Shutdown completed.
2023-03-18 18:35:29,821 INFO org.springframework.boot.StartupInfoLogger [restartedMain] Starting ProyectoApplication using Java 17.0.3.1 on DESKTOP-U83I70G with PID 11180 (E:\springboot\proyecto\target\classes started by jsusi in E:\springboot\proyecto)
2023-03-18 18:35:29,822 INFO org.springframework.boot.SpringApplication [restartedMain] No active profile set, falling back to 1 default profile: "default"
2023-03-18 18:35:29,853 INFO org.springframework.boot.logging.DeferredLog [restartedMain] Devtools property defaults active! Set 'spring.devtools.add-properties' to 'false' to disable
2023-03-18 18:35:29,853 INFO org.springframework.boot.logging.DeferredLog [restartedMain] For additional web related logging consider setting the 'logging.level.web' property to 'DEBUG'
2023-03-18 18:35:30,441 INFO org.springframework.data.repository.config.RepositoryConfigurationDelegate [restartedMain] Multiple Spring Data modules found, entering strict repository configuration mode
2023-03-18 18:35:30,442 INFO org.springframework.data.repository.config.RepositoryConfigurationDelegate [restartedMain] Bootstrapping Spring Data JDBC repositories in DEFAULT mode.
2023-03-18 18:35:30,462 INFO org.springframework.data.repository.config.RepositoryConfigurationExtensionSupport [restartedMain] Spring Data JDBC - Could not safely identify store assignment for repository candidate interface com.tokioschool.web.repository.FilmRepository; If you want this repository to be a JDBC repository, consider annotating your entities with one of these annotations: org.springframework.data.relational.core.mapping.Table.
2023-03-18 18:35:30,463 INFO org.springframework.data.repository.config.RepositoryConfigurationExtensionSupport [restartedMain] Spring Data JDBC - Could not safely identify store assignment for repository candidate interface com.tokioschool.web.repository.PersonRepository; If you want this repository to be a JDBC repository, consider annotating your entities with one of these annotations: org.springframework.data.relational.core.mapping.Table.
2023-03-18 18:35:30,463 INFO org.springframework.data.repository.config.RepositoryConfigurationExtensionSupport [restartedMain] Spring Data JDBC - Could not safely identify store assignment for repository candidate interface com.tokioschool.web.repository.ReviewRepository; If you want this repository to be a JDBC repository, consider annotating your entities with one of these annotations: org.springframework.data.relational.core.mapping.Table.
2023-03-18 18:35:30,463 INFO org.springframework.data.repository.config.RepositoryConfigurationExtensionSupport [restartedMain] Spring Data JDBC - Could not safely identify store assignment for repository candidate interface com.tokioschool.web.repository.RoleRepository; If you want this repository to be a JDBC repository, consider annotating your entities with one of these annotations: org.springframework.data.relational.core.mapping.Table.
2023-03-18 18:35:30,464 INFO org.springframework.data.repository.config.RepositoryConfigurationExtensionSupport [restartedMain] Spring Data JDBC - Could not safely identify store assignment for repository candidate interface com.tokioschool.web.repository.ScoreRepository; If you want this repository to be a JDBC repository, consider annotating your entities with one of these annotations: org.springframework.data.relational.core.mapping.Table.
2023-03-18 18:35:30,465 INFO org.springframework.data.repository.config.RepositoryConfigurationExtensionSupport [restartedMain] Spring Data JDBC - Could not safely identify store assignment for repository candidate interface com.tokioschool.web.repository.UserRepository; If you want this repository to be a JDBC repository, consider annotating your entities with one of these annotations: org.springframework.data.relational.core.mapping.Table.
2023-03-18 18:35:30,466 INFO org.springframework.data.repository.config.RepositoryConfigurationDelegate [restartedMain] Finished Spring Data repository scanning in 21 ms. Found 0 JDBC repository interfaces.
2023-03-18 18:35:30,471 INFO org.springframework.data.repository.config.RepositoryConfigurationDelegate [restartedMain] Multiple Spring Data modules found, entering strict repository configuration mode
2023-03-18 18:35:30,472 INFO org.springframework.data.repository.config.RepositoryConfigurationDelegate [restartedMain] Bootstrapping Spring Data JPA repositories in DEFAULT mode.
2023-03-18 18:35:30,499 INFO org.springframework.data.repository.config.RepositoryConfigurationDelegate [restartedMain] Finished Spring Data repository scanning in 23 ms. Found 6 JPA repository interfaces.
2023-03-18 18:35:30,901 INFO org.springframework.boot.web.embedded.tomcat.TomcatWebServer [restartedMain] Tomcat initialized with port(s): 8080 (http)
2023-03-18 18:35:30,907 INFO org.apache.juli.logging.DirectJDKLog [restartedMain] Initializing ProtocolHandler ["http-nio-8080"]
2023-03-18 18:35:30,908 INFO org.apache.juli.logging.DirectJDKLog [restartedMain] Starting service [Tomcat]
2023-03-18 18:35:30,908 INFO org.apache.juli.logging.DirectJDKLog [restartedMain] Starting Servlet engine: [Apache Tomcat/9.0.69]
2023-03-18 18:35:30,971 INFO org.apache.juli.logging.DirectJDKLog [restartedMain] Initializing Spring embedded WebApplicationContext
2023-03-18 18:35:30,971 INFO org.springframework.boot.web.servlet.context.ServletWebServerApplicationContext [restartedMain] Root WebApplicationContext: initialization completed in 1117 ms
2023-03-18 18:35:31,179 INFO org.hibernate.jpa.internal.util.LogHelper [restartedMain] HHH000204: Processing PersistenceUnitInfo [name: default]
2023-03-18 18:35:31,210 INFO org.hibernate.Version [restartedMain] HHH000412: Hibernate ORM core version 5.6.14.Final
2023-03-18 18:35:31,316 INFO org.hibernate.annotations.common.reflection.java.JavaReflectionManager [restartedMain] HCANN000001: Hibernate Commons Annotations {5.1.2.Final}
2023-03-18 18:35:31,389 INFO com.zaxxer.hikari.HikariDataSource [restartedMain] HikariPool-1 - Starting...
2023-03-18 18:35:31,494 INFO com.zaxxer.hikari.HikariDataSource [restartedMain] HikariPool-1 - Start completed.
2023-03-18 18:35:31,512 INFO org.hibernate.dialect.Dialect [restartedMain] HHH000400: Using dialect: org.hibernate.dialect.MySQL55Dialect
2023-03-18 18:35:32,050 INFO org.hibernate.engine.transaction.jta.platform.internal.JtaPlatformInitiator [restartedMain] HHH000490: Using JtaPlatform implementation: [org.hibernate.engine.transaction.jta.platform.internal.NoJtaPlatform]
2023-03-18 18:35:32,057 INFO org.springframework.orm.jpa.AbstractEntityManagerFactoryBean [restartedMain] Initialized JPA EntityManagerFactory for persistence unit 'default'
2023-03-18 18:35:32,482 WARN org.springframework.boot.autoconfigure.orm.jpa.JpaBaseConfiguration$JpaWebConfiguration [restartedMain] spring.jpa.open-in-view is enabled by default. Therefore, database queries may be performed during view rendering. Explicitly configure spring.jpa.open-in-view to disable this warning
2023-03-18 18:35:32,497 INFO com.tokioschool.web.config.FilmImageConfig [restartedMain] Comprobamos existencia directorio
2023-03-18 18:35:32,642 WARN org.springframework.security.config.annotation.web.builders.WebSecurity [restartedMain] You are asking Spring Security to ignore Ant [pattern='/resources/**']. This is not recommended -- please use permitAll via HttpSecurity#authorizeHttpRequests instead.
2023-03-18 18:35:32,643 INFO org.springframework.security.web.DefaultSecurityFilterChain [restartedMain] Will not secure Ant [pattern='/resources/**']
2023-03-18 18:35:32,643 WARN org.springframework.security.config.annotation.web.builders.WebSecurity [restartedMain] You are asking Spring Security to ignore Ant [pattern='/static/**']. This is not recommended -- please use permitAll via HttpSecurity#authorizeHttpRequests instead.
2023-03-18 18:35:32,643 INFO org.springframework.security.web.DefaultSecurityFilterChain [restartedMain] Will not secure Ant [pattern='/static/**']
2023-03-18 18:35:32,643 WARN org.springframework.security.config.annotation.web.builders.WebSecurity [restartedMain] You are asking Spring Security to ignore Ant [pattern='/templates/**']. This is not recommended -- please use permitAll via HttpSecurity#authorizeHttpRequests instead.
2023-03-18 18:35:32,644 INFO org.springframework.security.web.DefaultSecurityFilterChain [restartedMain] Will not secure Ant [pattern='/templates/**']
2023-03-18 18:35:32,644 WARN org.springframework.security.config.annotation.web.builders.WebSecurity [restartedMain] You are asking Spring Security to ignore Ant [pattern='/css/**']. This is not recommended -- please use permitAll via HttpSecurity#authorizeHttpRequests instead.
2023-03-18 18:35:32,644 INFO org.springframework.security.web.DefaultSecurityFilterChain [restartedMain] Will not secure Ant [pattern='/css/**']
2023-03-18 18:35:32,644 WARN org.springframework.security.config.annotation.web.builders.WebSecurity [restartedMain] You are asking Spring Security to ignore Ant [pattern='/js/**']. This is not recommended -- please use permitAll via HttpSecurity#authorizeHttpRequests instead.
2023-03-18 18:35:32,644 INFO org.springframework.security.web.DefaultSecurityFilterChain [restartedMain] Will not secure Ant [pattern='/js/**']
2023-03-18 18:35:32,644 WARN org.springframework.security.config.annotation.web.builders.WebSecurity [restartedMain] You are asking Spring Security to ignore Ant [pattern='/images/**']. This is not recommended -- please use permitAll via HttpSecurity#authorizeHttpRequests instead.
2023-03-18 18:35:32,644 INFO org.springframework.security.web.DefaultSecurityFilterChain [restartedMain] Will not secure Ant [pattern='/images/**']
2023-03-18 18:35:32,644 WARN org.springframework.security.config.annotation.web.builders.WebSecurity [restartedMain] You are asking Spring Security to ignore Ant [pattern='/fonts/**']. This is not recommended -- please use permitAll via HttpSecurity#authorizeHttpRequests instead.
2023-03-18 18:35:32,644 INFO org.springframework.security.web.DefaultSecurityFilterChain [restartedMain] Will not secure Ant [pattern='/fonts/**']
2023-03-18 18:35:32,645 WARN org.springframework.security.config.annotation.web.builders.WebSecurity [restartedMain] You are asking Spring Security to ignore Ant [pattern='/webjars/**']. This is not recommended -- please use permitAll via HttpSecurity#authorizeHttpRequests instead.
2023-03-18 18:35:32,645 INFO org.springframework.security.web.DefaultSecurityFilterChain [restartedMain] Will not secure Ant [pattern='/webjars/**']
2023-03-18 18:35:32,645 WARN org.springframework.security.config.annotation.web.builders.WebSecurity [restartedMain] You are asking Spring Security to ignore Ant [pattern='/error/**']. This is not recommended -- please use permitAll via HttpSecurity#authorizeHttpRequests instead.
2023-03-18 18:35:32,645 INFO org.springframework.security.web.DefaultSecurityFilterChain [restartedMain] Will not secure Ant [pattern='/error/**']
2023-03-18 18:35:32,681 INFO org.springframework.security.web.DefaultSecurityFilterChain [restartedMain] Will secure any request with [org.springframework.security.web.session.DisableEncodeUrlFilter@33b95f8b, org.springframework.security.web.context.request.async.WebAsyncManagerIntegrationFilter@58288fa3, org.springframework.security.web.context.SecurityContextPersistenceFilter@3c2d99dd, org.springframework.security.web.header.HeaderWriterFilter@4cebe3d, org.springframework.security.web.csrf.CsrfFilter@40e8fd09, org.springframework.security.web.authentication.logout.LogoutFilter@4d17a186, org.springframework.security.web.authentication.UsernamePasswordAuthenticationFilter@7d13b769, org.springframework.security.web.savedrequest.RequestCacheAwareFilter@4fd384d2, org.springframework.security.web.servletapi.SecurityContextHolderAwareRequestFilter@7dd2f24, org.springframework.security.web.authentication.AnonymousAuthenticationFilter@38e0d330, org.springframework.security.web.session.SessionManagementFilter@18aae3ea, org.springframework.security.web.access.ExceptionTranslationFilter@2d02e61f, org.springframework.security.web.access.intercept.FilterSecurityInterceptor@2978a5dc]
2023-03-18 18:35:32,751 INFO org.springframework.boot.autoconfigure.web.servlet.WelcomePageHandlerMapping [restartedMain] Adding welcome page template: index
2023-03-18 18:35:33,015 INFO org.springframework.boot.devtools.autoconfigure.OptionalLiveReloadServer [restartedMain] LiveReload server is running on port 35729
2023-03-18 18:35:33,018 INFO org.springframework.boot.actuate.endpoint.web.EndpointLinksResolver [restartedMain] Exposing 1 endpoint(s) beneath base path '/actuator'
2023-03-18 18:35:33,040 INFO org.apache.juli.logging.DirectJDKLog [restartedMain] Starting ProtocolHandler ["http-nio-8080"]
2023-03-18 18:35:33,058 INFO org.springframework.boot.web.embedded.tomcat.TomcatWebServer [restartedMain] Tomcat started on port(s): 8080 (http) with context path ''
2023-03-18 18:35:33,071 INFO org.springframework.boot.StartupInfoLogger [restartedMain] Started ProyectoApplication in 3.511 seconds (JVM running for 3.939)
2023-03-18 18:35:34,105 INFO org.apache.juli.logging.DirectJDKLog [RMI TCP Connection(5)-127.0.0.1] Initializing Spring DispatcherServlet 'dispatcherServlet'
2023-03-18 18:35:34,105 INFO org.springframework.web.servlet.FrameworkServlet [RMI TCP Connection(5)-127.0.0.1] Initializing Servlet 'dispatcherServlet'
2023-03-18 18:35:34,106 INFO org.springframework.web.servlet.FrameworkServlet [RMI TCP Connection(5)-127.0.0.1] Completed initialization in 1 ms
2023-03-18 18:35:52,434 WARN org.springframework.web.servlet.handler.AbstractHandlerExceptionResolver [http-nio-8080-exec-6] Resolved [java.util.NoSuchElementException: No value present]
2023-03-18 18:49:38,732 INFO org.springframework.boot.devtools.autoconfigure.LocalDevToolsAutoConfiguration$RestartingClassPathChangeChangedEventListener [File Watcher] Restarting due to 1 class path change (0 additions, 0 deletions, 1 modification)
2023-03-18 18:49:38,738 INFO org.apache.juli.logging.DirectJDKLog [Thread-5] Pausing ProtocolHandler ["http-nio-8080"]
2023-03-18 18:49:38,739 INFO org.apache.juli.logging.DirectJDKLog [Thread-5] Stopping service [Tomcat]
2023-03-18 18:49:38,740 INFO org.apache.juli.logging.DirectJDKLog [Thread-5] Destroying Spring FrameworkServlet 'dispatcherServlet'
2023-03-18 18:49:38,745 INFO org.apache.juli.logging.DirectJDKLog [Thread-5] Stopping ProtocolHandler ["http-nio-8080"]
2023-03-18 18:49:38,747 INFO org.apache.juli.logging.DirectJDKLog [Thread-5] Destroying ProtocolHandler ["http-nio-8080"]
2023-03-18 18:49:38,752 INFO org.springframework.orm.jpa.AbstractEntityManagerFactoryBean [Thread-5] Closing JPA EntityManagerFactory for persistence unit 'default'
2023-03-18 18:49:38,754 INFO com.zaxxer.hikari.HikariDataSource [Thread-5] HikariPool-1 - Shutdown initiated...
2023-03-18 18:49:38,760 INFO com.zaxxer.hikari.HikariDataSource [Thread-5] HikariPool-1 - Shutdown completed.
2023-03-18 18:49:38,822 INFO org.springframework.boot.StartupInfoLogger [restartedMain] Starting ProyectoApplication using Java 17.0.3.1 on DESKTOP-U83I70G with PID 11180 (E:\springboot\proyecto\target\classes started by jsusi in E:\springboot\proyecto)
2023-03-18 18:49:38,822 INFO org.springframework.boot.SpringApplication [restartedMain] No active profile set, falling back to 1 default profile: "default"
2023-03-18 18:49:39,015 INFO org.springframework.data.repository.config.RepositoryConfigurationDelegate [restartedMain] Multiple Spring Data modules found, entering strict repository configuration mode
2023-03-18 18:49:39,015 INFO org.springframework.data.repository.config.RepositoryConfigurationDelegate [restartedMain] Bootstrapping Spring Data JDBC repositories in DEFAULT mode.
2023-03-18 18:49:39,020 INFO org.springframework.data.repository.config.RepositoryConfigurationExtensionSupport [restartedMain] Spring Data JDBC - Could not safely identify store assignment for repository candidate interface com.tokioschool.web.repository.FilmRepository; If you want this repository to be a JDBC repository, consider annotating your entities with one of these annotations: org.springframework.data.relational.core.mapping.Table.
2023-03-18 18:49:39,021 INFO org.springframework.data.repository.config.RepositoryConfigurationExtensionSupport [restartedMain] Spring Data JDBC - Could not safely identify store assignment for repository candidate interface com.tokioschool.web.repository.PersonRepository; If you want this repository to be a JDBC repository, consider annotating your entities with one of these annotations: org.springframework.data.relational.core.mapping.Table.
2023-03-18 18:49:39,021 INFO org.springframework.data.repository.config.RepositoryConfigurationExtensionSupport [restartedMain] Spring Data JDBC - Could not safely identify store assignment for repository candidate interface com.tokioschool.web.repository.ReviewRepository; If you want this repository to be a JDBC repository, consider annotating your entities with one of these annotations: org.springframework.data.relational.core.mapping.Table.
2023-03-18 18:49:39,022 INFO org.springframework.data.repository.config.RepositoryConfigurationExtensionSupport [restartedMain] Spring Data JDBC - Could not safely identify store assignment for repository candidate interface com.tokioschool.web.repository.RoleRepository; If you want this repository to be a JDBC repository, consider annotating your entities with one of these annotations: org.springframework.data.relational.core.mapping.Table.
2023-03-18 18:49:39,022 INFO org.springframework.data.repository.config.RepositoryConfigurationExtensionSupport [restartedMain] Spring Data JDBC - Could not safely identify store assignment for repository candidate interface com.tokioschool.web.repository.ScoreRepository; If you want this repository to be a JDBC repository, consider annotating your entities with one of these annotations: org.springframework.data.relational.core.mapping.Table.
2023-03-18 18:49:39,023 INFO org.springframework.data.repository.config.RepositoryConfigurationExtensionSupport [restartedMain] Spring Data JDBC - Could not safely identify store assignment for repository candidate interface com.tokioschool.web.repository.UserRepository; If you want this repository to be a JDBC repository, consider annotating your entities with one of these annotations: org.springframework.data.relational.core.mapping.Table.
2023-03-18 18:49:39,023 INFO org.springframework.data.repository.config.RepositoryConfigurationDelegate [restartedMain] Finished Spring Data repository scanning in 7 ms. Found 0 JDBC repository interfaces.
2023-03-18 18:49:39,026 INFO org.springframework.data.repository.config.RepositoryConfigurationDelegate [restartedMain] Multiple Spring Data modules found, entering strict repository configuration mode
2023-03-18 18:49:39,026 INFO org.springframework.data.repository.config.RepositoryConfigurationDelegate [restartedMain] Bootstrapping Spring Data JPA repositories in DEFAULT mode.
2023-03-18 18:49:39,036 INFO org.springframework.data.repository.config.RepositoryConfigurationDelegate [restartedMain] Finished Spring Data repository scanning in 9 ms. Found 6 JPA repository interfaces.
2023-03-18 18:49:39,107 INFO org.springframework.boot.web.embedded.tomcat.TomcatWebServer [restartedMain] Tomcat initialized with port(s): 8080 (http)
2023-03-18 18:49:39,107 INFO org.apache.juli.logging.DirectJDKLog [restartedMain] Initializing ProtocolHandler ["http-nio-8080"]
2023-03-18 18:49:39,107 INFO org.apache.juli.logging.DirectJDKLog [restartedMain] Starting service [Tomcat]
2023-03-18 18:49:39,107 INFO org.apache.juli.logging.DirectJDKLog [restartedMain] Starting Servlet engine: [Apache Tomcat/9.0.69]
2023-03-18 18:49:39,123 INFO org.apache.juli.logging.DirectJDKLog [restartedMain] Initializing Spring embedded WebApplicationContext
2023-03-18 18:49:39,123 INFO org.springframework.boot.web.servlet.context.ServletWebServerApplicationContext [restartedMain] Root WebApplicationContext: initialization completed in 300 ms
2023-03-18 18:49:39,191 INFO org.hibernate.jpa.internal.util.LogHelper [restartedMain] HHH000204: Processing PersistenceUnitInfo [name: default]
2023-03-18 18:49:39,194 INFO com.zaxxer.hikari.HikariDataSource [restartedMain] HikariPool-2 - Starting...
2023-03-18 18:49:39,198 INFO com.zaxxer.hikari.HikariDataSource [restartedMain] HikariPool-2 - Start completed.
2023-03-18 18:49:39,199 INFO org.hibernate.dialect.Dialect [restartedMain] HHH000400: Using dialect: org.hibernate.dialect.MySQL55Dialect
2023-03-18 18:49:39,317 INFO org.hibernate.engine.transaction.jta.platform.internal.JtaPlatformInitiator [restartedMain] HHH000490: Using JtaPlatform implementation: [org.hibernate.engine.transaction.jta.platform.internal.NoJtaPlatform]
2023-03-18 18:49:39,317 INFO org.springframework.orm.jpa.AbstractEntityManagerFactoryBean [restartedMain] Initialized JPA EntityManagerFactory for persistence unit 'default'
2023-03-18 18:49:39,435 WARN org.springframework.boot.autoconfigure.orm.jpa.JpaBaseConfiguration$JpaWebConfiguration [restartedMain] spring.jpa.open-in-view is enabled by default. Therefore, database queries may be performed during view rendering. Explicitly configure spring.jpa.open-in-view to disable this warning
2023-03-18 18:49:39,442 INFO com.tokioschool.web.config.FilmImageConfig [restartedMain] Comprobamos existencia directorio
2023-03-18 18:49:39,468 WARN org.springframework.security.config.annotation.web.builders.WebSecurity [restartedMain] You are asking Spring Security to ignore Ant [pattern='/resources/**']. This is not recommended -- please use permitAll via HttpSecurity#authorizeHttpRequests instead.
2023-03-18 18:49:39,468 INFO org.springframework.security.web.DefaultSecurityFilterChain [restartedMain] Will not secure Ant [pattern='/resources/**']
2023-03-18 18:49:39,468 WARN org.springframework.security.config.annotation.web.builders.WebSecurity [restartedMain] You are asking Spring Security to ignore Ant [pattern='/static/**']. This is not recommended -- please use permitAll via HttpSecurity#authorizeHttpRequests instead.
2023-03-18 18:49:39,469 INFO org.springframework.security.web.DefaultSecurityFilterChain [restartedMain] Will not secure Ant [pattern='/static/**']
2023-03-18 18:49:39,469 WARN org.springframework.security.config.annotation.web.builders.WebSecurity [restartedMain] You are asking Spring Security to ignore Ant [pattern='/templates/**']. This is not recommended -- please use permitAll via HttpSecurity#authorizeHttpRequests instead.
2023-03-18 18:49:39,469 INFO org.springframework.security.web.DefaultSecurityFilterChain [restartedMain] Will not secure Ant [pattern='/templates/**']
2023-03-18 18:49:39,469 WARN org.springframework.security.config.annotation.web.builders.WebSecurity [restartedMain] You are asking Spring Security to ignore Ant [pattern='/css/**']. This is not recommended -- please use permitAll via HttpSecurity#authorizeHttpRequests instead.
2023-03-18 18:49:39,469 INFO org.springframework.security.web.DefaultSecurityFilterChain [restartedMain] Will not secure Ant [pattern='/css/**']
2023-03-18 18:49:39,469 WARN org.springframework.security.config.annotation.web.builders.WebSecurity [restartedMain] You are asking Spring Security to ignore Ant [pattern='/js/**']. This is not recommended -- please use permitAll via HttpSecurity#authorizeHttpRequests instead.
2023-03-18 18:49:39,469 INFO org.springframework.security.web.DefaultSecurityFilterChain [restartedMain] Will not secure Ant [pattern='/js/**']
2023-03-18 18:49:39,469 WARN org.springframework.security.config.annotation.web.builders.WebSecurity [restartedMain] You are asking Spring Security to ignore Ant [pattern='/images/**']. This is not recommended -- please use permitAll via HttpSecurity#authorizeHttpRequests instead.
2023-03-18 18:49:39,469 INFO org.springframework.security.web.DefaultSecurityFilterChain [restartedMain] Will not secure Ant [pattern='/images/**']
2023-03-18 18:49:39,469 WARN org.springframework.security.config.annotation.web.builders.WebSecurity [restartedMain] You are asking Spring Security to ignore Ant [pattern='/fonts/**']. This is not recommended -- please use permitAll via HttpSecurity#authorizeHttpRequests instead.
2023-03-18 18:49:39,469 INFO org.springframework.security.web.DefaultSecurityFilterChain [restartedMain] Will not secure Ant [pattern='/fonts/**']
2023-03-18 18:49:39,469 WARN org.springframework.security.config.annotation.web.builders.WebSecurity [restartedMain] You are asking Spring Security to ignore Ant [pattern='/webjars/**']. This is not recommended -- please use permitAll via HttpSecurity#authorizeHttpRequests instead.
2023-03-18 18:49:39,470 INFO org.springframework.security.web.DefaultSecurityFilterChain [restartedMain] Will not secure Ant [pattern='/webjars/**']
2023-03-18 18:49:39,470 WARN org.springframework.security.config.annotation.web.builders.WebSecurity [restartedMain] You are asking Spring Security to ignore Ant [pattern='/error/**']. This is not recommended -- please use permitAll via HttpSecurity#authorizeHttpRequests instead.
2023-03-18 18:49:39,470 INFO org.springframework.security.web.DefaultSecurityFilterChain [restartedMain] Will not secure Ant [pattern='/error/**']
2023-03-18 18:49:39,475 INFO org.springframework.security.web.DefaultSecurityFilterChain [restartedMain] Will secure any request with [org.springframework.security.web.session.DisableEncodeUrlFilter@19211ef, org.springframework.security.web.context.request.async.WebAsyncManagerIntegrationFilter@5683447d, org.springframework.security.web.context.SecurityContextPersistenceFilter@2c6d803d, org.springframework.security.web.header.HeaderWriterFilter@735291e6, org.springframework.security.web.csrf.CsrfFilter@58b54352, org.springframework.security.web.authentication.logout.LogoutFilter@9f06360, org.springframework.security.web.authentication.UsernamePasswordAuthenticationFilter@338daec9, org.springframework.security.web.savedrequest.RequestCacheAwareFilter@773422f3, org.springframework.security.web.servletapi.SecurityContextHolderAwareRequestFilter@108e5052, org.springframework.security.web.authentication.AnonymousAuthenticationFilter@31e5b1a9, org.springframework.security.web.session.SessionManagementFilter@5e30e77a, org.springframework.security.web.access.ExceptionTranslationFilter@37ad95e6, org.springframework.security.web.access.intercept.FilterSecurityInterceptor@56762efa]
2023-03-18 18:49:39,492 INFO org.springframework.boot.autoconfigure.web.servlet.WelcomePageHandlerMapping [restartedMain] Adding welcome page template: index
2023-03-18 18:49:39,592 INFO org.springframework.boot.devtools.autoconfigure.OptionalLiveReloadServer [restartedMain] LiveReload server is running on port 35729
2023-03-18 18:49:39,594 INFO org.springframework.boot.actuate.endpoint.web.EndpointLinksResolver [restartedMain] Exposing 1 endpoint(s) beneath base path '/actuator'
2023-03-18 18:49:39,607 INFO org.apache.juli.logging.DirectJDKLog [restartedMain] Starting ProtocolHandler ["http-nio-8080"]
2023-03-18 18:49:39,609 INFO org.springframework.boot.web.embedded.tomcat.TomcatWebServer [restartedMain] Tomcat started on port(s): 8080 (http) with context path ''
2023-03-18 18:49:39,616 INFO org.springframework.boot.StartupInfoLogger [restartedMain] Started ProyectoApplication in 0.818 seconds (JVM running for 850.484)
2023-03-18 18:49:39,618 INFO org.springframework.boot.devtools.autoconfigure.ConditionEvaluationDeltaLoggingListener [restartedMain] Condition evaluation unchanged
