2023-01-24 15:27:02,686 INFO org.springframework.boot.StartupInfoLogger [restartedMain] Starting ProyectoApplication using Java 17.0.3.1 on DESKTOP-U83I70G with PID 5644 (E:\springboot\proyecto\target\classes started by jsusi in E:\springboot\proyecto)
2023-01-24 15:27:02,696 INFO org.springframework.boot.SpringApplication [restartedMain] No active profile set, falling back to 1 default profile: "default"
2023-01-24 15:27:02,728 INFO org.springframework.boot.logging.DeferredLog [restartedMain] Devtools property defaults active! Set 'spring.devtools.add-properties' to 'false' to disable
2023-01-24 15:27:02,729 INFO org.springframework.boot.logging.DeferredLog [restartedMain] For additional web related logging consider setting the 'logging.level.web' property to 'DEBUG'
2023-01-24 15:27:03,362 INFO org.springframework.data.repository.config.RepositoryConfigurationDelegate [restartedMain] Multiple Spring Data modules found, entering strict repository configuration mode
2023-01-24 15:27:03,363 INFO org.springframework.data.repository.config.RepositoryConfigurationDelegate [restartedMain] Bootstrapping Spring Data JDBC repositories in DEFAULT mode.
2023-01-24 15:27:03,383 INFO org.springframework.data.repository.config.RepositoryConfigurationExtensionSupport [restartedMain] Spring Data JDBC - Could not safely identify store assignment for repository candidate interface com.tokioschool.web.repository.FilmRepository; If you want this repository to be a JDBC repository, consider annotating your entities with one of these annotations: org.springframework.data.relational.core.mapping.Table.
2023-01-24 15:27:03,384 INFO org.springframework.data.repository.config.RepositoryConfigurationExtensionSupport [restartedMain] Spring Data JDBC - Could not safely identify store assignment for repository candidate interface com.tokioschool.web.repository.PersonRepository; If you want this repository to be a JDBC repository, consider annotating your entities with one of these annotations: org.springframework.data.relational.core.mapping.Table.
2023-01-24 15:27:03,384 INFO org.springframework.data.repository.config.RepositoryConfigurationExtensionSupport [restartedMain] Spring Data JDBC - Could not safely identify store assignment for repository candidate interface com.tokioschool.web.repository.ReviewRepository; If you want this repository to be a JDBC repository, consider annotating your entities with one of these annotations: org.springframework.data.relational.core.mapping.Table.
2023-01-24 15:27:03,385 INFO org.springframework.data.repository.config.RepositoryConfigurationExtensionSupport [restartedMain] Spring Data JDBC - Could not safely identify store assignment for repository candidate interface com.tokioschool.web.repository.RoleRepository; If you want this repository to be a JDBC repository, consider annotating your entities with one of these annotations: org.springframework.data.relational.core.mapping.Table.
2023-01-24 15:27:03,386 INFO org.springframework.data.repository.config.RepositoryConfigurationExtensionSupport [restartedMain] Spring Data JDBC - Could not safely identify store assignment for repository candidate interface com.tokioschool.web.repository.ScoreRepository; If you want this repository to be a JDBC repository, consider annotating your entities with one of these annotations: org.springframework.data.relational.core.mapping.Table.
2023-01-24 15:27:03,387 INFO org.springframework.data.repository.config.RepositoryConfigurationExtensionSupport [restartedMain] Spring Data JDBC - Could not safely identify store assignment for repository candidate interface com.tokioschool.web.repository.UserRepository; If you want this repository to be a JDBC repository, consider annotating your entities with one of these annotations: org.springframework.data.relational.core.mapping.Table.
2023-01-24 15:27:03,388 INFO org.springframework.data.repository.config.RepositoryConfigurationDelegate [restartedMain] Finished Spring Data repository scanning in 21 ms. Found 0 JDBC repository interfaces.
2023-01-24 15:27:03,394 INFO org.springframework.data.repository.config.RepositoryConfigurationDelegate [restartedMain] Multiple Spring Data modules found, entering strict repository configuration mode
2023-01-24 15:27:03,395 INFO org.springframework.data.repository.config.RepositoryConfigurationDelegate [restartedMain] Bootstrapping Spring Data JPA repositories in DEFAULT mode.
2023-01-24 15:27:03,421 INFO org.springframework.data.repository.config.RepositoryConfigurationDelegate [restartedMain] Finished Spring Data repository scanning in 23 ms. Found 6 JPA repository interfaces.
2023-01-24 15:27:03,832 INFO org.springframework.boot.web.embedded.tomcat.TomcatWebServer [restartedMain] Tomcat initialized with port(s): 8080 (http)
2023-01-24 15:27:03,838 INFO org.apache.juli.logging.DirectJDKLog [restartedMain] Initializing ProtocolHandler ["http-nio-8080"]
2023-01-24 15:27:03,839 INFO org.apache.juli.logging.DirectJDKLog [restartedMain] Starting service [Tomcat]
2023-01-24 15:27:03,839 INFO org.apache.juli.logging.DirectJDKLog [restartedMain] Starting Servlet engine: [Apache Tomcat/9.0.69]
2023-01-24 15:27:03,910 INFO org.apache.juli.logging.DirectJDKLog [restartedMain] Initializing Spring embedded WebApplicationContext
2023-01-24 15:27:03,911 INFO org.springframework.boot.web.servlet.context.ServletWebServerApplicationContext [restartedMain] Root WebApplicationContext: initialization completed in 1182 ms
2023-01-24 15:27:04,107 INFO org.hibernate.jpa.internal.util.LogHelper [restartedMain] HHH000204: Processing PersistenceUnitInfo [name: default]
2023-01-24 15:27:04,138 INFO org.hibernate.Version [restartedMain] HHH000412: Hibernate ORM core version 5.6.14.Final
2023-01-24 15:27:04,248 INFO org.hibernate.annotations.common.reflection.java.JavaReflectionManager [restartedMain] HCANN000001: Hibernate Commons Annotations {5.1.2.Final}
2023-01-24 15:27:04,316 INFO com.zaxxer.hikari.HikariDataSource [restartedMain] HikariPool-1 - Starting...
2023-01-24 15:27:04,418 INFO com.zaxxer.hikari.HikariDataSource [restartedMain] HikariPool-1 - Start completed.
2023-01-24 15:27:04,437 INFO org.hibernate.dialect.Dialect [restartedMain] HHH000400: Using dialect: org.hibernate.dialect.MySQL55Dialect
2023-01-24 15:27:04,975 INFO org.hibernate.engine.transaction.jta.platform.internal.JtaPlatformInitiator [restartedMain] HHH000490: Using JtaPlatform implementation: [org.hibernate.engine.transaction.jta.platform.internal.NoJtaPlatform]
2023-01-24 15:27:04,980 INFO org.springframework.orm.jpa.AbstractEntityManagerFactoryBean [restartedMain] Initialized JPA EntityManagerFactory for persistence unit 'default'
2023-01-24 15:27:05,404 WARN org.springframework.boot.autoconfigure.orm.jpa.JpaBaseConfiguration$JpaWebConfiguration [restartedMain] spring.jpa.open-in-view is enabled by default. Therefore, database queries may be performed during view rendering. Explicitly configure spring.jpa.open-in-view to disable this warning
2023-01-24 15:27:05,417 INFO com.tokioschool.web.config.FilmImageConfig [restartedMain] Comprobamos existencia directorio
2023-01-24 15:27:05,550 WARN org.springframework.security.config.annotation.web.builders.WebSecurity [restartedMain] You are asking Spring Security to ignore Ant [pattern='/resources/**']. This is not recommended -- please use permitAll via HttpSecurity#authorizeHttpRequests instead.
2023-01-24 15:27:05,551 INFO org.springframework.security.web.DefaultSecurityFilterChain [restartedMain] Will not secure Ant [pattern='/resources/**']
2023-01-24 15:27:05,551 WARN org.springframework.security.config.annotation.web.builders.WebSecurity [restartedMain] You are asking Spring Security to ignore Ant [pattern='/static/**']. This is not recommended -- please use permitAll via HttpSecurity#authorizeHttpRequests instead.
2023-01-24 15:27:05,551 INFO org.springframework.security.web.DefaultSecurityFilterChain [restartedMain] Will not secure Ant [pattern='/static/**']
2023-01-24 15:27:05,551 WARN org.springframework.security.config.annotation.web.builders.WebSecurity [restartedMain] You are asking Spring Security to ignore Ant [pattern='/templates/**']. This is not recommended -- please use permitAll via HttpSecurity#authorizeHttpRequests instead.
2023-01-24 15:27:05,552 INFO org.springframework.security.web.DefaultSecurityFilterChain [restartedMain] Will not secure Ant [pattern='/templates/**']
2023-01-24 15:27:05,552 WARN org.springframework.security.config.annotation.web.builders.WebSecurity [restartedMain] You are asking Spring Security to ignore Ant [pattern='/css/**']. This is not recommended -- please use permitAll via HttpSecurity#authorizeHttpRequests instead.
2023-01-24 15:27:05,552 INFO org.springframework.security.web.DefaultSecurityFilterChain [restartedMain] Will not secure Ant [pattern='/css/**']
2023-01-24 15:27:05,552 WARN org.springframework.security.config.annotation.web.builders.WebSecurity [restartedMain] You are asking Spring Security to ignore Ant [pattern='/js/**']. This is not recommended -- please use permitAll via HttpSecurity#authorizeHttpRequests instead.
2023-01-24 15:27:05,552 INFO org.springframework.security.web.DefaultSecurityFilterChain [restartedMain] Will not secure Ant [pattern='/js/**']
2023-01-24 15:27:05,552 WARN org.springframework.security.config.annotation.web.builders.WebSecurity [restartedMain] You are asking Spring Security to ignore Ant [pattern='/images/**']. This is not recommended -- please use permitAll via HttpSecurity#authorizeHttpRequests instead.
2023-01-24 15:27:05,552 INFO org.springframework.security.web.DefaultSecurityFilterChain [restartedMain] Will not secure Ant [pattern='/images/**']
2023-01-24 15:27:05,552 WARN org.springframework.security.config.annotation.web.builders.WebSecurity [restartedMain] You are asking Spring Security to ignore Ant [pattern='/fonts/**']. This is not recommended -- please use permitAll via HttpSecurity#authorizeHttpRequests instead.
2023-01-24 15:27:05,552 INFO org.springframework.security.web.DefaultSecurityFilterChain [restartedMain] Will not secure Ant [pattern='/fonts/**']
2023-01-24 15:27:05,553 WARN org.springframework.security.config.annotation.web.builders.WebSecurity [restartedMain] You are asking Spring Security to ignore Ant [pattern='/webjars/**']. This is not recommended -- please use permitAll via HttpSecurity#authorizeHttpRequests instead.
2023-01-24 15:27:05,553 INFO org.springframework.security.web.DefaultSecurityFilterChain [restartedMain] Will not secure Ant [pattern='/webjars/**']
2023-01-24 15:27:05,553 WARN org.springframework.security.config.annotation.web.builders.WebSecurity [restartedMain] You are asking Spring Security to ignore Ant [pattern='/error/**']. This is not recommended -- please use permitAll via HttpSecurity#authorizeHttpRequests instead.
2023-01-24 15:27:05,553 INFO org.springframework.security.web.DefaultSecurityFilterChain [restartedMain] Will not secure Ant [pattern='/error/**']
2023-01-24 15:27:05,585 INFO org.springframework.security.web.DefaultSecurityFilterChain [restartedMain] Will secure any request with [org.springframework.security.web.session.DisableEncodeUrlFilter@3f7ff606, org.springframework.security.web.context.request.async.WebAsyncManagerIntegrationFilter@53f2f81d, org.springframework.security.web.context.SecurityContextPersistenceFilter@55544671, org.springframework.security.web.header.HeaderWriterFilter@5a6857f6, org.springframework.security.web.csrf.CsrfFilter@57176b14, org.springframework.security.web.authentication.logout.LogoutFilter@67893b0d, org.springframework.security.web.authentication.UsernamePasswordAuthenticationFilter@22080971, org.springframework.security.web.savedrequest.RequestCacheAwareFilter@20727de1, org.springframework.security.web.servletapi.SecurityContextHolderAwareRequestFilter@5595268c, org.springframework.security.web.authentication.AnonymousAuthenticationFilter@31d33093, org.springframework.security.web.session.SessionManagementFilter@2425486c, org.springframework.security.web.access.ExceptionTranslationFilter@4c5f963e, org.springframework.security.web.access.intercept.FilterSecurityInterceptor@17845eba]
2023-01-24 15:27:05,656 INFO org.springframework.boot.autoconfigure.web.servlet.WelcomePageHandlerMapping [restartedMain] Adding welcome page template: index
2023-01-24 15:27:05,962 WARN org.springframework.boot.devtools.autoconfigure.OptionalLiveReloadServer [restartedMain] Unable to start LiveReload server
2023-01-24 15:27:05,966 INFO org.springframework.boot.actuate.endpoint.web.EndpointLinksResolver [restartedMain] Exposing 1 endpoint(s) beneath base path '/actuator'
2023-01-24 15:27:05,989 INFO org.apache.juli.logging.DirectJDKLog [restartedMain] Starting ProtocolHandler ["http-nio-8080"]
2023-01-24 15:27:06,003 INFO org.springframework.boot.web.embedded.tomcat.TomcatWebServer [restartedMain] Tomcat started on port(s): 8080 (http) with context path ''
2023-01-24 15:27:06,016 INFO org.springframework.boot.StartupInfoLogger [restartedMain] Started ProyectoApplication in 3.628 seconds (JVM running for 4.053)
2023-01-24 15:27:06,819 INFO org.apache.juli.logging.DirectJDKLog [RMI TCP Connection(3)-127.0.0.1] Initializing Spring DispatcherServlet 'dispatcherServlet'
2023-01-24 15:27:06,820 INFO org.springframework.web.servlet.FrameworkServlet [RMI TCP Connection(3)-127.0.0.1] Initializing Servlet 'dispatcherServlet'
2023-01-24 15:27:06,821 INFO org.springframework.web.servlet.FrameworkServlet [RMI TCP Connection(3)-127.0.0.1] Completed initialization in 1 ms
2023-01-24 15:27:31,247 INFO com.tokioschool.web.util.HelperRest [http-nio-8080-exec-9] No hay token procedemos a solicitar uno
2023-01-24 15:27:31,744 INFO com.tokioschool.web.util.HelperRest [http-nio-8080-exec-9] Token Generado
2023-01-24 15:27:31,744 INFO com.tokioschool.web.controller.ControllerFilm [http-nio-8080-exec-9] Procedemos a mandar la solicitud
2023-01-24 15:27:31,780 INFO com.tokioschool.web.controller.ControllerFilm [http-nio-8080-exec-9] recibimos la solicitud en el response
2023-01-24 15:27:31,782 INFO com.tokioschool.web.controller.ControllerFilm [http-nio-8080-exec-9] Procedemos a mandar la solicitud
2023-01-24 15:27:31,793 INFO com.tokioschool.web.controller.ControllerFilm [http-nio-8080-exec-9] recibimos la solicitud en el response
2023-01-24 15:30:15,648 INFO com.tokioschool.web.util.HelperRest [http-nio-8080-exec-1] No hay token procedemos a solicitar uno
2023-01-24 15:30:15,879 INFO com.tokioschool.web.util.HelperRest [http-nio-8080-exec-1] Token Generado
2023-01-24 15:30:15,879 INFO com.tokioschool.web.controller.ControllerFilm [http-nio-8080-exec-1] Procedemos a mandar la solicitud
2023-01-24 15:30:15,895 INFO com.tokioschool.web.controller.ControllerFilm [http-nio-8080-exec-1] recibimos la solicitud en el response
2023-01-24 15:30:15,897 INFO com.tokioschool.web.controller.ControllerFilm [http-nio-8080-exec-1] Procedemos a mandar la solicitud
2023-01-24 15:30:15,908 INFO com.tokioschool.web.controller.ControllerFilm [http-nio-8080-exec-1] recibimos la solicitud en el response
2023-01-24 15:32:29,684 INFO com.tokioschool.web.controller.ControllerFilm [http-nio-8080-exec-7] Procedemos a mandar la solicitud
2023-01-24 15:32:29,698 INFO com.tokioschool.web.controller.ControllerFilm [http-nio-8080-exec-7] recibimos la solicitud en el response
2023-01-24 15:32:29,699 INFO com.tokioschool.web.controller.ControllerFilm [http-nio-8080-exec-7] Procedemos a mandar la solicitud
2023-01-24 15:32:29,711 INFO com.tokioschool.web.controller.ControllerFilm [http-nio-8080-exec-7] recibimos la solicitud en el response
2023-01-24 15:32:31,074 INFO com.tokioschool.web.controller.ControllerFilm [http-nio-8080-exec-10] Procedemos a mandar la solicitud
2023-01-24 15:32:31,085 INFO com.tokioschool.web.controller.ControllerFilm [http-nio-8080-exec-10] recibimos la solicitud en el response
2023-01-24 15:32:31,086 INFO com.tokioschool.web.controller.ControllerFilm [http-nio-8080-exec-10] Procedemos a mandar la solicitud
2023-01-24 15:32:31,098 INFO com.tokioschool.web.controller.ControllerFilm [http-nio-8080-exec-10] recibimos la solicitud en el response
2023-01-24 15:32:31,808 INFO com.tokioschool.web.controller.ControllerFilm [http-nio-8080-exec-3] Procedemos a mandar la solicitud
2023-01-24 15:32:31,820 INFO com.tokioschool.web.controller.ControllerFilm [http-nio-8080-exec-3] recibimos la solicitud en el response
2023-01-24 15:32:31,822 INFO com.tokioschool.web.controller.ControllerFilm [http-nio-8080-exec-3] Procedemos a mandar la solicitud
2023-01-24 15:32:31,831 INFO com.tokioschool.web.controller.ControllerFilm [http-nio-8080-exec-3] recibimos la solicitud en el response
2023-01-24 15:32:33,392 INFO com.tokioschool.web.controller.ControllerFilm [http-nio-8080-exec-5] Procedemos a mandar la solicitud
2023-01-24 15:32:33,402 INFO com.tokioschool.web.controller.ControllerFilm [http-nio-8080-exec-5] recibimos la solicitud en el response
2023-01-24 15:32:33,404 INFO com.tokioschool.web.controller.ControllerFilm [http-nio-8080-exec-5] Procedemos a mandar la solicitud
2023-01-24 15:32:33,413 INFO com.tokioschool.web.controller.ControllerFilm [http-nio-8080-exec-5] recibimos la solicitud en el response
2023-01-24 15:36:03,933 INFO org.springframework.boot.devtools.autoconfigure.LocalDevToolsAutoConfiguration$RestartingClassPathChangeChangedEventListener [File Watcher] Restarting due to 5 class path changes (0 additions, 0 deletions, 5 modifications)
2023-01-24 15:36:03,940 INFO org.apache.juli.logging.DirectJDKLog [Thread-1] Pausing ProtocolHandler ["http-nio-8080"]
2023-01-24 15:36:03,940 INFO org.apache.juli.logging.DirectJDKLog [Thread-1] Stopping service [Tomcat]
2023-01-24 15:36:03,941 INFO org.apache.juli.logging.DirectJDKLog [Thread-1] Destroying Spring FrameworkServlet 'dispatcherServlet'
2023-01-24 15:36:03,951 INFO org.apache.juli.logging.DirectJDKLog [Thread-1] Stopping ProtocolHandler ["http-nio-8080"]
2023-01-24 15:36:03,952 INFO org.apache.juli.logging.DirectJDKLog [Thread-1] Destroying ProtocolHandler ["http-nio-8080"]
2023-01-24 15:36:03,958 INFO org.springframework.orm.jpa.AbstractEntityManagerFactoryBean [Thread-1] Closing JPA EntityManagerFactory for persistence unit 'default'
2023-01-24 15:36:03,961 INFO com.zaxxer.hikari.HikariDataSource [Thread-1] HikariPool-1 - Shutdown initiated...
2023-01-24 15:36:03,967 INFO com.zaxxer.hikari.HikariDataSource [Thread-1] HikariPool-1 - Shutdown completed.
2023-01-24 15:36:04,032 INFO org.springframework.boot.StartupInfoLogger [restartedMain] Starting ProyectoApplication using Java 17.0.3.1 on DESKTOP-U83I70G with PID 5644 (E:\springboot\proyecto\target\classes started by jsusi in E:\springboot\proyecto)
2023-01-24 15:36:04,032 INFO org.springframework.boot.SpringApplication [restartedMain] No active profile set, falling back to 1 default profile: "default"
2023-01-24 15:36:04,245 INFO org.springframework.data.repository.config.RepositoryConfigurationDelegate [restartedMain] Multiple Spring Data modules found, entering strict repository configuration mode
2023-01-24 15:36:04,245 INFO org.springframework.data.repository.config.RepositoryConfigurationDelegate [restartedMain] Bootstrapping Spring Data JDBC repositories in DEFAULT mode.
2023-01-24 15:36:04,250 INFO org.springframework.data.repository.config.RepositoryConfigurationExtensionSupport [restartedMain] Spring Data JDBC - Could not safely identify store assignment for repository candidate interface com.tokioschool.web.repository.FilmRepository; If you want this repository to be a JDBC repository, consider annotating your entities with one of these annotations: org.springframework.data.relational.core.mapping.Table.
2023-01-24 15:36:04,251 INFO org.springframework.data.repository.config.RepositoryConfigurationExtensionSupport [restartedMain] Spring Data JDBC - Could not safely identify store assignment for repository candidate interface com.tokioschool.web.repository.PersonRepository; If you want this repository to be a JDBC repository, consider annotating your entities with one of these annotations: org.springframework.data.relational.core.mapping.Table.
2023-01-24 15:36:04,251 INFO org.springframework.data.repository.config.RepositoryConfigurationExtensionSupport [restartedMain] Spring Data JDBC - Could not safely identify store assignment for repository candidate interface com.tokioschool.web.repository.ReviewRepository; If you want this repository to be a JDBC repository, consider annotating your entities with one of these annotations: org.springframework.data.relational.core.mapping.Table.
2023-01-24 15:36:04,252 INFO org.springframework.data.repository.config.RepositoryConfigurationExtensionSupport [restartedMain] Spring Data JDBC - Could not safely identify store assignment for repository candidate interface com.tokioschool.web.repository.RoleRepository; If you want this repository to be a JDBC repository, consider annotating your entities with one of these annotations: org.springframework.data.relational.core.mapping.Table.
2023-01-24 15:36:04,253 INFO org.springframework.data.repository.config.RepositoryConfigurationExtensionSupport [restartedMain] Spring Data JDBC - Could not safely identify store assignment for repository candidate interface com.tokioschool.web.repository.ScoreRepository; If you want this repository to be a JDBC repository, consider annotating your entities with one of these annotations: org.springframework.data.relational.core.mapping.Table.
2023-01-24 15:36:04,253 INFO org.springframework.data.repository.config.RepositoryConfigurationExtensionSupport [restartedMain] Spring Data JDBC - Could not safely identify store assignment for repository candidate interface com.tokioschool.web.repository.UserRepository; If you want this repository to be a JDBC repository, consider annotating your entities with one of these annotations: org.springframework.data.relational.core.mapping.Table.
2023-01-24 15:36:04,254 INFO org.springframework.data.repository.config.RepositoryConfigurationDelegate [restartedMain] Finished Spring Data repository scanning in 8 ms. Found 0 JDBC repository interfaces.
2023-01-24 15:36:04,256 INFO org.springframework.data.repository.config.RepositoryConfigurationDelegate [restartedMain] Multiple Spring Data modules found, entering strict repository configuration mode
2023-01-24 15:36:04,256 INFO org.springframework.data.repository.config.RepositoryConfigurationDelegate [restartedMain] Bootstrapping Spring Data JPA repositories in DEFAULT mode.
2023-01-24 15:36:04,267 INFO org.springframework.data.repository.config.RepositoryConfigurationDelegate [restartedMain] Finished Spring Data repository scanning in 10 ms. Found 6 JPA repository interfaces.
2023-01-24 15:36:04,340 INFO org.springframework.boot.web.embedded.tomcat.TomcatWebServer [restartedMain] Tomcat initialized with port(s): 8080 (http)
2023-01-24 15:36:04,341 INFO org.apache.juli.logging.DirectJDKLog [restartedMain] Initializing ProtocolHandler ["http-nio-8080"]
2023-01-24 15:36:04,341 INFO org.apache.juli.logging.DirectJDKLog [restartedMain] Starting service [Tomcat]
2023-01-24 15:36:04,341 INFO org.apache.juli.logging.DirectJDKLog [restartedMain] Starting Servlet engine: [Apache Tomcat/9.0.69]
2023-01-24 15:36:04,356 INFO org.apache.juli.logging.DirectJDKLog [restartedMain] Initializing Spring embedded WebApplicationContext
2023-01-24 15:36:04,356 INFO org.springframework.boot.web.servlet.context.ServletWebServerApplicationContext [restartedMain] Root WebApplicationContext: initialization completed in 321 ms
2023-01-24 15:36:04,412 INFO org.hibernate.jpa.internal.util.LogHelper [restartedMain] HHH000204: Processing PersistenceUnitInfo [name: default]
2023-01-24 15:36:04,415 INFO com.zaxxer.hikari.HikariDataSource [restartedMain] HikariPool-2 - Starting...
2023-01-24 15:36:04,418 INFO com.zaxxer.hikari.HikariDataSource [restartedMain] HikariPool-2 - Start completed.
2023-01-24 15:36:04,418 INFO org.hibernate.dialect.Dialect [restartedMain] HHH000400: Using dialect: org.hibernate.dialect.MySQL55Dialect
2023-01-24 15:36:04,519 INFO org.hibernate.engine.transaction.jta.platform.internal.JtaPlatformInitiator [restartedMain] HHH000490: Using JtaPlatform implementation: [org.hibernate.engine.transaction.jta.platform.internal.NoJtaPlatform]
2023-01-24 15:36:04,519 INFO org.springframework.orm.jpa.AbstractEntityManagerFactoryBean [restartedMain] Initialized JPA EntityManagerFactory for persistence unit 'default'
2023-01-24 15:36:04,648 WARN org.springframework.boot.autoconfigure.orm.jpa.JpaBaseConfiguration$JpaWebConfiguration [restartedMain] spring.jpa.open-in-view is enabled by default. Therefore, database queries may be performed during view rendering. Explicitly configure spring.jpa.open-in-view to disable this warning
2023-01-24 15:36:04,658 INFO com.tokioschool.web.config.FilmImageConfig [restartedMain] Comprobamos existencia directorio
2023-01-24 15:36:04,688 WARN org.springframework.security.config.annotation.web.builders.WebSecurity [restartedMain] You are asking Spring Security to ignore Ant [pattern='/resources/**']. This is not recommended -- please use permitAll via HttpSecurity#authorizeHttpRequests instead.
2023-01-24 15:36:04,688 INFO org.springframework.security.web.DefaultSecurityFilterChain [restartedMain] Will not secure Ant [pattern='/resources/**']
2023-01-24 15:36:04,688 WARN org.springframework.security.config.annotation.web.builders.WebSecurity [restartedMain] You are asking Spring Security to ignore Ant [pattern='/static/**']. This is not recommended -- please use permitAll via HttpSecurity#authorizeHttpRequests instead.
2023-01-24 15:36:04,688 INFO org.springframework.security.web.DefaultSecurityFilterChain [restartedMain] Will not secure Ant [pattern='/static/**']
2023-01-24 15:36:04,688 WARN org.springframework.security.config.annotation.web.builders.WebSecurity [restartedMain] You are asking Spring Security to ignore Ant [pattern='/templates/**']. This is not recommended -- please use permitAll via HttpSecurity#authorizeHttpRequests instead.
2023-01-24 15:36:04,688 INFO org.springframework.security.web.DefaultSecurityFilterChain [restartedMain] Will not secure Ant [pattern='/templates/**']
2023-01-24 15:36:04,688 WARN org.springframework.security.config.annotation.web.builders.WebSecurity [restartedMain] You are asking Spring Security to ignore Ant [pattern='/css/**']. This is not recommended -- please use permitAll via HttpSecurity#authorizeHttpRequests instead.
2023-01-24 15:36:04,688 INFO org.springframework.security.web.DefaultSecurityFilterChain [restartedMain] Will not secure Ant [pattern='/css/**']
2023-01-24 15:36:04,689 WARN org.springframework.security.config.annotation.web.builders.WebSecurity [restartedMain] You are asking Spring Security to ignore Ant [pattern='/js/**']. This is not recommended -- please use permitAll via HttpSecurity#authorizeHttpRequests instead.
2023-01-24 15:36:04,689 INFO org.springframework.security.web.DefaultSecurityFilterChain [restartedMain] Will not secure Ant [pattern='/js/**']
2023-01-24 15:36:04,689 WARN org.springframework.security.config.annotation.web.builders.WebSecurity [restartedMain] You are asking Spring Security to ignore Ant [pattern='/images/**']. This is not recommended -- please use permitAll via HttpSecurity#authorizeHttpRequests instead.
2023-01-24 15:36:04,689 INFO org.springframework.security.web.DefaultSecurityFilterChain [restartedMain] Will not secure Ant [pattern='/images/**']
2023-01-24 15:36:04,689 WARN org.springframework.security.config.annotation.web.builders.WebSecurity [restartedMain] You are asking Spring Security to ignore Ant [pattern='/fonts/**']. This is not recommended -- please use permitAll via HttpSecurity#authorizeHttpRequests instead.
2023-01-24 15:36:04,689 INFO org.springframework.security.web.DefaultSecurityFilterChain [restartedMain] Will not secure Ant [pattern='/fonts/**']
2023-01-24 15:36:04,689 WARN org.springframework.security.config.annotation.web.builders.WebSecurity [restartedMain] You are asking Spring Security to ignore Ant [pattern='/webjars/**']. This is not recommended -- please use permitAll via HttpSecurity#authorizeHttpRequests instead.
2023-01-24 15:36:04,689 INFO org.springframework.security.web.DefaultSecurityFilterChain [restartedMain] Will not secure Ant [pattern='/webjars/**']
2023-01-24 15:36:04,689 WARN org.springframework.security.config.annotation.web.builders.WebSecurity [restartedMain] You are asking Spring Security to ignore Ant [pattern='/error/**']. This is not recommended -- please use permitAll via HttpSecurity#authorizeHttpRequests instead.
2023-01-24 15:36:04,689 INFO org.springframework.security.web.DefaultSecurityFilterChain [restartedMain] Will not secure Ant [pattern='/error/**']
2023-01-24 15:36:04,695 INFO org.springframework.security.web.DefaultSecurityFilterChain [restartedMain] Will secure any request with [org.springframework.security.web.session.DisableEncodeUrlFilter@6b7818d2, org.springframework.security.web.context.request.async.WebAsyncManagerIntegrationFilter@5bf22d93, org.springframework.security.web.context.SecurityContextPersistenceFilter@137125e0, org.springframework.security.web.header.HeaderWriterFilter@d01e90d, org.springframework.security.web.csrf.CsrfFilter@7d1e594b, org.springframework.security.web.authentication.logout.LogoutFilter@4c52dbe3, org.springframework.security.web.authentication.UsernamePasswordAuthenticationFilter@3eeb75e2, org.springframework.security.web.savedrequest.RequestCacheAwareFilter@1fa55a05, org.springframework.security.web.servletapi.SecurityContextHolderAwareRequestFilter@1dee917d, org.springframework.security.web.authentication.AnonymousAuthenticationFilter@4d0278, org.springframework.security.web.session.SessionManagementFilter@1caaf33f, org.springframework.security.web.access.ExceptionTranslationFilter@271d52e, org.springframework.security.web.access.intercept.FilterSecurityInterceptor@68a66855]
2023-01-24 15:36:04,713 INFO org.springframework.boot.autoconfigure.web.servlet.WelcomePageHandlerMapping [restartedMain] Adding welcome page template: index
2023-01-24 15:36:04,808 WARN org.springframework.boot.devtools.autoconfigure.OptionalLiveReloadServer [restartedMain] Unable to start LiveReload server
2023-01-24 15:36:04,811 INFO org.springframework.boot.actuate.endpoint.web.EndpointLinksResolver [restartedMain] Exposing 1 endpoint(s) beneath base path '/actuator'
2023-01-24 15:36:04,824 INFO org.apache.juli.logging.DirectJDKLog [restartedMain] Starting ProtocolHandler ["http-nio-8080"]
2023-01-24 15:36:04,826 INFO org.springframework.boot.web.embedded.tomcat.TomcatWebServer [restartedMain] Tomcat started on port(s): 8080 (http) with context path ''
2023-01-24 15:36:04,833 INFO org.springframework.boot.StartupInfoLogger [restartedMain] Started ProyectoApplication in 0.824 seconds (JVM running for 542.871)
2023-01-24 15:36:04,835 INFO org.springframework.boot.devtools.autoconfigure.ConditionEvaluationDeltaLoggingListener [restartedMain] Condition evaluation unchanged
2023-01-24 15:36:56,761 INFO org.springframework.boot.admin.SpringApplicationAdminMXBeanRegistrar$SpringApplicationAdmin [RMI TCP Connection(17)-127.0.0.1] Application shutdown requested.
2023-01-24 15:36:56,766 INFO org.apache.juli.logging.DirectJDKLog [RMI TCP Connection(17)-127.0.0.1] Pausing ProtocolHandler ["http-nio-8080"]
2023-01-24 15:36:56,766 INFO org.apache.juli.logging.DirectJDKLog [RMI TCP Connection(17)-127.0.0.1] Stopping service [Tomcat]
2023-01-24 15:36:56,768 INFO org.apache.juli.logging.DirectJDKLog [RMI TCP Connection(17)-127.0.0.1] Stopping ProtocolHandler ["http-nio-8080"]
2023-01-24 15:36:56,769 INFO org.apache.juli.logging.DirectJDKLog [RMI TCP Connection(17)-127.0.0.1] Destroying ProtocolHandler ["http-nio-8080"]
2023-01-24 15:36:56,771 INFO org.springframework.orm.jpa.AbstractEntityManagerFactoryBean [RMI TCP Connection(17)-127.0.0.1] Closing JPA EntityManagerFactory for persistence unit 'default'
2023-01-24 15:36:56,772 INFO com.zaxxer.hikari.HikariDataSource [RMI TCP Connection(17)-127.0.0.1] HikariPool-2 - Shutdown initiated...
2023-01-24 15:36:56,774 INFO com.zaxxer.hikari.HikariDataSource [RMI TCP Connection(17)-127.0.0.1] HikariPool-2 - Shutdown completed.
2023-01-24 16:47:38,376 INFO org.springframework.boot.StartupInfoLogger [restartedMain] Starting ProyectoApplication using Java 17.0.3.1 on DESKTOP-U83I70G with PID 13384 (E:\springboot\proyecto\target\classes started by jsusi in E:\springboot\proyecto)
2023-01-24 16:47:38,394 INFO org.springframework.boot.SpringApplication [restartedMain] No active profile set, falling back to 1 default profile: "default"
2023-01-24 16:47:38,424 INFO org.springframework.boot.logging.DeferredLog [restartedMain] Devtools property defaults active! Set 'spring.devtools.add-properties' to 'false' to disable
2023-01-24 16:47:38,425 INFO org.springframework.boot.logging.DeferredLog [restartedMain] For additional web related logging consider setting the 'logging.level.web' property to 'DEBUG'
2023-01-24 16:47:39,060 INFO org.springframework.data.repository.config.RepositoryConfigurationDelegate [restartedMain] Multiple Spring Data modules found, entering strict repository configuration mode
2023-01-24 16:47:39,061 INFO org.springframework.data.repository.config.RepositoryConfigurationDelegate [restartedMain] Bootstrapping Spring Data JDBC repositories in DEFAULT mode.
2023-01-24 16:47:39,081 INFO org.springframework.data.repository.config.RepositoryConfigurationExtensionSupport [restartedMain] Spring Data JDBC - Could not safely identify store assignment for repository candidate interface com.tokioschool.web.repository.FilmRepository; If you want this repository to be a JDBC repository, consider annotating your entities with one of these annotations: org.springframework.data.relational.core.mapping.Table.
2023-01-24 16:47:39,082 INFO org.springframework.data.repository.config.RepositoryConfigurationExtensionSupport [restartedMain] Spring Data JDBC - Could not safely identify store assignment for repository candidate interface com.tokioschool.web.repository.PersonRepository; If you want this repository to be a JDBC repository, consider annotating your entities with one of these annotations: org.springframework.data.relational.core.mapping.Table.
2023-01-24 16:47:39,083 INFO org.springframework.data.repository.config.RepositoryConfigurationExtensionSupport [restartedMain] Spring Data JDBC - Could not safely identify store assignment for repository candidate interface com.tokioschool.web.repository.ReviewRepository; If you want this repository to be a JDBC repository, consider annotating your entities with one of these annotations: org.springframework.data.relational.core.mapping.Table.
2023-01-24 16:47:39,084 INFO org.springframework.data.repository.config.RepositoryConfigurationExtensionSupport [restartedMain] Spring Data JDBC - Could not safely identify store assignment for repository candidate interface com.tokioschool.web.repository.RoleRepository; If you want this repository to be a JDBC repository, consider annotating your entities with one of these annotations: org.springframework.data.relational.core.mapping.Table.
2023-01-24 16:47:39,085 INFO org.springframework.data.repository.config.RepositoryConfigurationExtensionSupport [restartedMain] Spring Data JDBC - Could not safely identify store assignment for repository candidate interface com.tokioschool.web.repository.ScoreRepository; If you want this repository to be a JDBC repository, consider annotating your entities with one of these annotations: org.springframework.data.relational.core.mapping.Table.
2023-01-24 16:47:39,085 INFO org.springframework.data.repository.config.RepositoryConfigurationExtensionSupport [restartedMain] Spring Data JDBC - Could not safely identify store assignment for repository candidate interface com.tokioschool.web.repository.UserRepository; If you want this repository to be a JDBC repository, consider annotating your entities with one of these annotations: org.springframework.data.relational.core.mapping.Table.
2023-01-24 16:47:39,086 INFO org.springframework.data.repository.config.RepositoryConfigurationDelegate [restartedMain] Finished Spring Data repository scanning in 21 ms. Found 0 JDBC repository interfaces.
2023-01-24 16:47:39,091 INFO org.springframework.data.repository.config.RepositoryConfigurationDelegate [restartedMain] Multiple Spring Data modules found, entering strict repository configuration mode
2023-01-24 16:47:39,092 INFO org.springframework.data.repository.config.RepositoryConfigurationDelegate [restartedMain] Bootstrapping Spring Data JPA repositories in DEFAULT mode.
2023-01-24 16:47:39,118 INFO org.springframework.data.repository.config.RepositoryConfigurationDelegate [restartedMain] Finished Spring Data repository scanning in 23 ms. Found 6 JPA repository interfaces.
2023-01-24 16:47:39,531 INFO org.springframework.boot.web.embedded.tomcat.TomcatWebServer [restartedMain] Tomcat initialized with port(s): 8080 (http)
2023-01-24 16:47:39,539 INFO org.apache.juli.logging.DirectJDKLog [restartedMain] Initializing ProtocolHandler ["http-nio-8080"]
2023-01-24 16:47:39,539 INFO org.apache.juli.logging.DirectJDKLog [restartedMain] Starting service [Tomcat]
2023-01-24 16:47:39,539 INFO org.apache.juli.logging.DirectJDKLog [restartedMain] Starting Servlet engine: [Apache Tomcat/9.0.69]
2023-01-24 16:47:39,604 INFO org.apache.juli.logging.DirectJDKLog [restartedMain] Initializing Spring embedded WebApplicationContext
2023-01-24 16:47:39,604 INFO org.springframework.boot.web.servlet.context.ServletWebServerApplicationContext [restartedMain] Root WebApplicationContext: initialization completed in 1179 ms
2023-01-24 16:47:39,841 INFO org.hibernate.jpa.internal.util.LogHelper [restartedMain] HHH000204: Processing PersistenceUnitInfo [name: default]
2023-01-24 16:47:39,887 INFO org.hibernate.Version [restartedMain] HHH000412: Hibernate ORM core version 5.6.14.Final
2023-01-24 16:47:40,010 INFO org.hibernate.annotations.common.reflection.java.JavaReflectionManager [restartedMain] HCANN000001: Hibernate Commons Annotations {5.1.2.Final}
2023-01-24 16:47:40,092 INFO com.zaxxer.hikari.HikariDataSource [restartedMain] HikariPool-1 - Starting...
2023-01-24 16:47:40,197 INFO com.zaxxer.hikari.HikariDataSource [restartedMain] HikariPool-1 - Start completed.
2023-01-24 16:47:40,220 INFO org.hibernate.dialect.Dialect [restartedMain] HHH000400: Using dialect: org.hibernate.dialect.MySQL55Dialect
2023-01-24 16:47:40,780 INFO org.hibernate.engine.transaction.jta.platform.internal.JtaPlatformInitiator [restartedMain] HHH000490: Using JtaPlatform implementation: [org.hibernate.engine.transaction.jta.platform.internal.NoJtaPlatform]
2023-01-24 16:47:40,786 INFO org.springframework.orm.jpa.AbstractEntityManagerFactoryBean [restartedMain] Initialized JPA EntityManagerFactory for persistence unit 'default'
2023-01-24 16:47:41,197 WARN org.springframework.boot.autoconfigure.orm.jpa.JpaBaseConfiguration$JpaWebConfiguration [restartedMain] spring.jpa.open-in-view is enabled by default. Therefore, database queries may be performed during view rendering. Explicitly configure spring.jpa.open-in-view to disable this warning
2023-01-24 16:47:41,217 INFO com.tokioschool.web.config.FilmImageConfig [restartedMain] Comprobamos existencia directorio
2023-01-24 16:47:41,346 WARN org.springframework.security.config.annotation.web.builders.WebSecurity [restartedMain] You are asking Spring Security to ignore Ant [pattern='/resources/**']. This is not recommended -- please use permitAll via HttpSecurity#authorizeHttpRequests instead.
2023-01-24 16:47:41,346 INFO org.springframework.security.web.DefaultSecurityFilterChain [restartedMain] Will not secure Ant [pattern='/resources/**']
2023-01-24 16:47:41,347 WARN org.springframework.security.config.annotation.web.builders.WebSecurity [restartedMain] You are asking Spring Security to ignore Ant [pattern='/static/**']. This is not recommended -- please use permitAll via HttpSecurity#authorizeHttpRequests instead.
2023-01-24 16:47:41,347 INFO org.springframework.security.web.DefaultSecurityFilterChain [restartedMain] Will not secure Ant [pattern='/static/**']
2023-01-24 16:47:41,347 WARN org.springframework.security.config.annotation.web.builders.WebSecurity [restartedMain] You are asking Spring Security to ignore Ant [pattern='/templates/**']. This is not recommended -- please use permitAll via HttpSecurity#authorizeHttpRequests instead.
2023-01-24 16:47:41,347 INFO org.springframework.security.web.DefaultSecurityFilterChain [restartedMain] Will not secure Ant [pattern='/templates/**']
2023-01-24 16:47:41,347 WARN org.springframework.security.config.annotation.web.builders.WebSecurity [restartedMain] You are asking Spring Security to ignore Ant [pattern='/css/**']. This is not recommended -- please use permitAll via HttpSecurity#authorizeHttpRequests instead.
2023-01-24 16:47:41,347 INFO org.springframework.security.web.DefaultSecurityFilterChain [restartedMain] Will not secure Ant [pattern='/css/**']
2023-01-24 16:47:41,348 WARN org.springframework.security.config.annotation.web.builders.WebSecurity [restartedMain] You are asking Spring Security to ignore Ant [pattern='/js/**']. This is not recommended -- please use permitAll via HttpSecurity#authorizeHttpRequests instead.
2023-01-24 16:47:41,348 INFO org.springframework.security.web.DefaultSecurityFilterChain [restartedMain] Will not secure Ant [pattern='/js/**']
2023-01-24 16:47:41,348 WARN org.springframework.security.config.annotation.web.builders.WebSecurity [restartedMain] You are asking Spring Security to ignore Ant [pattern='/images/**']. This is not recommended -- please use permitAll via HttpSecurity#authorizeHttpRequests instead.
2023-01-24 16:47:41,348 INFO org.springframework.security.web.DefaultSecurityFilterChain [restartedMain] Will not secure Ant [pattern='/images/**']
2023-01-24 16:47:41,348 WARN org.springframework.security.config.annotation.web.builders.WebSecurity [restartedMain] You are asking Spring Security to ignore Ant [pattern='/fonts/**']. This is not recommended -- please use permitAll via HttpSecurity#authorizeHttpRequests instead.
2023-01-24 16:47:41,348 INFO org.springframework.security.web.DefaultSecurityFilterChain [restartedMain] Will not secure Ant [pattern='/fonts/**']
2023-01-24 16:47:41,348 WARN org.springframework.security.config.annotation.web.builders.WebSecurity [restartedMain] You are asking Spring Security to ignore Ant [pattern='/webjars/**']. This is not recommended -- please use permitAll via HttpSecurity#authorizeHttpRequests instead.
2023-01-24 16:47:41,348 INFO org.springframework.security.web.DefaultSecurityFilterChain [restartedMain] Will not secure Ant [pattern='/webjars/**']
2023-01-24 16:47:41,348 WARN org.springframework.security.config.annotation.web.builders.WebSecurity [restartedMain] You are asking Spring Security to ignore Ant [pattern='/error/**']. This is not recommended -- please use permitAll via HttpSecurity#authorizeHttpRequests instead.
2023-01-24 16:47:41,348 INFO org.springframework.security.web.DefaultSecurityFilterChain [restartedMain] Will not secure Ant [pattern='/error/**']
2023-01-24 16:47:41,378 INFO org.springframework.security.web.DefaultSecurityFilterChain [restartedMain] Will secure any request with [org.springframework.security.web.session.DisableEncodeUrlFilter@52023e20, org.springframework.security.web.context.request.async.WebAsyncManagerIntegrationFilter@3ed4195c, org.springframework.security.web.context.SecurityContextPersistenceFilter@2db98039, org.springframework.security.web.header.HeaderWriterFilter@27069826, org.springframework.security.web.csrf.CsrfFilter@29eba20, org.springframework.security.web.authentication.logout.LogoutFilter@79d5b687, org.springframework.security.web.authentication.UsernamePasswordAuthenticationFilter@6180f128, org.springframework.security.web.savedrequest.RequestCacheAwareFilter@5986c73d, org.springframework.security.web.servletapi.SecurityContextHolderAwareRequestFilter@2ae530d9, org.springframework.security.web.authentication.AnonymousAuthenticationFilter@583ba61f, org.springframework.security.web.session.SessionManagementFilter@76fe49a7, org.springframework.security.web.access.ExceptionTranslationFilter@9071d95, org.springframework.security.web.access.intercept.FilterSecurityInterceptor@196f4d1b]
2023-01-24 16:47:41,450 INFO org.springframework.boot.autoconfigure.web.servlet.WelcomePageHandlerMapping [restartedMain] Adding welcome page template: index
2023-01-24 16:47:41,728 INFO org.springframework.boot.devtools.autoconfigure.OptionalLiveReloadServer [restartedMain] LiveReload server is running on port 35729
2023-01-24 16:47:41,732 INFO org.springframework.boot.actuate.endpoint.web.EndpointLinksResolver [restartedMain] Exposing 1 endpoint(s) beneath base path '/actuator'
2023-01-24 16:47:41,754 INFO org.apache.juli.logging.DirectJDKLog [restartedMain] Starting ProtocolHandler ["http-nio-8080"]
2023-01-24 16:47:41,768 INFO org.springframework.boot.web.embedded.tomcat.TomcatWebServer [restartedMain] Tomcat started on port(s): 8080 (http) with context path ''
2023-01-24 16:47:41,782 INFO org.springframework.boot.StartupInfoLogger [restartedMain] Started ProyectoApplication in 3.67 seconds (JVM running for 4.172)
2023-01-24 16:47:42,865 INFO org.apache.juli.logging.DirectJDKLog [RMI TCP Connection(4)-127.0.0.1] Initializing Spring DispatcherServlet 'dispatcherServlet'
2023-01-24 16:47:42,865 INFO org.springframework.web.servlet.FrameworkServlet [RMI TCP Connection(4)-127.0.0.1] Initializing Servlet 'dispatcherServlet'
2023-01-24 16:47:42,866 INFO org.springframework.web.servlet.FrameworkServlet [RMI TCP Connection(4)-127.0.0.1] Completed initialization in 1 ms
2023-01-24 16:49:18,679 INFO com.tokioschool.web.controller.ControllerUser [http-nio-8080-exec-6] ************************* guardando usuario ***********************************
2023-01-24 16:49:18,709 INFO com.tokioschool.web.controller.ControllerUser [http-nio-8080-exec-6] ************************* Nuevo usuario  guardado ***********************************
2023-01-24 16:52:47,684 INFO org.springframework.boot.devtools.autoconfigure.LocalDevToolsAutoConfiguration$RestartingClassPathChangeChangedEventListener [File Watcher] Restarting due to 2 class path changes (0 additions, 0 deletions, 2 modifications)
2023-01-24 16:52:47,690 INFO org.apache.juli.logging.DirectJDKLog [Thread-5] Pausing ProtocolHandler ["http-nio-8080"]
2023-01-24 16:52:47,690 INFO org.apache.juli.logging.DirectJDKLog [Thread-5] Stopping service [Tomcat]
2023-01-24 16:52:47,691 INFO org.apache.juli.logging.DirectJDKLog [Thread-5] Destroying Spring FrameworkServlet 'dispatcherServlet'
2023-01-24 16:52:47,693 INFO org.apache.juli.logging.DirectJDKLog [Thread-5] Stopping ProtocolHandler ["http-nio-8080"]
2023-01-24 16:52:47,695 INFO org.apache.juli.logging.DirectJDKLog [Thread-5] Destroying ProtocolHandler ["http-nio-8080"]
2023-01-24 16:52:47,700 INFO org.springframework.orm.jpa.AbstractEntityManagerFactoryBean [Thread-5] Closing JPA EntityManagerFactory for persistence unit 'default'
2023-01-24 16:52:47,703 INFO com.zaxxer.hikari.HikariDataSource [Thread-5] HikariPool-1 - Shutdown initiated...
2023-01-24 16:52:47,708 INFO com.zaxxer.hikari.HikariDataSource [Thread-5] HikariPool-1 - Shutdown completed.
2023-01-24 16:52:47,802 INFO org.springframework.boot.StartupInfoLogger [restartedMain] Starting ProyectoApplication using Java 17.0.3.1 on DESKTOP-U83I70G with PID 13384 (E:\springboot\proyecto\target\classes started by jsusi in E:\springboot\proyecto)
2023-01-24 16:52:47,802 INFO org.springframework.boot.SpringApplication [restartedMain] No active profile set, falling back to 1 default profile: "default"
2023-01-24 16:52:47,987 INFO org.springframework.data.repository.config.RepositoryConfigurationDelegate [restartedMain] Multiple Spring Data modules found, entering strict repository configuration mode
2023-01-24 16:52:47,988 INFO org.springframework.data.repository.config.RepositoryConfigurationDelegate [restartedMain] Bootstrapping Spring Data JDBC repositories in DEFAULT mode.
2023-01-24 16:52:47,992 INFO org.springframework.data.repository.config.RepositoryConfigurationExtensionSupport [restartedMain] Spring Data JDBC - Could not safely identify store assignment for repository candidate interface com.tokioschool.web.repository.FilmRepository; If you want this repository to be a JDBC repository, consider annotating your entities with one of these annotations: org.springframework.data.relational.core.mapping.Table.
2023-01-24 16:52:47,992 INFO org.springframework.data.repository.config.RepositoryConfigurationExtensionSupport [restartedMain] Spring Data JDBC - Could not safely identify store assignment for repository candidate interface com.tokioschool.web.repository.PersonRepository; If you want this repository to be a JDBC repository, consider annotating your entities with one of these annotations: org.springframework.data.relational.core.mapping.Table.
2023-01-24 16:52:47,993 INFO org.springframework.data.repository.config.RepositoryConfigurationExtensionSupport [restartedMain] Spring Data JDBC - Could not safely identify store assignment for repository candidate interface com.tokioschool.web.repository.ReviewRepository; If you want this repository to be a JDBC repository, consider annotating your entities with one of these annotations: org.springframework.data.relational.core.mapping.Table.
2023-01-24 16:52:47,994 INFO org.springframework.data.repository.config.RepositoryConfigurationExtensionSupport [restartedMain] Spring Data JDBC - Could not safely identify store assignment for repository candidate interface com.tokioschool.web.repository.RoleRepository; If you want this repository to be a JDBC repository, consider annotating your entities with one of these annotations: org.springframework.data.relational.core.mapping.Table.
2023-01-24 16:52:47,995 INFO org.springframework.data.repository.config.RepositoryConfigurationExtensionSupport [restartedMain] Spring Data JDBC - Could not safely identify store assignment for repository candidate interface com.tokioschool.web.repository.ScoreRepository; If you want this repository to be a JDBC repository, consider annotating your entities with one of these annotations: org.springframework.data.relational.core.mapping.Table.
2023-01-24 16:52:47,995 INFO org.springframework.data.repository.config.RepositoryConfigurationExtensionSupport [restartedMain] Spring Data JDBC - Could not safely identify store assignment for repository candidate interface com.tokioschool.web.repository.UserRepository; If you want this repository to be a JDBC repository, consider annotating your entities with one of these annotations: org.springframework.data.relational.core.mapping.Table.
2023-01-24 16:52:47,995 INFO org.springframework.data.repository.config.RepositoryConfigurationDelegate [restartedMain] Finished Spring Data repository scanning in 7 ms. Found 0 JDBC repository interfaces.
2023-01-24 16:52:47,998 INFO org.springframework.data.repository.config.RepositoryConfigurationDelegate [restartedMain] Multiple Spring Data modules found, entering strict repository configuration mode
2023-01-24 16:52:47,998 INFO org.springframework.data.repository.config.RepositoryConfigurationDelegate [restartedMain] Bootstrapping Spring Data JPA repositories in DEFAULT mode.
2023-01-24 16:52:48,008 INFO org.springframework.data.repository.config.RepositoryConfigurationDelegate [restartedMain] Finished Spring Data repository scanning in 9 ms. Found 6 JPA repository interfaces.
2023-01-24 16:52:48,069 INFO org.springframework.boot.web.embedded.tomcat.TomcatWebServer [restartedMain] Tomcat initialized with port(s): 8080 (http)
2023-01-24 16:52:48,069 INFO org.apache.juli.logging.DirectJDKLog [restartedMain] Initializing ProtocolHandler ["http-nio-8080"]
2023-01-24 16:52:48,069 INFO org.apache.juli.logging.DirectJDKLog [restartedMain] Starting service [Tomcat]
2023-01-24 16:52:48,069 INFO org.apache.juli.logging.DirectJDKLog [restartedMain] Starting Servlet engine: [Apache Tomcat/9.0.69]
2023-01-24 16:52:48,084 INFO org.apache.juli.logging.DirectJDKLog [restartedMain] Initializing Spring embedded WebApplicationContext
2023-01-24 16:52:48,084 INFO org.springframework.boot.web.servlet.context.ServletWebServerApplicationContext [restartedMain] Root WebApplicationContext: initialization completed in 281 ms
2023-01-24 16:52:48,136 INFO org.hibernate.jpa.internal.util.LogHelper [restartedMain] HHH000204: Processing PersistenceUnitInfo [name: default]
2023-01-24 16:52:48,139 INFO com.zaxxer.hikari.HikariDataSource [restartedMain] HikariPool-2 - Starting...
2023-01-24 16:52:48,142 INFO com.zaxxer.hikari.HikariDataSource [restartedMain] HikariPool-2 - Start completed.
2023-01-24 16:52:48,142 INFO org.hibernate.dialect.Dialect [restartedMain] HHH000400: Using dialect: org.hibernate.dialect.MySQL55Dialect
2023-01-24 16:52:48,236 INFO org.hibernate.engine.transaction.jta.platform.internal.JtaPlatformInitiator [restartedMain] HHH000490: Using JtaPlatform implementation: [org.hibernate.engine.transaction.jta.platform.internal.NoJtaPlatform]
2023-01-24 16:52:48,236 INFO org.springframework.orm.jpa.AbstractEntityManagerFactoryBean [restartedMain] Initialized JPA EntityManagerFactory for persistence unit 'default'
2023-01-24 16:52:48,351 WARN org.springframework.boot.autoconfigure.orm.jpa.JpaBaseConfiguration$JpaWebConfiguration [restartedMain] spring.jpa.open-in-view is enabled by default. Therefore, database queries may be performed during view rendering. Explicitly configure spring.jpa.open-in-view to disable this warning
2023-01-24 16:52:48,359 INFO com.tokioschool.web.config.FilmImageConfig [restartedMain] Comprobamos existencia directorio
2023-01-24 16:52:48,384 WARN org.springframework.security.config.annotation.web.builders.WebSecurity [restartedMain] You are asking Spring Security to ignore Ant [pattern='/resources/**']. This is not recommended -- please use permitAll via HttpSecurity#authorizeHttpRequests instead.
2023-01-24 16:52:48,384 INFO org.springframework.security.web.DefaultSecurityFilterChain [restartedMain] Will not secure Ant [pattern='/resources/**']
2023-01-24 16:52:48,384 WARN org.springframework.security.config.annotation.web.builders.WebSecurity [restartedMain] You are asking Spring Security to ignore Ant [pattern='/static/**']. This is not recommended -- please use permitAll via HttpSecurity#authorizeHttpRequests instead.
2023-01-24 16:52:48,384 INFO org.springframework.security.web.DefaultSecurityFilterChain [restartedMain] Will not secure Ant [pattern='/static/**']
2023-01-24 16:52:48,384 WARN org.springframework.security.config.annotation.web.builders.WebSecurity [restartedMain] You are asking Spring Security to ignore Ant [pattern='/templates/**']. This is not recommended -- please use permitAll via HttpSecurity#authorizeHttpRequests instead.
2023-01-24 16:52:48,384 INFO org.springframework.security.web.DefaultSecurityFilterChain [restartedMain] Will not secure Ant [pattern='/templates/**']
2023-01-24 16:52:48,384 WARN org.springframework.security.config.annotation.web.builders.WebSecurity [restartedMain] You are asking Spring Security to ignore Ant [pattern='/css/**']. This is not recommended -- please use permitAll via HttpSecurity#authorizeHttpRequests instead.
2023-01-24 16:52:48,384 INFO org.springframework.security.web.DefaultSecurityFilterChain [restartedMain] Will not secure Ant [pattern='/css/**']
2023-01-24 16:52:48,384 WARN org.springframework.security.config.annotation.web.builders.WebSecurity [restartedMain] You are asking Spring Security to ignore Ant [pattern='/js/**']. This is not recommended -- please use permitAll via HttpSecurity#authorizeHttpRequests instead.
2023-01-24 16:52:48,384 INFO org.springframework.security.web.DefaultSecurityFilterChain [restartedMain] Will not secure Ant [pattern='/js/**']
2023-01-24 16:52:48,385 WARN org.springframework.security.config.annotation.web.builders.WebSecurity [restartedMain] You are asking Spring Security to ignore Ant [pattern='/images/**']. This is not recommended -- please use permitAll via HttpSecurity#authorizeHttpRequests instead.
2023-01-24 16:52:48,385 INFO org.springframework.security.web.DefaultSecurityFilterChain [restartedMain] Will not secure Ant [pattern='/images/**']
2023-01-24 16:52:48,385 WARN org.springframework.security.config.annotation.web.builders.WebSecurity [restartedMain] You are asking Spring Security to ignore Ant [pattern='/fonts/**']. This is not recommended -- please use permitAll via HttpSecurity#authorizeHttpRequests instead.
2023-01-24 16:52:48,385 INFO org.springframework.security.web.DefaultSecurityFilterChain [restartedMain] Will not secure Ant [pattern='/fonts/**']
2023-01-24 16:52:48,385 WARN org.springframework.security.config.annotation.web.builders.WebSecurity [restartedMain] You are asking Spring Security to ignore Ant [pattern='/webjars/**']. This is not recommended -- please use permitAll via HttpSecurity#authorizeHttpRequests instead.
2023-01-24 16:52:48,385 INFO org.springframework.security.web.DefaultSecurityFilterChain [restartedMain] Will not secure Ant [pattern='/webjars/**']
2023-01-24 16:52:48,385 WARN org.springframework.security.config.annotation.web.builders.WebSecurity [restartedMain] You are asking Spring Security to ignore Ant [pattern='/error/**']. This is not recommended -- please use permitAll via HttpSecurity#authorizeHttpRequests instead.
2023-01-24 16:52:48,385 INFO org.springframework.security.web.DefaultSecurityFilterChain [restartedMain] Will not secure Ant [pattern='/error/**']
2023-01-24 16:52:48,390 INFO org.springframework.security.web.DefaultSecurityFilterChain [restartedMain] Will secure any request with [org.springframework.security.web.session.DisableEncodeUrlFilter@4bb71bad, org.springframework.security.web.context.request.async.WebAsyncManagerIntegrationFilter@7fcc3e1a, org.springframework.security.web.context.SecurityContextPersistenceFilter@55429af4, org.springframework.security.web.header.HeaderWriterFilter@1c544312, org.springframework.security.web.csrf.CsrfFilter@6c42eb85, org.springframework.security.web.authentication.logout.LogoutFilter@5ee33dda, org.springframework.security.web.authentication.UsernamePasswordAuthenticationFilter@64f86dfe, org.springframework.security.web.savedrequest.RequestCacheAwareFilter@35654f69, org.springframework.security.web.servletapi.SecurityContextHolderAwareRequestFilter@b97d604, org.springframework.security.web.authentication.AnonymousAuthenticationFilter@5bcc9172, org.springframework.security.web.session.SessionManagementFilter@2e275276, org.springframework.security.web.access.ExceptionTranslationFilter@57c6e03d, org.springframework.security.web.access.intercept.FilterSecurityInterceptor@25403c85]
2023-01-24 16:52:48,406 INFO org.springframework.boot.autoconfigure.web.servlet.WelcomePageHandlerMapping [restartedMain] Adding welcome page template: index
2023-01-24 16:52:48,490 INFO org.springframework.boot.devtools.autoconfigure.OptionalLiveReloadServer [restartedMain] LiveReload server is running on port 35729
2023-01-24 16:52:48,492 INFO org.springframework.boot.actuate.endpoint.web.EndpointLinksResolver [restartedMain] Exposing 1 endpoint(s) beneath base path '/actuator'
2023-01-24 16:52:48,504 INFO org.apache.juli.logging.DirectJDKLog [restartedMain] Starting ProtocolHandler ["http-nio-8080"]
2023-01-24 16:52:48,506 INFO org.springframework.boot.web.embedded.tomcat.TomcatWebServer [restartedMain] Tomcat started on port(s): 8080 (http) with context path ''
2023-01-24 16:52:48,513 INFO org.springframework.boot.StartupInfoLogger [restartedMain] Started ProyectoApplication in 0.768 seconds (JVM running for 310.903)
2023-01-24 16:52:48,515 INFO org.springframework.boot.devtools.autoconfigure.ConditionEvaluationDeltaLoggingListener [restartedMain] Condition evaluation unchanged
2023-01-24 16:55:12,705 INFO org.springframework.boot.admin.SpringApplicationAdminMXBeanRegistrar$SpringApplicationAdmin [RMI TCP Connection(14)-127.0.0.1] Application shutdown requested.
2023-01-24 16:55:12,710 INFO org.apache.juli.logging.DirectJDKLog [RMI TCP Connection(14)-127.0.0.1] Pausing ProtocolHandler ["http-nio-8080"]
2023-01-24 16:55:12,710 INFO org.apache.juli.logging.DirectJDKLog [RMI TCP Connection(14)-127.0.0.1] Stopping service [Tomcat]
2023-01-24 16:55:12,712 INFO org.apache.juli.logging.DirectJDKLog [RMI TCP Connection(14)-127.0.0.1] Stopping ProtocolHandler ["http-nio-8080"]
2023-01-24 16:55:12,713 INFO org.apache.juli.logging.DirectJDKLog [RMI TCP Connection(14)-127.0.0.1] Destroying ProtocolHandler ["http-nio-8080"]
2023-01-24 16:55:12,715 INFO org.springframework.orm.jpa.AbstractEntityManagerFactoryBean [RMI TCP Connection(14)-127.0.0.1] Closing JPA EntityManagerFactory for persistence unit 'default'
2023-01-24 16:55:12,716 INFO com.zaxxer.hikari.HikariDataSource [RMI TCP Connection(14)-127.0.0.1] HikariPool-2 - Shutdown initiated...
2023-01-24 16:55:12,719 INFO com.zaxxer.hikari.HikariDataSource [RMI TCP Connection(14)-127.0.0.1] HikariPool-2 - Shutdown completed.
2023-01-24 22:17:21,844 INFO org.springframework.boot.StartupInfoLogger [restartedMain] Starting ProyectoApplication using Java 17.0.3.1 on DESKTOP-U83I70G with PID 14856 (E:\springboot\proyecto\target\classes started by jsusi in E:\springboot\proyecto)
2023-01-24 22:17:21,845 INFO org.springframework.boot.SpringApplication [restartedMain] No active profile set, falling back to 1 default profile: "default"
2023-01-24 22:17:21,880 INFO org.springframework.boot.logging.DeferredLog [restartedMain] Devtools property defaults active! Set 'spring.devtools.add-properties' to 'false' to disable
2023-01-24 22:17:21,880 INFO org.springframework.boot.logging.DeferredLog [restartedMain] For additional web related logging consider setting the 'logging.level.web' property to 'DEBUG'
2023-01-24 22:17:22,550 INFO org.springframework.data.repository.config.RepositoryConfigurationDelegate [restartedMain] Multiple Spring Data modules found, entering strict repository configuration mode
2023-01-24 22:17:22,551 INFO org.springframework.data.repository.config.RepositoryConfigurationDelegate [restartedMain] Bootstrapping Spring Data JDBC repositories in DEFAULT mode.
2023-01-24 22:17:22,573 INFO org.springframework.data.repository.config.RepositoryConfigurationExtensionSupport [restartedMain] Spring Data JDBC - Could not safely identify store assignment for repository candidate interface com.tokioschool.web.repository.FilmRepository; If you want this repository to be a JDBC repository, consider annotating your entities with one of these annotations: org.springframework.data.relational.core.mapping.Table.
2023-01-24 22:17:22,574 INFO org.springframework.data.repository.config.RepositoryConfigurationExtensionSupport [restartedMain] Spring Data JDBC - Could not safely identify store assignment for repository candidate interface com.tokioschool.web.repository.PersonRepository; If you want this repository to be a JDBC repository, consider annotating your entities with one of these annotations: org.springframework.data.relational.core.mapping.Table.
2023-01-24 22:17:22,575 INFO org.springframework.data.repository.config.RepositoryConfigurationExtensionSupport [restartedMain] Spring Data JDBC - Could not safely identify store assignment for repository candidate interface com.tokioschool.web.repository.ReviewRepository; If you want this repository to be a JDBC repository, consider annotating your entities with one of these annotations: org.springframework.data.relational.core.mapping.Table.
2023-01-24 22:17:22,576 INFO org.springframework.data.repository.config.RepositoryConfigurationExtensionSupport [restartedMain] Spring Data JDBC - Could not safely identify store assignment for repository candidate interface com.tokioschool.web.repository.RoleRepository; If you want this repository to be a JDBC repository, consider annotating your entities with one of these annotations: org.springframework.data.relational.core.mapping.Table.
2023-01-24 22:17:22,577 INFO org.springframework.data.repository.config.RepositoryConfigurationExtensionSupport [restartedMain] Spring Data JDBC - Could not safely identify store assignment for repository candidate interface com.tokioschool.web.repository.ScoreRepository; If you want this repository to be a JDBC repository, consider annotating your entities with one of these annotations: org.springframework.data.relational.core.mapping.Table.
2023-01-24 22:17:22,578 INFO org.springframework.data.repository.config.RepositoryConfigurationExtensionSupport [restartedMain] Spring Data JDBC - Could not safely identify store assignment for repository candidate interface com.tokioschool.web.repository.UserRepository; If you want this repository to be a JDBC repository, consider annotating your entities with one of these annotations: org.springframework.data.relational.core.mapping.Table.
2023-01-24 22:17:22,579 INFO org.springframework.data.repository.config.RepositoryConfigurationDelegate [restartedMain] Finished Spring Data repository scanning in 24 ms. Found 0 JDBC repository interfaces.
2023-01-24 22:17:22,585 INFO org.springframework.data.repository.config.RepositoryConfigurationDelegate [restartedMain] Multiple Spring Data modules found, entering strict repository configuration mode
2023-01-24 22:17:22,586 INFO org.springframework.data.repository.config.RepositoryConfigurationDelegate [restartedMain] Bootstrapping Spring Data JPA repositories in DEFAULT mode.
2023-01-24 22:17:22,616 INFO org.springframework.data.repository.config.RepositoryConfigurationDelegate [restartedMain] Finished Spring Data repository scanning in 26 ms. Found 6 JPA repository interfaces.
2023-01-24 22:17:23,038 INFO org.springframework.boot.web.embedded.tomcat.TomcatWebServer [restartedMain] Tomcat initialized with port(s): 8080 (http)
2023-01-24 22:17:23,045 INFO org.apache.juli.logging.DirectJDKLog [restartedMain] Initializing ProtocolHandler ["http-nio-8080"]
2023-01-24 22:17:23,046 INFO org.apache.juli.logging.DirectJDKLog [restartedMain] Starting service [Tomcat]
2023-01-24 22:17:23,046 INFO org.apache.juli.logging.DirectJDKLog [restartedMain] Starting Servlet engine: [Apache Tomcat/9.0.69]
2023-01-24 22:17:23,106 INFO org.apache.juli.logging.DirectJDKLog [restartedMain] Initializing Spring embedded WebApplicationContext
2023-01-24 22:17:23,106 INFO org.springframework.boot.web.servlet.context.ServletWebServerApplicationContext [restartedMain] Root WebApplicationContext: initialization completed in 1225 ms
2023-01-24 22:17:23,326 INFO org.hibernate.jpa.internal.util.LogHelper [restartedMain] HHH000204: Processing PersistenceUnitInfo [name: default]
2023-01-24 22:17:23,359 INFO org.hibernate.Version [restartedMain] HHH000412: Hibernate ORM core version 5.6.14.Final
2023-01-24 22:17:23,471 INFO org.hibernate.annotations.common.reflection.java.JavaReflectionManager [restartedMain] HCANN000001: Hibernate Commons Annotations {5.1.2.Final}
2023-01-24 22:17:23,540 INFO com.zaxxer.hikari.HikariDataSource [restartedMain] HikariPool-1 - Starting...
2023-01-24 22:17:23,647 INFO com.zaxxer.hikari.HikariDataSource [restartedMain] HikariPool-1 - Start completed.
2023-01-24 22:17:23,668 INFO org.hibernate.dialect.Dialect [restartedMain] HHH000400: Using dialect: org.hibernate.dialect.MySQL55Dialect
2023-01-24 22:17:24,232 INFO org.hibernate.engine.transaction.jta.platform.internal.JtaPlatformInitiator [restartedMain] HHH000490: Using JtaPlatform implementation: [org.hibernate.engine.transaction.jta.platform.internal.NoJtaPlatform]
2023-01-24 22:17:24,238 INFO org.springframework.orm.jpa.AbstractEntityManagerFactoryBean [restartedMain] Initialized JPA EntityManagerFactory for persistence unit 'default'
2023-01-24 22:17:24,674 WARN org.springframework.boot.autoconfigure.orm.jpa.JpaBaseConfiguration$JpaWebConfiguration [restartedMain] spring.jpa.open-in-view is enabled by default. Therefore, database queries may be performed during view rendering. Explicitly configure spring.jpa.open-in-view to disable this warning
2023-01-24 22:17:24,688 INFO com.tokioschool.web.config.FilmImageConfig [restartedMain] Comprobamos existencia directorio
2023-01-24 22:17:24,826 WARN org.springframework.security.config.annotation.web.builders.WebSecurity [restartedMain] You are asking Spring Security to ignore Ant [pattern='/resources/**']. This is not recommended -- please use permitAll via HttpSecurity#authorizeHttpRequests instead.
2023-01-24 22:17:24,826 INFO org.springframework.security.web.DefaultSecurityFilterChain [restartedMain] Will not secure Ant [pattern='/resources/**']
2023-01-24 22:17:24,827 WARN org.springframework.security.config.annotation.web.builders.WebSecurity [restartedMain] You are asking Spring Security to ignore Ant [pattern='/static/**']. This is not recommended -- please use permitAll via HttpSecurity#authorizeHttpRequests instead.
2023-01-24 22:17:24,827 INFO org.springframework.security.web.DefaultSecurityFilterChain [restartedMain] Will not secure Ant [pattern='/static/**']
2023-01-24 22:17:24,827 WARN org.springframework.security.config.annotation.web.builders.WebSecurity [restartedMain] You are asking Spring Security to ignore Ant [pattern='/templates/**']. This is not recommended -- please use permitAll via HttpSecurity#authorizeHttpRequests instead.
2023-01-24 22:17:24,828 INFO org.springframework.security.web.DefaultSecurityFilterChain [restartedMain] Will not secure Ant [pattern='/templates/**']
2023-01-24 22:17:24,828 WARN org.springframework.security.config.annotation.web.builders.WebSecurity [restartedMain] You are asking Spring Security to ignore Ant [pattern='/css/**']. This is not recommended -- please use permitAll via HttpSecurity#authorizeHttpRequests instead.
2023-01-24 22:17:24,828 INFO org.springframework.security.web.DefaultSecurityFilterChain [restartedMain] Will not secure Ant [pattern='/css/**']
2023-01-24 22:17:24,828 WARN org.springframework.security.config.annotation.web.builders.WebSecurity [restartedMain] You are asking Spring Security to ignore Ant [pattern='/js/**']. This is not recommended -- please use permitAll via HttpSecurity#authorizeHttpRequests instead.
2023-01-24 22:17:24,828 INFO org.springframework.security.web.DefaultSecurityFilterChain [restartedMain] Will not secure Ant [pattern='/js/**']
2023-01-24 22:17:24,828 WARN org.springframework.security.config.annotation.web.builders.WebSecurity [restartedMain] You are asking Spring Security to ignore Ant [pattern='/images/**']. This is not recommended -- please use permitAll via HttpSecurity#authorizeHttpRequests instead.
2023-01-24 22:17:24,828 INFO org.springframework.security.web.DefaultSecurityFilterChain [restartedMain] Will not secure Ant [pattern='/images/**']
2023-01-24 22:17:24,829 WARN org.springframework.security.config.annotation.web.builders.WebSecurity [restartedMain] You are asking Spring Security to ignore Ant [pattern='/fonts/**']. This is not recommended -- please use permitAll via HttpSecurity#authorizeHttpRequests instead.
2023-01-24 22:17:24,829 INFO org.springframework.security.web.DefaultSecurityFilterChain [restartedMain] Will not secure Ant [pattern='/fonts/**']
2023-01-24 22:17:24,829 WARN org.springframework.security.config.annotation.web.builders.WebSecurity [restartedMain] You are asking Spring Security to ignore Ant [pattern='/webjars/**']. This is not recommended -- please use permitAll via HttpSecurity#authorizeHttpRequests instead.
2023-01-24 22:17:24,829 INFO org.springframework.security.web.DefaultSecurityFilterChain [restartedMain] Will not secure Ant [pattern='/webjars/**']
2023-01-24 22:17:24,829 WARN org.springframework.security.config.annotation.web.builders.WebSecurity [restartedMain] You are asking Spring Security to ignore Ant [pattern='/error/**']. This is not recommended -- please use permitAll via HttpSecurity#authorizeHttpRequests instead.
2023-01-24 22:17:24,829 INFO org.springframework.security.web.DefaultSecurityFilterChain [restartedMain] Will not secure Ant [pattern='/error/**']
2023-01-24 22:17:24,863 INFO org.springframework.security.web.DefaultSecurityFilterChain [restartedMain] Will secure any request with [org.springframework.security.web.session.DisableEncodeUrlFilter@3be9b286, org.springframework.security.web.context.request.async.WebAsyncManagerIntegrationFilter@95efdc5, org.springframework.security.web.context.SecurityContextPersistenceFilter@43309095, org.springframework.security.web.header.HeaderWriterFilter@4c61190b, org.springframework.security.web.csrf.CsrfFilter@4af73d55, org.springframework.security.web.authentication.logout.LogoutFilter@731c790a, org.springframework.security.web.authentication.UsernamePasswordAuthenticationFilter@46196d82, org.springframework.security.web.savedrequest.RequestCacheAwareFilter@1f857f1c, org.springframework.security.web.servletapi.SecurityContextHolderAwareRequestFilter@1aaf07e6, org.springframework.security.web.authentication.AnonymousAuthenticationFilter@4a6e411, org.springframework.security.web.session.SessionManagementFilter@7e5bfaa3, org.springframework.security.web.access.ExceptionTranslationFilter@327d707b, org.springframework.security.web.access.intercept.FilterSecurityInterceptor@20056206]
2023-01-24 22:17:24,944 INFO org.springframework.boot.autoconfigure.web.servlet.WelcomePageHandlerMapping [restartedMain] Adding welcome page template: index
2023-01-24 22:17:25,249 WARN org.springframework.boot.devtools.autoconfigure.OptionalLiveReloadServer [restartedMain] Unable to start LiveReload server
2023-01-24 22:17:25,254 INFO org.springframework.boot.actuate.endpoint.web.EndpointLinksResolver [restartedMain] Exposing 1 endpoint(s) beneath base path '/actuator'
2023-01-24 22:17:25,278 INFO org.apache.juli.logging.DirectJDKLog [restartedMain] Starting ProtocolHandler ["http-nio-8080"]
2023-01-24 22:17:25,293 INFO org.springframework.boot.web.embedded.tomcat.TomcatWebServer [restartedMain] Tomcat started on port(s): 8080 (http) with context path ''
2023-01-24 22:17:25,306 INFO org.springframework.boot.StartupInfoLogger [restartedMain] Started ProyectoApplication in 3.741 seconds (JVM running for 4.196)
2023-01-24 22:17:26,479 INFO org.apache.juli.logging.DirectJDKLog [RMI TCP Connection(5)-127.0.0.1] Initializing Spring DispatcherServlet 'dispatcherServlet'
2023-01-24 22:17:26,480 INFO org.springframework.web.servlet.FrameworkServlet [RMI TCP Connection(5)-127.0.0.1] Initializing Servlet 'dispatcherServlet'
2023-01-24 22:17:26,481 INFO org.springframework.web.servlet.FrameworkServlet [RMI TCP Connection(5)-127.0.0.1] Completed initialization in 1 ms
2023-01-24 22:18:03,164 INFO com.tokioschool.web.util.HelperRest [http-nio-8080-exec-8] No hay token procedemos a solicitar uno
2023-01-24 22:18:03,522 INFO com.tokioschool.web.util.HelperRest [http-nio-8080-exec-8] Token Generado
2023-01-24 22:18:03,522 INFO com.tokioschool.web.controller.ControllerFilm [http-nio-8080-exec-8] Procedemos a mandar la solicitud
2023-01-24 22:18:03,560 INFO com.tokioschool.web.controller.ControllerFilm [http-nio-8080-exec-8] recibimos la solicitud en el response
2023-01-24 22:18:03,562 INFO com.tokioschool.web.controller.ControllerFilm [http-nio-8080-exec-8] Procedemos a mandar la solicitud
2023-01-24 22:18:03,573 INFO com.tokioschool.web.controller.ControllerFilm [http-nio-8080-exec-8] recibimos la solicitud en el response
2023-01-24 22:18:08,372 INFO com.tokioschool.web.controller.ControllerFilm [http-nio-8080-exec-10] **************************save film**************************************
2023-01-24 22:18:08,395 INFO com.tokioschool.web.controller.ControllerFilm [http-nio-8080-exec-1] Procedemos a mandar la solicitud
2023-01-24 22:18:08,407 INFO com.tokioschool.web.controller.ControllerFilm [http-nio-8080-exec-1] recibimos la solicitud en el response
2023-01-24 22:18:08,408 INFO com.tokioschool.web.controller.ControllerFilm [http-nio-8080-exec-1] Procedemos a mandar la solicitud
2023-01-24 22:18:08,420 INFO com.tokioschool.web.controller.ControllerFilm [http-nio-8080-exec-1] recibimos la solicitud en el response
2023-01-24 22:18:25,232 INFO com.tokioschool.web.controller.ControllerFilm [http-nio-8080-exec-5] Procedemos a mandar la solicitud
2023-01-24 22:18:25,245 INFO com.tokioschool.web.controller.ControllerFilm [http-nio-8080-exec-5] recibimos la solicitud en el response
2023-01-24 22:18:25,247 INFO com.tokioschool.web.controller.ControllerFilm [http-nio-8080-exec-5] Procedemos a mandar la solicitud
2023-01-24 22:18:25,260 INFO com.tokioschool.web.controller.ControllerFilm [http-nio-8080-exec-5] recibimos la solicitud en el response
2023-01-24 22:45:36,322 INFO org.springframework.boot.admin.SpringApplicationAdminMXBeanRegistrar$SpringApplicationAdmin [RMI TCP Connection(36)-127.0.0.1] Application shutdown requested.
2023-01-24 22:45:36,328 INFO org.apache.juli.logging.DirectJDKLog [RMI TCP Connection(36)-127.0.0.1] Pausing ProtocolHandler ["http-nio-8080"]
2023-01-24 22:45:36,329 INFO org.apache.juli.logging.DirectJDKLog [RMI TCP Connection(36)-127.0.0.1] Stopping service [Tomcat]
2023-01-24 22:45:36,330 INFO org.apache.juli.logging.DirectJDKLog [RMI TCP Connection(36)-127.0.0.1] Destroying Spring FrameworkServlet 'dispatcherServlet'
2023-01-24 22:45:36,335 INFO org.apache.juli.logging.DirectJDKLog [RMI TCP Connection(36)-127.0.0.1] Stopping ProtocolHandler ["http-nio-8080"]
2023-01-24 22:45:36,336 INFO org.apache.juli.logging.DirectJDKLog [RMI TCP Connection(36)-127.0.0.1] Destroying ProtocolHandler ["http-nio-8080"]
2023-01-24 22:45:36,341 INFO org.springframework.orm.jpa.AbstractEntityManagerFactoryBean [RMI TCP Connection(36)-127.0.0.1] Closing JPA EntityManagerFactory for persistence unit 'default'
2023-01-24 22:45:36,344 INFO com.zaxxer.hikari.HikariDataSource [RMI TCP Connection(36)-127.0.0.1] HikariPool-1 - Shutdown initiated...
2023-01-24 22:45:36,349 INFO com.zaxxer.hikari.HikariDataSource [RMI TCP Connection(36)-127.0.0.1] HikariPool-1 - Shutdown completed.
