2023-03-01 00:04:01,298 INFO org.springframework.boot.StartupInfoLogger [restartedMain] Starting ProyectoApplication using Java 17.0.3.1 on DESKTOP-U83I70G with PID 4108 (E:\springboot\proyecto\target\classes started by jsusi in E:\springboot\proyecto)
2023-03-01 00:04:01,299 INFO org.springframework.boot.SpringApplication [restartedMain] No active profile set, falling back to 1 default profile: "default"
2023-03-01 00:04:01,331 INFO org.springframework.boot.logging.DeferredLog [restartedMain] Devtools property defaults active! Set 'spring.devtools.add-properties' to 'false' to disable
2023-03-01 00:04:01,332 INFO org.springframework.boot.logging.DeferredLog [restartedMain] For additional web related logging consider setting the 'logging.level.web' property to 'DEBUG'
2023-03-01 00:04:01,934 INFO org.springframework.data.repository.config.RepositoryConfigurationDelegate [restartedMain] Multiple Spring Data modules found, entering strict repository configuration mode
2023-03-01 00:04:01,935 INFO org.springframework.data.repository.config.RepositoryConfigurationDelegate [restartedMain] Bootstrapping Spring Data JDBC repositories in DEFAULT mode.
2023-03-01 00:04:01,954 INFO org.springframework.data.repository.config.RepositoryConfigurationExtensionSupport [restartedMain] Spring Data JDBC - Could not safely identify store assignment for repository candidate interface com.tokioschool.web.repository.FilmRepository; If you want this repository to be a JDBC repository, consider annotating your entities with one of these annotations: org.springframework.data.relational.core.mapping.Table.
2023-03-01 00:04:01,955 INFO org.springframework.data.repository.config.RepositoryConfigurationExtensionSupport [restartedMain] Spring Data JDBC - Could not safely identify store assignment for repository candidate interface com.tokioschool.web.repository.PersonRepository; If you want this repository to be a JDBC repository, consider annotating your entities with one of these annotations: org.springframework.data.relational.core.mapping.Table.
2023-03-01 00:04:01,956 INFO org.springframework.data.repository.config.RepositoryConfigurationExtensionSupport [restartedMain] Spring Data JDBC - Could not safely identify store assignment for repository candidate interface com.tokioschool.web.repository.ReviewRepository; If you want this repository to be a JDBC repository, consider annotating your entities with one of these annotations: org.springframework.data.relational.core.mapping.Table.
2023-03-01 00:04:01,957 INFO org.springframework.data.repository.config.RepositoryConfigurationExtensionSupport [restartedMain] Spring Data JDBC - Could not safely identify store assignment for repository candidate interface com.tokioschool.web.repository.RoleRepository; If you want this repository to be a JDBC repository, consider annotating your entities with one of these annotations: org.springframework.data.relational.core.mapping.Table.
2023-03-01 00:04:01,958 INFO org.springframework.data.repository.config.RepositoryConfigurationExtensionSupport [restartedMain] Spring Data JDBC - Could not safely identify store assignment for repository candidate interface com.tokioschool.web.repository.ScoreRepository; If you want this repository to be a JDBC repository, consider annotating your entities with one of these annotations: org.springframework.data.relational.core.mapping.Table.
2023-03-01 00:04:01,959 INFO org.springframework.data.repository.config.RepositoryConfigurationExtensionSupport [restartedMain] Spring Data JDBC - Could not safely identify store assignment for repository candidate interface com.tokioschool.web.repository.UserRepository; If you want this repository to be a JDBC repository, consider annotating your entities with one of these annotations: org.springframework.data.relational.core.mapping.Table.
2023-03-01 00:04:01,960 INFO org.springframework.data.repository.config.RepositoryConfigurationDelegate [restartedMain] Finished Spring Data repository scanning in 21 ms. Found 0 JDBC repository interfaces.
2023-03-01 00:04:01,965 INFO org.springframework.data.repository.config.RepositoryConfigurationDelegate [restartedMain] Multiple Spring Data modules found, entering strict repository configuration mode
2023-03-01 00:04:01,966 INFO org.springframework.data.repository.config.RepositoryConfigurationDelegate [restartedMain] Bootstrapping Spring Data JPA repositories in DEFAULT mode.
2023-03-01 00:04:01,993 INFO org.springframework.data.repository.config.RepositoryConfigurationDelegate [restartedMain] Finished Spring Data repository scanning in 23 ms. Found 6 JPA repository interfaces.
2023-03-01 00:04:02,388 INFO org.springframework.boot.web.embedded.tomcat.TomcatWebServer [restartedMain] Tomcat initialized with port(s): 8080 (http)
2023-03-01 00:04:02,393 INFO org.apache.juli.logging.DirectJDKLog [restartedMain] Initializing ProtocolHandler ["http-nio-8080"]
2023-03-01 00:04:02,394 INFO org.apache.juli.logging.DirectJDKLog [restartedMain] Starting service [Tomcat]
2023-03-01 00:04:02,394 INFO org.apache.juli.logging.DirectJDKLog [restartedMain] Starting Servlet engine: [Apache Tomcat/9.0.69]
2023-03-01 00:04:02,450 INFO org.apache.juli.logging.DirectJDKLog [restartedMain] Initializing Spring embedded WebApplicationContext
2023-03-01 00:04:02,451 INFO org.springframework.boot.web.servlet.context.ServletWebServerApplicationContext [restartedMain] Root WebApplicationContext: initialization completed in 1111 ms
2023-03-01 00:04:02,661 INFO org.hibernate.jpa.internal.util.LogHelper [restartedMain] HHH000204: Processing PersistenceUnitInfo [name: default]
2023-03-01 00:04:02,693 INFO org.hibernate.Version [restartedMain] HHH000412: Hibernate ORM core version 5.6.14.Final
2023-03-01 00:04:02,796 INFO org.hibernate.annotations.common.reflection.java.JavaReflectionManager [restartedMain] HCANN000001: Hibernate Commons Annotations {5.1.2.Final}
2023-03-01 00:04:02,868 INFO com.zaxxer.hikari.HikariDataSource [restartedMain] HikariPool-1 - Starting...
2023-03-01 00:04:02,974 INFO com.zaxxer.hikari.HikariDataSource [restartedMain] HikariPool-1 - Start completed.
2023-03-01 00:04:02,993 INFO org.hibernate.dialect.Dialect [restartedMain] HHH000400: Using dialect: org.hibernate.dialect.MySQL55Dialect
2023-03-01 00:04:03,513 INFO org.hibernate.engine.transaction.jta.platform.internal.JtaPlatformInitiator [restartedMain] HHH000490: Using JtaPlatform implementation: [org.hibernate.engine.transaction.jta.platform.internal.NoJtaPlatform]
2023-03-01 00:04:03,519 INFO org.springframework.orm.jpa.AbstractEntityManagerFactoryBean [restartedMain] Initialized JPA EntityManagerFactory for persistence unit 'default'
2023-03-01 00:04:03,926 WARN org.springframework.boot.autoconfigure.orm.jpa.JpaBaseConfiguration$JpaWebConfiguration [restartedMain] spring.jpa.open-in-view is enabled by default. Therefore, database queries may be performed during view rendering. Explicitly configure spring.jpa.open-in-view to disable this warning
2023-03-01 00:04:03,938 INFO com.tokioschool.web.config.FilmImageConfig [restartedMain] Comprobamos existencia directorio
2023-03-01 00:04:04,072 WARN org.springframework.security.config.annotation.web.builders.WebSecurity [restartedMain] You are asking Spring Security to ignore Ant [pattern='/resources/**']. This is not recommended -- please use permitAll via HttpSecurity#authorizeHttpRequests instead.
2023-03-01 00:04:04,072 INFO org.springframework.security.web.DefaultSecurityFilterChain [restartedMain] Will not secure Ant [pattern='/resources/**']
2023-03-01 00:04:04,073 WARN org.springframework.security.config.annotation.web.builders.WebSecurity [restartedMain] You are asking Spring Security to ignore Ant [pattern='/static/**']. This is not recommended -- please use permitAll via HttpSecurity#authorizeHttpRequests instead.
2023-03-01 00:04:04,073 INFO org.springframework.security.web.DefaultSecurityFilterChain [restartedMain] Will not secure Ant [pattern='/static/**']
2023-03-01 00:04:04,073 WARN org.springframework.security.config.annotation.web.builders.WebSecurity [restartedMain] You are asking Spring Security to ignore Ant [pattern='/templates/**']. This is not recommended -- please use permitAll via HttpSecurity#authorizeHttpRequests instead.
2023-03-01 00:04:04,073 INFO org.springframework.security.web.DefaultSecurityFilterChain [restartedMain] Will not secure Ant [pattern='/templates/**']
2023-03-01 00:04:04,073 WARN org.springframework.security.config.annotation.web.builders.WebSecurity [restartedMain] You are asking Spring Security to ignore Ant [pattern='/css/**']. This is not recommended -- please use permitAll via HttpSecurity#authorizeHttpRequests instead.
2023-03-01 00:04:04,073 INFO org.springframework.security.web.DefaultSecurityFilterChain [restartedMain] Will not secure Ant [pattern='/css/**']
2023-03-01 00:04:04,073 WARN org.springframework.security.config.annotation.web.builders.WebSecurity [restartedMain] You are asking Spring Security to ignore Ant [pattern='/js/**']. This is not recommended -- please use permitAll via HttpSecurity#authorizeHttpRequests instead.
2023-03-01 00:04:04,074 INFO org.springframework.security.web.DefaultSecurityFilterChain [restartedMain] Will not secure Ant [pattern='/js/**']
2023-03-01 00:04:04,074 WARN org.springframework.security.config.annotation.web.builders.WebSecurity [restartedMain] You are asking Spring Security to ignore Ant [pattern='/images/**']. This is not recommended -- please use permitAll via HttpSecurity#authorizeHttpRequests instead.
2023-03-01 00:04:04,074 INFO org.springframework.security.web.DefaultSecurityFilterChain [restartedMain] Will not secure Ant [pattern='/images/**']
2023-03-01 00:04:04,074 WARN org.springframework.security.config.annotation.web.builders.WebSecurity [restartedMain] You are asking Spring Security to ignore Ant [pattern='/fonts/**']. This is not recommended -- please use permitAll via HttpSecurity#authorizeHttpRequests instead.
2023-03-01 00:04:04,074 INFO org.springframework.security.web.DefaultSecurityFilterChain [restartedMain] Will not secure Ant [pattern='/fonts/**']
2023-03-01 00:04:04,074 WARN org.springframework.security.config.annotation.web.builders.WebSecurity [restartedMain] You are asking Spring Security to ignore Ant [pattern='/webjars/**']. This is not recommended -- please use permitAll via HttpSecurity#authorizeHttpRequests instead.
2023-03-01 00:04:04,074 INFO org.springframework.security.web.DefaultSecurityFilterChain [restartedMain] Will not secure Ant [pattern='/webjars/**']
2023-03-01 00:04:04,074 WARN org.springframework.security.config.annotation.web.builders.WebSecurity [restartedMain] You are asking Spring Security to ignore Ant [pattern='/error/**']. This is not recommended -- please use permitAll via HttpSecurity#authorizeHttpRequests instead.
2023-03-01 00:04:04,074 INFO org.springframework.security.web.DefaultSecurityFilterChain [restartedMain] Will not secure Ant [pattern='/error/**']
2023-03-01 00:04:04,106 INFO org.springframework.security.web.DefaultSecurityFilterChain [restartedMain] Will secure any request with [org.springframework.security.web.session.DisableEncodeUrlFilter@10ecab9e, org.springframework.security.web.context.request.async.WebAsyncManagerIntegrationFilter@41a4ee4d, org.springframework.security.web.context.SecurityContextPersistenceFilter@547d6103, org.springframework.security.web.header.HeaderWriterFilter@27adcbb1, org.springframework.security.web.csrf.CsrfFilter@39d3136f, org.springframework.security.web.authentication.logout.LogoutFilter@888c388, org.springframework.security.web.authentication.UsernamePasswordAuthenticationFilter@259c150e, org.springframework.security.web.savedrequest.RequestCacheAwareFilter@35414363, org.springframework.security.web.servletapi.SecurityContextHolderAwareRequestFilter@bc3bf98, org.springframework.security.web.authentication.AnonymousAuthenticationFilter@4d5a712, org.springframework.security.web.session.SessionManagementFilter@4e141da0, org.springframework.security.web.access.ExceptionTranslationFilter@e1a7a7, org.springframework.security.web.access.intercept.FilterSecurityInterceptor@614c731f]
2023-03-01 00:04:04,192 INFO org.springframework.boot.autoconfigure.web.servlet.WelcomePageHandlerMapping [restartedMain] Adding welcome page template: index
2023-03-01 00:04:04,481 WARN org.springframework.boot.devtools.autoconfigure.OptionalLiveReloadServer [restartedMain] Unable to start LiveReload server
2023-03-01 00:04:04,485 INFO org.springframework.boot.actuate.endpoint.web.EndpointLinksResolver [restartedMain] Exposing 1 endpoint(s) beneath base path '/actuator'
2023-03-01 00:04:04,506 INFO org.apache.juli.logging.DirectJDKLog [restartedMain] Starting ProtocolHandler ["http-nio-8080"]
2023-03-01 00:04:04,519 INFO org.springframework.boot.web.embedded.tomcat.TomcatWebServer [restartedMain] Tomcat started on port(s): 8080 (http) with context path ''
2023-03-01 00:04:04,532 INFO org.springframework.boot.StartupInfoLogger [restartedMain] Started ProyectoApplication in 3.498 seconds (JVM running for 3.906)
2023-03-01 00:04:05,467 INFO org.apache.juli.logging.DirectJDKLog [RMI TCP Connection(9)-127.0.0.1] Initializing Spring DispatcherServlet 'dispatcherServlet'
2023-03-01 00:04:05,467 INFO org.springframework.web.servlet.FrameworkServlet [RMI TCP Connection(9)-127.0.0.1] Initializing Servlet 'dispatcherServlet'
2023-03-01 00:04:05,468 INFO org.springframework.web.servlet.FrameworkServlet [RMI TCP Connection(9)-127.0.0.1] Completed initialization in 1 ms
2023-03-01 00:04:13,151 INFO com.tokioschool.web.controller.ControllerFilm [http-nio-8080-exec-9] Procedemos a mandar la solicitud
2023-03-01 00:04:13,432 INFO com.tokioschool.web.controller.ControllerFilm [http-nio-8080-exec-9] recibimos la solicitud en el response
2023-03-01 00:06:10,041 INFO org.springframework.boot.admin.SpringApplicationAdminMXBeanRegistrar$SpringApplicationAdmin [RMI TCP Connection(13)-127.0.0.1] Application shutdown requested.
2023-03-01 00:06:10,047 INFO org.apache.juli.logging.DirectJDKLog [RMI TCP Connection(13)-127.0.0.1] Pausing ProtocolHandler ["http-nio-8080"]
2023-03-01 00:06:10,047 INFO org.apache.juli.logging.DirectJDKLog [RMI TCP Connection(13)-127.0.0.1] Stopping service [Tomcat]
2023-03-01 00:06:10,048 INFO org.apache.juli.logging.DirectJDKLog [RMI TCP Connection(13)-127.0.0.1] Destroying Spring FrameworkServlet 'dispatcherServlet'
2023-03-01 00:06:10,051 INFO org.apache.juli.logging.DirectJDKLog [RMI TCP Connection(13)-127.0.0.1] Stopping ProtocolHandler ["http-nio-8080"]
2023-03-01 00:06:10,052 INFO org.apache.juli.logging.DirectJDKLog [RMI TCP Connection(13)-127.0.0.1] Destroying ProtocolHandler ["http-nio-8080"]
2023-03-01 00:06:10,058 INFO org.springframework.orm.jpa.AbstractEntityManagerFactoryBean [RMI TCP Connection(13)-127.0.0.1] Closing JPA EntityManagerFactory for persistence unit 'default'
2023-03-01 00:06:10,060 INFO com.zaxxer.hikari.HikariDataSource [RMI TCP Connection(13)-127.0.0.1] HikariPool-1 - Shutdown initiated...
2023-03-01 00:06:10,066 INFO com.zaxxer.hikari.HikariDataSource [RMI TCP Connection(13)-127.0.0.1] HikariPool-1 - Shutdown completed.
