2023-01-03 21:27:43,650 INFO org.springframework.boot.StartupInfoLogger [restartedMain] Starting ProyectoApplication using Java 17 on DESKTOP-U83I70G with PID 15048 (E:\springboot\proyecto\target\classes started by jsusi in E:\springboot\proyecto)
2023-01-03 21:27:43,652 INFO org.springframework.boot.SpringApplication [restartedMain] No active profile set, falling back to 1 default profile: "default"
2023-01-03 21:27:43,846 INFO org.springframework.data.repository.config.RepositoryConfigurationDelegate [restartedMain] Multiple Spring Data modules found, entering strict repository configuration mode
2023-01-03 21:27:43,847 INFO org.springframework.data.repository.config.RepositoryConfigurationDelegate [restartedMain] Bootstrapping Spring Data JDBC repositories in DEFAULT mode.
2023-01-03 21:27:43,851 INFO org.springframework.data.repository.config.RepositoryConfigurationExtensionSupport [restartedMain] Spring Data JDBC - Could not safely identify store assignment for repository candidate interface com.tokioschool.web.repository.FilmRepository; If you want this repository to be a JDBC repository, consider annotating your entities with one of these annotations: org.springframework.data.relational.core.mapping.Table.
2023-01-03 21:27:43,852 INFO org.springframework.data.repository.config.RepositoryConfigurationExtensionSupport [restartedMain] Spring Data JDBC - Could not safely identify store assignment for repository candidate interface com.tokioschool.web.repository.PersonRepository; If you want this repository to be a JDBC repository, consider annotating your entities with one of these annotations: org.springframework.data.relational.core.mapping.Table.
2023-01-03 21:27:43,852 INFO org.springframework.data.repository.config.RepositoryConfigurationExtensionSupport [restartedMain] Spring Data JDBC - Could not safely identify store assignment for repository candidate interface com.tokioschool.web.repository.ReviewRepository; If you want this repository to be a JDBC repository, consider annotating your entities with one of these annotations: org.springframework.data.relational.core.mapping.Table.
2023-01-03 21:27:43,853 INFO org.springframework.data.repository.config.RepositoryConfigurationExtensionSupport [restartedMain] Spring Data JDBC - Could not safely identify store assignment for repository candidate interface com.tokioschool.web.repository.RoleRepository; If you want this repository to be a JDBC repository, consider annotating your entities with one of these annotations: org.springframework.data.relational.core.mapping.Table.
2023-01-03 21:27:43,853 INFO org.springframework.data.repository.config.RepositoryConfigurationExtensionSupport [restartedMain] Spring Data JDBC - Could not safely identify store assignment for repository candidate interface com.tokioschool.web.repository.ScoreRepository; If you want this repository to be a JDBC repository, consider annotating your entities with one of these annotations: org.springframework.data.relational.core.mapping.Table.
2023-01-03 21:27:43,854 INFO org.springframework.data.repository.config.RepositoryConfigurationExtensionSupport [restartedMain] Spring Data JDBC - Could not safely identify store assignment for repository candidate interface com.tokioschool.web.repository.UserRepository; If you want this repository to be a JDBC repository, consider annotating your entities with one of these annotations: org.springframework.data.relational.core.mapping.Table.
2023-01-03 21:27:43,854 INFO org.springframework.data.repository.config.RepositoryConfigurationDelegate [restartedMain] Finished Spring Data repository scanning in 6 ms. Found 0 JDBC repository interfaces.
2023-01-03 21:27:43,856 INFO org.springframework.data.repository.config.RepositoryConfigurationDelegate [restartedMain] Multiple Spring Data modules found, entering strict repository configuration mode
2023-01-03 21:27:43,856 INFO org.springframework.data.repository.config.RepositoryConfigurationDelegate [restartedMain] Bootstrapping Spring Data JPA repositories in DEFAULT mode.
2023-01-03 21:27:43,866 INFO org.springframework.data.repository.config.RepositoryConfigurationDelegate [restartedMain] Finished Spring Data repository scanning in 9 ms. Found 6 JPA repository interfaces.
2023-01-03 21:27:43,936 INFO org.springframework.boot.web.embedded.tomcat.TomcatWebServer [restartedMain] Tomcat initialized with port(s): 8080 (http)
2023-01-03 21:27:43,937 INFO org.apache.juli.logging.DirectJDKLog [restartedMain] Starting service [Tomcat]
2023-01-03 21:27:43,937 INFO org.apache.juli.logging.DirectJDKLog [restartedMain] Starting Servlet engine: [Apache Tomcat/9.0.69]
2023-01-03 21:27:43,951 INFO org.apache.juli.logging.DirectJDKLog [restartedMain] Initializing Spring embedded WebApplicationContext
2023-01-03 21:27:43,951 INFO org.springframework.boot.web.servlet.context.ServletWebServerApplicationContext [restartedMain] Root WebApplicationContext: initialization completed in 298 ms
2023-01-03 21:27:43,998 INFO org.hibernate.jpa.internal.util.LogHelper [restartedMain] HHH000204: Processing PersistenceUnitInfo [name: default]
2023-01-03 21:27:44,001 INFO com.zaxxer.hikari.HikariDataSource [restartedMain] HikariPool-2 - Starting...
2023-01-03 21:27:44,004 INFO com.zaxxer.hikari.HikariDataSource [restartedMain] HikariPool-2 - Start completed.
2023-01-03 21:27:44,005 INFO org.hibernate.dialect.Dialect [restartedMain] HHH000400: Using dialect: org.hibernate.dialect.MySQL55Dialect
2023-01-03 21:27:44,115 INFO org.hibernate.engine.transaction.jta.platform.internal.JtaPlatformInitiator [restartedMain] HHH000490: Using JtaPlatform implementation: [org.hibernate.engine.transaction.jta.platform.internal.NoJtaPlatform]
2023-01-03 21:27:44,116 INFO org.springframework.orm.jpa.AbstractEntityManagerFactoryBean [restartedMain] Initialized JPA EntityManagerFactory for persistence unit 'default'
2023-01-03 21:27:44,231 WARN org.springframework.boot.autoconfigure.orm.jpa.JpaBaseConfiguration$JpaWebConfiguration [restartedMain] spring.jpa.open-in-view is enabled by default. Therefore, database queries may be performed during view rendering. Explicitly configure spring.jpa.open-in-view to disable this warning
2023-01-03 21:27:44,236 INFO com.tokioschool.web.config.FilmImageConfig [restartedMain] Comprobamos existencia directorio
2023-01-03 21:27:44,260 WARN org.springframework.security.config.annotation.web.builders.WebSecurity [restartedMain] You are asking Spring Security to ignore Ant [pattern='/resources/**']. This is not recommended -- please use permitAll via HttpSecurity#authorizeHttpRequests instead.
2023-01-03 21:27:44,260 INFO org.springframework.security.web.DefaultSecurityFilterChain [restartedMain] Will not secure Ant [pattern='/resources/**']
2023-01-03 21:27:44,261 WARN org.springframework.security.config.annotation.web.builders.WebSecurity [restartedMain] You are asking Spring Security to ignore Ant [pattern='/static/**']. This is not recommended -- please use permitAll via HttpSecurity#authorizeHttpRequests instead.
2023-01-03 21:27:44,261 INFO org.springframework.security.web.DefaultSecurityFilterChain [restartedMain] Will not secure Ant [pattern='/static/**']
2023-01-03 21:27:44,261 WARN org.springframework.security.config.annotation.web.builders.WebSecurity [restartedMain] You are asking Spring Security to ignore Ant [pattern='/templates/**']. This is not recommended -- please use permitAll via HttpSecurity#authorizeHttpRequests instead.
2023-01-03 21:27:44,261 INFO org.springframework.security.web.DefaultSecurityFilterChain [restartedMain] Will not secure Ant [pattern='/templates/**']
2023-01-03 21:27:44,261 WARN org.springframework.security.config.annotation.web.builders.WebSecurity [restartedMain] You are asking Spring Security to ignore Ant [pattern='/css/**']. This is not recommended -- please use permitAll via HttpSecurity#authorizeHttpRequests instead.
2023-01-03 21:27:44,261 INFO org.springframework.security.web.DefaultSecurityFilterChain [restartedMain] Will not secure Ant [pattern='/css/**']
2023-01-03 21:27:44,261 WARN org.springframework.security.config.annotation.web.builders.WebSecurity [restartedMain] You are asking Spring Security to ignore Ant [pattern='/js/**']. This is not recommended -- please use permitAll via HttpSecurity#authorizeHttpRequests instead.
2023-01-03 21:27:44,261 INFO org.springframework.security.web.DefaultSecurityFilterChain [restartedMain] Will not secure Ant [pattern='/js/**']
2023-01-03 21:27:44,261 WARN org.springframework.security.config.annotation.web.builders.WebSecurity [restartedMain] You are asking Spring Security to ignore Ant [pattern='/images/**']. This is not recommended -- please use permitAll via HttpSecurity#authorizeHttpRequests instead.
2023-01-03 21:27:44,261 INFO org.springframework.security.web.DefaultSecurityFilterChain [restartedMain] Will not secure Ant [pattern='/images/**']
2023-01-03 21:27:44,261 WARN org.springframework.security.config.annotation.web.builders.WebSecurity [restartedMain] You are asking Spring Security to ignore Ant [pattern='/fonts/**']. This is not recommended -- please use permitAll via HttpSecurity#authorizeHttpRequests instead.
2023-01-03 21:27:44,262 INFO org.springframework.security.web.DefaultSecurityFilterChain [restartedMain] Will not secure Ant [pattern='/fonts/**']
2023-01-03 21:27:44,262 WARN org.springframework.security.config.annotation.web.builders.WebSecurity [restartedMain] You are asking Spring Security to ignore Ant [pattern='/webjars/**']. This is not recommended -- please use permitAll via HttpSecurity#authorizeHttpRequests instead.
2023-01-03 21:27:44,262 INFO org.springframework.security.web.DefaultSecurityFilterChain [restartedMain] Will not secure Ant [pattern='/webjars/**']
2023-01-03 21:27:44,262 WARN org.springframework.security.config.annotation.web.builders.WebSecurity [restartedMain] You are asking Spring Security to ignore Ant [pattern='/error/**']. This is not recommended -- please use permitAll via HttpSecurity#authorizeHttpRequests instead.
2023-01-03 21:27:44,262 INFO org.springframework.security.web.DefaultSecurityFilterChain [restartedMain] Will not secure Ant [pattern='/error/**']
2023-01-03 21:27:44,266 INFO org.springframework.security.web.DefaultSecurityFilterChain [restartedMain] Will secure any request with [org.springframework.security.web.session.DisableEncodeUrlFilter@66a4f170, org.springframework.security.web.context.request.async.WebAsyncManagerIntegrationFilter@3dc7bc85, org.springframework.security.web.context.SecurityContextPersistenceFilter@39f2dbbf, org.springframework.security.web.header.HeaderWriterFilter@1371882d, org.springframework.security.web.csrf.CsrfFilter@6915399, org.springframework.security.web.authentication.logout.LogoutFilter@57519525, org.springframework.security.web.authentication.UsernamePasswordAuthenticationFilter@22af20f, org.springframework.security.web.savedrequest.RequestCacheAwareFilter@487a3ddb, org.springframework.security.web.servletapi.SecurityContextHolderAwareRequestFilter@5755f419, org.springframework.security.web.authentication.AnonymousAuthenticationFilter@5d97c10, org.springframework.security.web.session.SessionManagementFilter@35f35b03, org.springframework.security.web.access.ExceptionTranslationFilter@2d3b9852, org.springframework.security.web.access.intercept.FilterSecurityInterceptor@7c2881cc]
2023-01-03 21:27:44,280 INFO org.springframework.boot.autoconfigure.web.servlet.WelcomePageHandlerMapping [restartedMain] Adding welcome page template: index
2023-01-03 21:27:44,367 INFO org.springframework.boot.devtools.autoconfigure.OptionalLiveReloadServer [restartedMain] LiveReload server is running on port 35729
2023-01-03 21:27:44,370 INFO org.springframework.boot.actuate.endpoint.web.EndpointLinksResolver [restartedMain] Exposing 1 endpoint(s) beneath base path '/actuator'
2023-01-03 21:27:44,383 INFO org.springframework.boot.web.embedded.tomcat.TomcatWebServer [restartedMain] Tomcat started on port(s): 8080 (http) with context path ''
2023-01-03 21:27:44,390 INFO org.springframework.boot.StartupInfoLogger [restartedMain] Started ProyectoApplication in 0.814 seconds (JVM running for 541.015)
2023-01-03 21:27:44,392 INFO org.springframework.boot.devtools.autoconfigure.ConditionEvaluationDeltaLoggingListener [restartedMain] Condition evaluation unchanged
2023-01-03 21:27:58,198 INFO org.springframework.boot.admin.SpringApplicationAdminMXBeanRegistrar$SpringApplicationAdmin [RMI TCP Connection(12)-127.0.0.1] Application shutdown requested.
2023-01-03 21:27:58,202 INFO org.apache.juli.logging.DirectJDKLog [RMI TCP Connection(12)-127.0.0.1] Stopping service [Tomcat]
2023-01-03 21:27:58,207 INFO org.springframework.orm.jpa.AbstractEntityManagerFactoryBean [RMI TCP Connection(12)-127.0.0.1] Closing JPA EntityManagerFactory for persistence unit 'default'
2023-01-03 21:27:58,207 INFO com.zaxxer.hikari.HikariDataSource [RMI TCP Connection(12)-127.0.0.1] HikariPool-2 - Shutdown initiated...
2023-01-03 21:27:58,209 INFO com.zaxxer.hikari.HikariDataSource [RMI TCP Connection(12)-127.0.0.1] HikariPool-2 - Shutdown completed.
2023-01-03 21:28:06,145 INFO org.springframework.boot.StartupInfoLogger [restartedMain] Starting ProyectoApplication using Java 17 on DESKTOP-U83I70G with PID 7852 (E:\springboot\proyecto\target\classes started by jsusi in E:\springboot\proyecto)
2023-01-03 21:28:06,147 INFO org.springframework.boot.SpringApplication [restartedMain] No active profile set, falling back to 1 default profile: "default"
2023-01-03 21:28:06,177 INFO org.springframework.boot.logging.DeferredLog [restartedMain] Devtools property defaults active! Set 'spring.devtools.add-properties' to 'false' to disable
2023-01-03 21:28:06,177 INFO org.springframework.boot.logging.DeferredLog [restartedMain] For additional web related logging consider setting the 'logging.level.web' property to 'DEBUG'
2023-01-03 21:28:06,778 INFO org.springframework.data.repository.config.RepositoryConfigurationDelegate [restartedMain] Multiple Spring Data modules found, entering strict repository configuration mode
2023-01-03 21:28:06,779 INFO org.springframework.data.repository.config.RepositoryConfigurationDelegate [restartedMain] Bootstrapping Spring Data JDBC repositories in DEFAULT mode.
2023-01-03 21:28:06,797 INFO org.springframework.data.repository.config.RepositoryConfigurationExtensionSupport [restartedMain] Spring Data JDBC - Could not safely identify store assignment for repository candidate interface com.tokioschool.web.repository.FilmRepository; If you want this repository to be a JDBC repository, consider annotating your entities with one of these annotations: org.springframework.data.relational.core.mapping.Table.
2023-01-03 21:28:06,798 INFO org.springframework.data.repository.config.RepositoryConfigurationExtensionSupport [restartedMain] Spring Data JDBC - Could not safely identify store assignment for repository candidate interface com.tokioschool.web.repository.PersonRepository; If you want this repository to be a JDBC repository, consider annotating your entities with one of these annotations: org.springframework.data.relational.core.mapping.Table.
2023-01-03 21:28:06,798 INFO org.springframework.data.repository.config.RepositoryConfigurationExtensionSupport [restartedMain] Spring Data JDBC - Could not safely identify store assignment for repository candidate interface com.tokioschool.web.repository.ReviewRepository; If you want this repository to be a JDBC repository, consider annotating your entities with one of these annotations: org.springframework.data.relational.core.mapping.Table.
2023-01-03 21:28:06,799 INFO org.springframework.data.repository.config.RepositoryConfigurationExtensionSupport [restartedMain] Spring Data JDBC - Could not safely identify store assignment for repository candidate interface com.tokioschool.web.repository.RoleRepository; If you want this repository to be a JDBC repository, consider annotating your entities with one of these annotations: org.springframework.data.relational.core.mapping.Table.
2023-01-03 21:28:06,800 INFO org.springframework.data.repository.config.RepositoryConfigurationExtensionSupport [restartedMain] Spring Data JDBC - Could not safely identify store assignment for repository candidate interface com.tokioschool.web.repository.ScoreRepository; If you want this repository to be a JDBC repository, consider annotating your entities with one of these annotations: org.springframework.data.relational.core.mapping.Table.
2023-01-03 21:28:06,800 INFO org.springframework.data.repository.config.RepositoryConfigurationExtensionSupport [restartedMain] Spring Data JDBC - Could not safely identify store assignment for repository candidate interface com.tokioschool.web.repository.UserRepository; If you want this repository to be a JDBC repository, consider annotating your entities with one of these annotations: org.springframework.data.relational.core.mapping.Table.
2023-01-03 21:28:06,801 INFO org.springframework.data.repository.config.RepositoryConfigurationDelegate [restartedMain] Finished Spring Data repository scanning in 19 ms. Found 0 JDBC repository interfaces.
2023-01-03 21:28:06,806 INFO org.springframework.data.repository.config.RepositoryConfigurationDelegate [restartedMain] Multiple Spring Data modules found, entering strict repository configuration mode
2023-01-03 21:28:06,807 INFO org.springframework.data.repository.config.RepositoryConfigurationDelegate [restartedMain] Bootstrapping Spring Data JPA repositories in DEFAULT mode.
2023-01-03 21:28:06,833 INFO org.springframework.data.repository.config.RepositoryConfigurationDelegate [restartedMain] Finished Spring Data repository scanning in 22 ms. Found 6 JPA repository interfaces.
2023-01-03 21:28:07,263 INFO org.springframework.boot.web.embedded.tomcat.TomcatWebServer [restartedMain] Tomcat initialized with port(s): 8080 (http)
2023-01-03 21:28:07,270 INFO org.apache.juli.logging.DirectJDKLog [restartedMain] Initializing ProtocolHandler ["http-nio-8080"]
2023-01-03 21:28:07,270 INFO org.apache.juli.logging.DirectJDKLog [restartedMain] Starting service [Tomcat]
2023-01-03 21:28:07,270 INFO org.apache.juli.logging.DirectJDKLog [restartedMain] Starting Servlet engine: [Apache Tomcat/9.0.69]
2023-01-03 21:28:07,337 INFO org.apache.juli.logging.DirectJDKLog [restartedMain] Initializing Spring embedded WebApplicationContext
2023-01-03 21:28:07,338 INFO org.springframework.boot.web.servlet.context.ServletWebServerApplicationContext [restartedMain] Root WebApplicationContext: initialization completed in 1160 ms
2023-01-03 21:28:07,541 INFO org.hibernate.jpa.internal.util.LogHelper [restartedMain] HHH000204: Processing PersistenceUnitInfo [name: default]
2023-01-03 21:28:07,570 INFO org.hibernate.Version [restartedMain] HHH000412: Hibernate ORM core version 5.6.14.Final
2023-01-03 21:28:07,671 INFO org.hibernate.annotations.common.reflection.java.JavaReflectionManager [restartedMain] HCANN000001: Hibernate Commons Annotations {5.1.2.Final}
2023-01-03 21:28:07,740 INFO com.zaxxer.hikari.HikariDataSource [restartedMain] HikariPool-1 - Starting...
2023-01-03 21:28:07,840 INFO com.zaxxer.hikari.HikariDataSource [restartedMain] HikariPool-1 - Start completed.
2023-01-03 21:28:07,858 INFO org.hibernate.dialect.Dialect [restartedMain] HHH000400: Using dialect: org.hibernate.dialect.MySQL55Dialect
2023-01-03 21:28:08,377 INFO org.hibernate.engine.transaction.jta.platform.internal.JtaPlatformInitiator [restartedMain] HHH000490: Using JtaPlatform implementation: [org.hibernate.engine.transaction.jta.platform.internal.NoJtaPlatform]
2023-01-03 21:28:08,382 INFO org.springframework.orm.jpa.AbstractEntityManagerFactoryBean [restartedMain] Initialized JPA EntityManagerFactory for persistence unit 'default'
2023-01-03 21:28:08,796 WARN org.springframework.boot.autoconfigure.orm.jpa.JpaBaseConfiguration$JpaWebConfiguration [restartedMain] spring.jpa.open-in-view is enabled by default. Therefore, database queries may be performed during view rendering. Explicitly configure spring.jpa.open-in-view to disable this warning
2023-01-03 21:28:08,809 INFO com.tokioschool.web.config.FilmImageConfig [restartedMain] Comprobamos existencia directorio
2023-01-03 21:28:08,937 WARN org.springframework.security.config.annotation.web.builders.WebSecurity [restartedMain] You are asking Spring Security to ignore Ant [pattern='/resources/**']. This is not recommended -- please use permitAll via HttpSecurity#authorizeHttpRequests instead.
2023-01-03 21:28:08,938 INFO org.springframework.security.web.DefaultSecurityFilterChain [restartedMain] Will not secure Ant [pattern='/resources/**']
2023-01-03 21:28:08,938 WARN org.springframework.security.config.annotation.web.builders.WebSecurity [restartedMain] You are asking Spring Security to ignore Ant [pattern='/static/**']. This is not recommended -- please use permitAll via HttpSecurity#authorizeHttpRequests instead.
2023-01-03 21:28:08,938 INFO org.springframework.security.web.DefaultSecurityFilterChain [restartedMain] Will not secure Ant [pattern='/static/**']
2023-01-03 21:28:08,938 WARN org.springframework.security.config.annotation.web.builders.WebSecurity [restartedMain] You are asking Spring Security to ignore Ant [pattern='/templates/**']. This is not recommended -- please use permitAll via HttpSecurity#authorizeHttpRequests instead.
2023-01-03 21:28:08,938 INFO org.springframework.security.web.DefaultSecurityFilterChain [restartedMain] Will not secure Ant [pattern='/templates/**']
2023-01-03 21:28:08,939 WARN org.springframework.security.config.annotation.web.builders.WebSecurity [restartedMain] You are asking Spring Security to ignore Ant [pattern='/css/**']. This is not recommended -- please use permitAll via HttpSecurity#authorizeHttpRequests instead.
2023-01-03 21:28:08,939 INFO org.springframework.security.web.DefaultSecurityFilterChain [restartedMain] Will not secure Ant [pattern='/css/**']
2023-01-03 21:28:08,939 WARN org.springframework.security.config.annotation.web.builders.WebSecurity [restartedMain] You are asking Spring Security to ignore Ant [pattern='/js/**']. This is not recommended -- please use permitAll via HttpSecurity#authorizeHttpRequests instead.
2023-01-03 21:28:08,939 INFO org.springframework.security.web.DefaultSecurityFilterChain [restartedMain] Will not secure Ant [pattern='/js/**']
2023-01-03 21:28:08,939 WARN org.springframework.security.config.annotation.web.builders.WebSecurity [restartedMain] You are asking Spring Security to ignore Ant [pattern='/images/**']. This is not recommended -- please use permitAll via HttpSecurity#authorizeHttpRequests instead.
2023-01-03 21:28:08,939 INFO org.springframework.security.web.DefaultSecurityFilterChain [restartedMain] Will not secure Ant [pattern='/images/**']
2023-01-03 21:28:08,939 WARN org.springframework.security.config.annotation.web.builders.WebSecurity [restartedMain] You are asking Spring Security to ignore Ant [pattern='/fonts/**']. This is not recommended -- please use permitAll via HttpSecurity#authorizeHttpRequests instead.
2023-01-03 21:28:08,939 INFO org.springframework.security.web.DefaultSecurityFilterChain [restartedMain] Will not secure Ant [pattern='/fonts/**']
2023-01-03 21:28:08,939 WARN org.springframework.security.config.annotation.web.builders.WebSecurity [restartedMain] You are asking Spring Security to ignore Ant [pattern='/webjars/**']. This is not recommended -- please use permitAll via HttpSecurity#authorizeHttpRequests instead.
2023-01-03 21:28:08,939 INFO org.springframework.security.web.DefaultSecurityFilterChain [restartedMain] Will not secure Ant [pattern='/webjars/**']
2023-01-03 21:28:08,939 WARN org.springframework.security.config.annotation.web.builders.WebSecurity [restartedMain] You are asking Spring Security to ignore Ant [pattern='/error/**']. This is not recommended -- please use permitAll via HttpSecurity#authorizeHttpRequests instead.
2023-01-03 21:28:08,939 INFO org.springframework.security.web.DefaultSecurityFilterChain [restartedMain] Will not secure Ant [pattern='/error/**']
2023-01-03 21:28:08,967 INFO org.springframework.security.web.DefaultSecurityFilterChain [restartedMain] Will secure any request with [org.springframework.security.web.session.DisableEncodeUrlFilter@266356c2, org.springframework.security.web.context.request.async.WebAsyncManagerIntegrationFilter@7ecf0267, org.springframework.security.web.context.SecurityContextPersistenceFilter@540bfed2, org.springframework.security.web.header.HeaderWriterFilter@6239d6f, org.springframework.security.web.csrf.CsrfFilter@6c036fbc, org.springframework.security.web.authentication.logout.LogoutFilter@3a2f8b84, org.springframework.security.web.authentication.UsernamePasswordAuthenticationFilter@66e885e, org.springframework.security.web.savedrequest.RequestCacheAwareFilter@74631a08, org.springframework.security.web.servletapi.SecurityContextHolderAwareRequestFilter@20e709ce, org.springframework.security.web.authentication.AnonymousAuthenticationFilter@c915998, org.springframework.security.web.session.SessionManagementFilter@1838f772, org.springframework.security.web.access.ExceptionTranslationFilter@7ba953ff, org.springframework.security.web.access.intercept.FilterSecurityInterceptor@579593b3]
2023-01-03 21:28:09,032 INFO org.springframework.boot.autoconfigure.web.servlet.WelcomePageHandlerMapping [restartedMain] Adding welcome page template: index
2023-01-03 21:28:09,315 INFO org.springframework.boot.devtools.autoconfigure.OptionalLiveReloadServer [restartedMain] LiveReload server is running on port 35729
2023-01-03 21:28:09,319 INFO org.springframework.boot.actuate.endpoint.web.EndpointLinksResolver [restartedMain] Exposing 1 endpoint(s) beneath base path '/actuator'
2023-01-03 21:28:09,341 INFO org.apache.juli.logging.DirectJDKLog [restartedMain] Starting ProtocolHandler ["http-nio-8080"]
2023-01-03 21:28:09,354 INFO org.springframework.boot.web.embedded.tomcat.TomcatWebServer [restartedMain] Tomcat started on port(s): 8080 (http) with context path ''
2023-01-03 21:28:09,366 INFO org.springframework.boot.StartupInfoLogger [restartedMain] Started ProyectoApplication in 3.476 seconds (JVM running for 3.912)
2023-01-03 21:28:12,293 INFO org.apache.juli.logging.DirectJDKLog [RMI TCP Connection(3)-127.0.0.1] Initializing Spring DispatcherServlet 'dispatcherServlet'
2023-01-03 21:28:12,294 INFO org.springframework.web.servlet.FrameworkServlet [RMI TCP Connection(3)-127.0.0.1] Initializing Servlet 'dispatcherServlet'
2023-01-03 21:28:12,295 INFO org.springframework.web.servlet.FrameworkServlet [RMI TCP Connection(3)-127.0.0.1] Completed initialization in 1 ms
2023-01-03 23:49:13,862 WARN com.zaxxer.hikari.pool.HikariPool$HouseKeeper [HikariPool-1 housekeeper] HikariPool-1 - Thread starvation or clock leap detected (housekeeper delta=2h1m35s633ms3µs800ns).
2023-01-03 23:49:25,736 INFO org.springframework.boot.admin.SpringApplicationAdminMXBeanRegistrar$SpringApplicationAdmin [RMI TCP Connection(25)-127.0.0.1] Application shutdown requested.
2023-01-03 23:49:25,741 INFO org.apache.juli.logging.DirectJDKLog [RMI TCP Connection(25)-127.0.0.1] Pausing ProtocolHandler ["http-nio-8080"]
2023-01-03 23:49:25,741 INFO org.apache.juli.logging.DirectJDKLog [RMI TCP Connection(25)-127.0.0.1] Stopping service [Tomcat]
2023-01-03 23:49:25,742 INFO org.apache.juli.logging.DirectJDKLog [RMI TCP Connection(25)-127.0.0.1] Destroying Spring FrameworkServlet 'dispatcherServlet'
2023-01-03 23:49:25,744 INFO org.apache.juli.logging.DirectJDKLog [RMI TCP Connection(25)-127.0.0.1] Stopping ProtocolHandler ["http-nio-8080"]
2023-01-03 23:49:25,745 INFO org.apache.juli.logging.DirectJDKLog [RMI TCP Connection(25)-127.0.0.1] Destroying ProtocolHandler ["http-nio-8080"]
2023-01-03 23:49:25,751 INFO org.springframework.orm.jpa.AbstractEntityManagerFactoryBean [RMI TCP Connection(25)-127.0.0.1] Closing JPA EntityManagerFactory for persistence unit 'default'
2023-01-03 23:49:25,753 INFO com.zaxxer.hikari.HikariDataSource [RMI TCP Connection(25)-127.0.0.1] HikariPool-1 - Shutdown initiated...
2023-01-03 23:49:25,756 INFO com.zaxxer.hikari.HikariDataSource [RMI TCP Connection(25)-127.0.0.1] HikariPool-1 - Shutdown completed.
