2023-01-16 10:12:56,189 INFO org.springframework.boot.StartupInfoLogger [restartedMain] Starting ProyectoApplication using Java 17 on DESKTOP-U83I70G with PID 6708 (E:\springboot\proyecto\target\classes started by jsusi in E:\springboot\proyecto)
2023-01-16 10:12:56,191 INFO org.springframework.boot.SpringApplication [restartedMain] No active profile set, falling back to 1 default profile: "default"
2023-01-16 10:12:56,231 INFO org.springframework.boot.logging.DeferredLog [restartedMain] Devtools property defaults active! Set 'spring.devtools.add-properties' to 'false' to disable
2023-01-16 10:12:56,232 INFO org.springframework.boot.logging.DeferredLog [restartedMain] For additional web related logging consider setting the 'logging.level.web' property to 'DEBUG'
2023-01-16 10:12:57,279 INFO org.springframework.data.repository.config.RepositoryConfigurationDelegate [restartedMain] Multiple Spring Data modules found, entering strict repository configuration mode
2023-01-16 10:12:57,280 INFO org.springframework.data.repository.config.RepositoryConfigurationDelegate [restartedMain] Bootstrapping Spring Data JDBC repositories in DEFAULT mode.
2023-01-16 10:12:57,307 INFO org.springframework.data.repository.config.RepositoryConfigurationExtensionSupport [restartedMain] Spring Data JDBC - Could not safely identify store assignment for repository candidate interface com.tokioschool.web.repository.FilmRepository; If you want this repository to be a JDBC repository, consider annotating your entities with one of these annotations: org.springframework.data.relational.core.mapping.Table.
2023-01-16 10:12:57,309 INFO org.springframework.data.repository.config.RepositoryConfigurationExtensionSupport [restartedMain] Spring Data JDBC - Could not safely identify store assignment for repository candidate interface com.tokioschool.web.repository.PersonRepository; If you want this repository to be a JDBC repository, consider annotating your entities with one of these annotations: org.springframework.data.relational.core.mapping.Table.
2023-01-16 10:12:57,310 INFO org.springframework.data.repository.config.RepositoryConfigurationExtensionSupport [restartedMain] Spring Data JDBC - Could not safely identify store assignment for repository candidate interface com.tokioschool.web.repository.ReviewRepository; If you want this repository to be a JDBC repository, consider annotating your entities with one of these annotations: org.springframework.data.relational.core.mapping.Table.
2023-01-16 10:12:57,311 INFO org.springframework.data.repository.config.RepositoryConfigurationExtensionSupport [restartedMain] Spring Data JDBC - Could not safely identify store assignment for repository candidate interface com.tokioschool.web.repository.RoleRepository; If you want this repository to be a JDBC repository, consider annotating your entities with one of these annotations: org.springframework.data.relational.core.mapping.Table.
2023-01-16 10:12:57,313 INFO org.springframework.data.repository.config.RepositoryConfigurationExtensionSupport [restartedMain] Spring Data JDBC - Could not safely identify store assignment for repository candidate interface com.tokioschool.web.repository.ScoreRepository; If you want this repository to be a JDBC repository, consider annotating your entities with one of these annotations: org.springframework.data.relational.core.mapping.Table.
2023-01-16 10:12:57,314 INFO org.springframework.data.repository.config.RepositoryConfigurationExtensionSupport [restartedMain] Spring Data JDBC - Could not safely identify store assignment for repository candidate interface com.tokioschool.web.repository.UserRepository; If you want this repository to be a JDBC repository, consider annotating your entities with one of these annotations: org.springframework.data.relational.core.mapping.Table.
2023-01-16 10:12:57,315 INFO org.springframework.data.repository.config.RepositoryConfigurationDelegate [restartedMain] Finished Spring Data repository scanning in 30 ms. Found 0 JDBC repository interfaces.
2023-01-16 10:12:57,325 INFO org.springframework.data.repository.config.RepositoryConfigurationDelegate [restartedMain] Multiple Spring Data modules found, entering strict repository configuration mode
2023-01-16 10:12:57,327 INFO org.springframework.data.repository.config.RepositoryConfigurationDelegate [restartedMain] Bootstrapping Spring Data JPA repositories in DEFAULT mode.
2023-01-16 10:12:57,372 INFO org.springframework.data.repository.config.RepositoryConfigurationDelegate [restartedMain] Finished Spring Data repository scanning in 38 ms. Found 6 JPA repository interfaces.
2023-01-16 10:12:58,260 INFO org.springframework.boot.web.embedded.tomcat.TomcatWebServer [restartedMain] Tomcat initialized with port(s): 8080 (http)
2023-01-16 10:12:58,273 INFO org.apache.juli.logging.DirectJDKLog [restartedMain] Initializing ProtocolHandler ["http-nio-8080"]
2023-01-16 10:12:58,274 INFO org.apache.juli.logging.DirectJDKLog [restartedMain] Starting service [Tomcat]
2023-01-16 10:12:58,274 INFO org.apache.juli.logging.DirectJDKLog [restartedMain] Starting Servlet engine: [Apache Tomcat/9.0.69]
2023-01-16 10:12:58,378 INFO org.apache.juli.logging.DirectJDKLog [restartedMain] Initializing Spring embedded WebApplicationContext
2023-01-16 10:12:58,379 INFO org.springframework.boot.web.servlet.context.ServletWebServerApplicationContext [restartedMain] Root WebApplicationContext: initialization completed in 2147 ms
2023-01-16 10:12:58,833 INFO org.hibernate.jpa.internal.util.LogHelper [restartedMain] HHH000204: Processing PersistenceUnitInfo [name: default]
2023-01-16 10:12:58,886 INFO org.hibernate.Version [restartedMain] HHH000412: Hibernate ORM core version 5.6.14.Final
2023-01-16 10:12:59,073 INFO org.hibernate.annotations.common.reflection.java.JavaReflectionManager [restartedMain] HCANN000001: Hibernate Commons Annotations {5.1.2.Final}
2023-01-16 10:12:59,191 INFO com.zaxxer.hikari.HikariDataSource [restartedMain] HikariPool-1 - Starting...
2023-01-16 10:12:59,357 INFO com.zaxxer.hikari.HikariDataSource [restartedMain] HikariPool-1 - Start completed.
2023-01-16 10:12:59,386 INFO org.hibernate.dialect.Dialect [restartedMain] HHH000400: Using dialect: org.hibernate.dialect.MySQL55Dialect
2023-01-16 10:13:00,356 INFO org.hibernate.engine.transaction.jta.platform.internal.JtaPlatformInitiator [restartedMain] HHH000490: Using JtaPlatform implementation: [org.hibernate.engine.transaction.jta.platform.internal.NoJtaPlatform]
2023-01-16 10:13:00,363 INFO org.springframework.orm.jpa.AbstractEntityManagerFactoryBean [restartedMain] Initialized JPA EntityManagerFactory for persistence unit 'default'
2023-01-16 10:13:00,920 WARN org.springframework.boot.autoconfigure.orm.jpa.JpaBaseConfiguration$JpaWebConfiguration [restartedMain] spring.jpa.open-in-view is enabled by default. Therefore, database queries may be performed during view rendering. Explicitly configure spring.jpa.open-in-view to disable this warning
2023-01-16 10:13:00,959 INFO com.tokioschool.web.config.FilmImageConfig [restartedMain] Comprobamos existencia directorio
2023-01-16 10:13:01,239 WARN org.springframework.security.config.annotation.web.builders.WebSecurity [restartedMain] You are asking Spring Security to ignore Ant [pattern='/resources/**']. This is not recommended -- please use permitAll via HttpSecurity#authorizeHttpRequests instead.
2023-01-16 10:13:01,240 INFO org.springframework.security.web.DefaultSecurityFilterChain [restartedMain] Will not secure Ant [pattern='/resources/**']
2023-01-16 10:13:01,241 WARN org.springframework.security.config.annotation.web.builders.WebSecurity [restartedMain] You are asking Spring Security to ignore Ant [pattern='/static/**']. This is not recommended -- please use permitAll via HttpSecurity#authorizeHttpRequests instead.
2023-01-16 10:13:01,241 INFO org.springframework.security.web.DefaultSecurityFilterChain [restartedMain] Will not secure Ant [pattern='/static/**']
2023-01-16 10:13:01,241 WARN org.springframework.security.config.annotation.web.builders.WebSecurity [restartedMain] You are asking Spring Security to ignore Ant [pattern='/templates/**']. This is not recommended -- please use permitAll via HttpSecurity#authorizeHttpRequests instead.
2023-01-16 10:13:01,242 INFO org.springframework.security.web.DefaultSecurityFilterChain [restartedMain] Will not secure Ant [pattern='/templates/**']
2023-01-16 10:13:01,242 WARN org.springframework.security.config.annotation.web.builders.WebSecurity [restartedMain] You are asking Spring Security to ignore Ant [pattern='/css/**']. This is not recommended -- please use permitAll via HttpSecurity#authorizeHttpRequests instead.
2023-01-16 10:13:01,242 INFO org.springframework.security.web.DefaultSecurityFilterChain [restartedMain] Will not secure Ant [pattern='/css/**']
2023-01-16 10:13:01,242 WARN org.springframework.security.config.annotation.web.builders.WebSecurity [restartedMain] You are asking Spring Security to ignore Ant [pattern='/js/**']. This is not recommended -- please use permitAll via HttpSecurity#authorizeHttpRequests instead.
2023-01-16 10:13:01,242 INFO org.springframework.security.web.DefaultSecurityFilterChain [restartedMain] Will not secure Ant [pattern='/js/**']
2023-01-16 10:13:01,242 WARN org.springframework.security.config.annotation.web.builders.WebSecurity [restartedMain] You are asking Spring Security to ignore Ant [pattern='/images/**']. This is not recommended -- please use permitAll via HttpSecurity#authorizeHttpRequests instead.
2023-01-16 10:13:01,243 INFO org.springframework.security.web.DefaultSecurityFilterChain [restartedMain] Will not secure Ant [pattern='/images/**']
2023-01-16 10:13:01,243 WARN org.springframework.security.config.annotation.web.builders.WebSecurity [restartedMain] You are asking Spring Security to ignore Ant [pattern='/fonts/**']. This is not recommended -- please use permitAll via HttpSecurity#authorizeHttpRequests instead.
2023-01-16 10:13:01,243 INFO org.springframework.security.web.DefaultSecurityFilterChain [restartedMain] Will not secure Ant [pattern='/fonts/**']
2023-01-16 10:13:01,243 WARN org.springframework.security.config.annotation.web.builders.WebSecurity [restartedMain] You are asking Spring Security to ignore Ant [pattern='/webjars/**']. This is not recommended -- please use permitAll via HttpSecurity#authorizeHttpRequests instead.
2023-01-16 10:13:01,243 INFO org.springframework.security.web.DefaultSecurityFilterChain [restartedMain] Will not secure Ant [pattern='/webjars/**']
2023-01-16 10:13:01,243 WARN org.springframework.security.config.annotation.web.builders.WebSecurity [restartedMain] You are asking Spring Security to ignore Ant [pattern='/error/**']. This is not recommended -- please use permitAll via HttpSecurity#authorizeHttpRequests instead.
2023-01-16 10:13:01,243 INFO org.springframework.security.web.DefaultSecurityFilterChain [restartedMain] Will not secure Ant [pattern='/error/**']
2023-01-16 10:13:01,301 INFO org.springframework.security.web.DefaultSecurityFilterChain [restartedMain] Will secure any request with [org.springframework.security.web.session.DisableEncodeUrlFilter@2ba4587f, org.springframework.security.web.context.request.async.WebAsyncManagerIntegrationFilter@25b2c06d, org.springframework.security.web.context.SecurityContextPersistenceFilter@380ee223, org.springframework.security.web.header.HeaderWriterFilter@5146b3af, org.springframework.security.web.csrf.CsrfFilter@4bd86287, org.springframework.security.web.authentication.logout.LogoutFilter@61b209c2, org.springframework.security.web.authentication.UsernamePasswordAuthenticationFilter@1dbf21ad, org.springframework.security.web.savedrequest.RequestCacheAwareFilter@1537867, org.springframework.security.web.servletapi.SecurityContextHolderAwareRequestFilter@4bf2aaf7, org.springframework.security.web.authentication.AnonymousAuthenticationFilter@41e43f3f, org.springframework.security.web.session.SessionManagementFilter@360c2242, org.springframework.security.web.access.ExceptionTranslationFilter@358a1eac, org.springframework.security.web.access.intercept.FilterSecurityInterceptor@494f5e86]
2023-01-16 10:13:01,421 INFO org.springframework.boot.autoconfigure.web.servlet.WelcomePageHandlerMapping [restartedMain] Adding welcome page template: index
2023-01-16 10:13:01,844 INFO org.springframework.boot.devtools.autoconfigure.OptionalLiveReloadServer [restartedMain] LiveReload server is running on port 35729
2023-01-16 10:13:01,847 INFO org.springframework.boot.actuate.endpoint.web.EndpointLinksResolver [restartedMain] Exposing 1 endpoint(s) beneath base path '/actuator'
2023-01-16 10:13:01,853 INFO org.apache.juli.logging.DirectJDKLog [RMI TCP Connection(3)-127.0.0.1] Initializing Spring DispatcherServlet 'dispatcherServlet'
2023-01-16 10:13:01,853 INFO org.springframework.web.servlet.FrameworkServlet [RMI TCP Connection(3)-127.0.0.1] Initializing Servlet 'dispatcherServlet'
2023-01-16 10:13:01,854 INFO org.springframework.web.servlet.FrameworkServlet [RMI TCP Connection(3)-127.0.0.1] Completed initialization in 1 ms
2023-01-16 10:13:01,874 INFO org.apache.juli.logging.DirectJDKLog [restartedMain] Starting ProtocolHandler ["http-nio-8080"]
2023-01-16 10:13:01,894 INFO org.springframework.boot.web.embedded.tomcat.TomcatWebServer [restartedMain] Tomcat started on port(s): 8080 (http) with context path ''
2023-01-16 10:13:01,897 INFO org.springframework.boot.StartupInfoLogger [restartedMain] Started ProyectoApplication in 6.112 seconds (JVM running for 7.688)
2023-01-16 10:13:56,684 INFO com.tokioschool.web.controller.ControllerPerson [http-nio-8080-exec-6] Procedemos a Guardar una Persona en la Tabla bd
2023-01-16 10:14:38,355 INFO com.tokioschool.web.util.HelperRest [http-nio-8080-exec-6] No hay token procedemos a solicitar uno
2023-01-16 10:14:38,870 INFO com.tokioschool.web.util.HelperRest [http-nio-8080-exec-6] Token Generado
2023-01-16 10:14:38,870 INFO com.tokioschool.web.controller.ControllerFilm [http-nio-8080-exec-6] Procedemos a mandar la solicitud
2023-01-16 10:14:38,899 INFO com.tokioschool.web.controller.ControllerFilm [http-nio-8080-exec-6] recibimos la solicitud en el response
2023-01-16 10:14:38,901 INFO com.tokioschool.web.controller.ControllerFilm [http-nio-8080-exec-6] Procedemos a mandar la solicitud
2023-01-16 10:14:38,910 INFO com.tokioschool.web.controller.ControllerFilm [http-nio-8080-exec-6] recibimos la solicitud en el response
2023-01-16 10:14:41,006 INFO com.tokioschool.web.controller.ControllerFilm [http-nio-8080-exec-9] **************************save film**************************************
2023-01-16 10:14:41,019 INFO com.tokioschool.web.controller.ControllerFilm [http-nio-8080-exec-10] Procedemos a mandar la solicitud
2023-01-16 10:14:41,030 INFO com.tokioschool.web.controller.ControllerFilm [http-nio-8080-exec-10] recibimos la solicitud en el response
2023-01-16 10:14:41,031 INFO com.tokioschool.web.controller.ControllerFilm [http-nio-8080-exec-10] Procedemos a mandar la solicitud
2023-01-16 10:14:41,040 INFO com.tokioschool.web.controller.ControllerFilm [http-nio-8080-exec-10] recibimos la solicitud en el response
2023-01-16 10:14:49,843 INFO com.tokioschool.web.controller.ControllerFilm [http-nio-8080-exec-4] Procedemos a mandar la solicitud
2023-01-16 10:14:49,857 INFO com.tokioschool.web.controller.ControllerFilm [http-nio-8080-exec-4] recibimos la solicitud en el response
2023-01-16 10:14:49,858 INFO com.tokioschool.web.controller.ControllerFilm [http-nio-8080-exec-4] Procedemos a mandar la solicitud
2023-01-16 10:14:49,869 INFO com.tokioschool.web.controller.ControllerFilm [http-nio-8080-exec-4] recibimos la solicitud en el response
2023-01-16 10:19:26,153 INFO org.springframework.boot.devtools.autoconfigure.LocalDevToolsAutoConfiguration$RestartingClassPathChangeChangedEventListener [File Watcher] Restarting due to 1 class path change (0 additions, 0 deletions, 1 modification)
2023-01-16 10:19:26,217 INFO org.apache.juli.logging.DirectJDKLog [Thread-5] Pausing ProtocolHandler ["http-nio-8080"]
2023-01-16 10:19:26,217 INFO org.apache.juli.logging.DirectJDKLog [Thread-5] Stopping service [Tomcat]
2023-01-16 10:19:26,218 INFO org.apache.juli.logging.DirectJDKLog [Thread-5] Destroying Spring FrameworkServlet 'dispatcherServlet'
2023-01-16 10:19:26,225 INFO org.apache.juli.logging.DirectJDKLog [Thread-5] Stopping ProtocolHandler ["http-nio-8080"]
2023-01-16 10:19:26,226 INFO org.apache.juli.logging.DirectJDKLog [Thread-5] Destroying ProtocolHandler ["http-nio-8080"]
2023-01-16 10:19:26,231 INFO org.springframework.orm.jpa.AbstractEntityManagerFactoryBean [Thread-5] Closing JPA EntityManagerFactory for persistence unit 'default'
2023-01-16 10:19:26,234 INFO com.zaxxer.hikari.HikariDataSource [Thread-5] HikariPool-1 - Shutdown initiated...
2023-01-16 10:19:26,240 INFO com.zaxxer.hikari.HikariDataSource [Thread-5] HikariPool-1 - Shutdown completed.
2023-01-16 10:19:26,306 INFO org.springframework.boot.StartupInfoLogger [restartedMain] Starting ProyectoApplication using Java 17 on DESKTOP-U83I70G with PID 6708 (E:\springboot\proyecto\target\classes started by jsusi in E:\springboot\proyecto)
2023-01-16 10:19:26,306 INFO org.springframework.boot.SpringApplication [restartedMain] No active profile set, falling back to 1 default profile: "default"
2023-01-16 10:19:26,510 INFO org.springframework.data.repository.config.RepositoryConfigurationDelegate [restartedMain] Multiple Spring Data modules found, entering strict repository configuration mode
2023-01-16 10:19:26,510 INFO org.springframework.data.repository.config.RepositoryConfigurationDelegate [restartedMain] Bootstrapping Spring Data JDBC repositories in DEFAULT mode.
2023-01-16 10:19:26,516 INFO org.springframework.data.repository.config.RepositoryConfigurationExtensionSupport [restartedMain] Spring Data JDBC - Could not safely identify store assignment for repository candidate interface com.tokioschool.web.repository.FilmRepository; If you want this repository to be a JDBC repository, consider annotating your entities with one of these annotations: org.springframework.data.relational.core.mapping.Table.
2023-01-16 10:19:26,517 INFO org.springframework.data.repository.config.RepositoryConfigurationExtensionSupport [restartedMain] Spring Data JDBC - Could not safely identify store assignment for repository candidate interface com.tokioschool.web.repository.PersonRepository; If you want this repository to be a JDBC repository, consider annotating your entities with one of these annotations: org.springframework.data.relational.core.mapping.Table.
2023-01-16 10:19:26,517 INFO org.springframework.data.repository.config.RepositoryConfigurationExtensionSupport [restartedMain] Spring Data JDBC - Could not safely identify store assignment for repository candidate interface com.tokioschool.web.repository.ReviewRepository; If you want this repository to be a JDBC repository, consider annotating your entities with one of these annotations: org.springframework.data.relational.core.mapping.Table.
2023-01-16 10:19:26,518 INFO org.springframework.data.repository.config.RepositoryConfigurationExtensionSupport [restartedMain] Spring Data JDBC - Could not safely identify store assignment for repository candidate interface com.tokioschool.web.repository.RoleRepository; If you want this repository to be a JDBC repository, consider annotating your entities with one of these annotations: org.springframework.data.relational.core.mapping.Table.
2023-01-16 10:19:26,519 INFO org.springframework.data.repository.config.RepositoryConfigurationExtensionSupport [restartedMain] Spring Data JDBC - Could not safely identify store assignment for repository candidate interface com.tokioschool.web.repository.ScoreRepository; If you want this repository to be a JDBC repository, consider annotating your entities with one of these annotations: org.springframework.data.relational.core.mapping.Table.
2023-01-16 10:19:26,519 INFO org.springframework.data.repository.config.RepositoryConfigurationExtensionSupport [restartedMain] Spring Data JDBC - Could not safely identify store assignment for repository candidate interface com.tokioschool.web.repository.UserRepository; If you want this repository to be a JDBC repository, consider annotating your entities with one of these annotations: org.springframework.data.relational.core.mapping.Table.
2023-01-16 10:19:26,519 INFO org.springframework.data.repository.config.RepositoryConfigurationDelegate [restartedMain] Finished Spring Data repository scanning in 9 ms. Found 0 JDBC repository interfaces.
2023-01-16 10:19:26,522 INFO org.springframework.data.repository.config.RepositoryConfigurationDelegate [restartedMain] Multiple Spring Data modules found, entering strict repository configuration mode
2023-01-16 10:19:26,522 INFO org.springframework.data.repository.config.RepositoryConfigurationDelegate [restartedMain] Bootstrapping Spring Data JPA repositories in DEFAULT mode.
2023-01-16 10:19:26,531 INFO org.springframework.data.repository.config.RepositoryConfigurationDelegate [restartedMain] Finished Spring Data repository scanning in 8 ms. Found 6 JPA repository interfaces.
2023-01-16 10:19:26,617 INFO org.springframework.boot.web.embedded.tomcat.TomcatWebServer [restartedMain] Tomcat initialized with port(s): 8080 (http)
2023-01-16 10:19:26,617 INFO org.apache.juli.logging.DirectJDKLog [restartedMain] Initializing ProtocolHandler ["http-nio-8080"]
2023-01-16 10:19:26,617 INFO org.apache.juli.logging.DirectJDKLog [restartedMain] Starting service [Tomcat]
2023-01-16 10:19:26,617 INFO org.apache.juli.logging.DirectJDKLog [restartedMain] Starting Servlet engine: [Apache Tomcat/9.0.69]
2023-01-16 10:19:26,632 INFO org.apache.juli.logging.DirectJDKLog [restartedMain] Initializing Spring embedded WebApplicationContext
2023-01-16 10:19:26,632 INFO org.springframework.boot.web.servlet.context.ServletWebServerApplicationContext [restartedMain] Root WebApplicationContext: initialization completed in 324 ms
2023-01-16 10:19:26,685 INFO org.hibernate.jpa.internal.util.LogHelper [restartedMain] HHH000204: Processing PersistenceUnitInfo [name: default]
2023-01-16 10:19:26,689 INFO com.zaxxer.hikari.HikariDataSource [restartedMain] HikariPool-2 - Starting...
2023-01-16 10:19:26,691 INFO com.zaxxer.hikari.HikariDataSource [restartedMain] HikariPool-2 - Start completed.
2023-01-16 10:19:26,692 INFO org.hibernate.dialect.Dialect [restartedMain] HHH000400: Using dialect: org.hibernate.dialect.MySQL55Dialect
2023-01-16 10:19:26,789 INFO org.hibernate.engine.transaction.jta.platform.internal.JtaPlatformInitiator [restartedMain] HHH000490: Using JtaPlatform implementation: [org.hibernate.engine.transaction.jta.platform.internal.NoJtaPlatform]
2023-01-16 10:19:26,789 INFO org.springframework.orm.jpa.AbstractEntityManagerFactoryBean [restartedMain] Initialized JPA EntityManagerFactory for persistence unit 'default'
2023-01-16 10:19:26,914 WARN org.springframework.boot.autoconfigure.orm.jpa.JpaBaseConfiguration$JpaWebConfiguration [restartedMain] spring.jpa.open-in-view is enabled by default. Therefore, database queries may be performed during view rendering. Explicitly configure spring.jpa.open-in-view to disable this warning
2023-01-16 10:19:26,919 INFO com.tokioschool.web.config.FilmImageConfig [restartedMain] Comprobamos existencia directorio
2023-01-16 10:19:26,945 WARN org.springframework.security.config.annotation.web.builders.WebSecurity [restartedMain] You are asking Spring Security to ignore Ant [pattern='/resources/**']. This is not recommended -- please use permitAll via HttpSecurity#authorizeHttpRequests instead.
2023-01-16 10:19:26,946 INFO org.springframework.security.web.DefaultSecurityFilterChain [restartedMain] Will not secure Ant [pattern='/resources/**']
2023-01-16 10:19:26,946 WARN org.springframework.security.config.annotation.web.builders.WebSecurity [restartedMain] You are asking Spring Security to ignore Ant [pattern='/static/**']. This is not recommended -- please use permitAll via HttpSecurity#authorizeHttpRequests instead.
2023-01-16 10:19:26,946 INFO org.springframework.security.web.DefaultSecurityFilterChain [restartedMain] Will not secure Ant [pattern='/static/**']
2023-01-16 10:19:26,946 WARN org.springframework.security.config.annotation.web.builders.WebSecurity [restartedMain] You are asking Spring Security to ignore Ant [pattern='/templates/**']. This is not recommended -- please use permitAll via HttpSecurity#authorizeHttpRequests instead.
2023-01-16 10:19:26,946 INFO org.springframework.security.web.DefaultSecurityFilterChain [restartedMain] Will not secure Ant [pattern='/templates/**']
2023-01-16 10:19:26,946 WARN org.springframework.security.config.annotation.web.builders.WebSecurity [restartedMain] You are asking Spring Security to ignore Ant [pattern='/css/**']. This is not recommended -- please use permitAll via HttpSecurity#authorizeHttpRequests instead.
2023-01-16 10:19:26,946 INFO org.springframework.security.web.DefaultSecurityFilterChain [restartedMain] Will not secure Ant [pattern='/css/**']
2023-01-16 10:19:26,946 WARN org.springframework.security.config.annotation.web.builders.WebSecurity [restartedMain] You are asking Spring Security to ignore Ant [pattern='/js/**']. This is not recommended -- please use permitAll via HttpSecurity#authorizeHttpRequests instead.
2023-01-16 10:19:26,946 INFO org.springframework.security.web.DefaultSecurityFilterChain [restartedMain] Will not secure Ant [pattern='/js/**']
2023-01-16 10:19:26,946 WARN org.springframework.security.config.annotation.web.builders.WebSecurity [restartedMain] You are asking Spring Security to ignore Ant [pattern='/images/**']. This is not recommended -- please use permitAll via HttpSecurity#authorizeHttpRequests instead.
2023-01-16 10:19:26,947 INFO org.springframework.security.web.DefaultSecurityFilterChain [restartedMain] Will not secure Ant [pattern='/images/**']
2023-01-16 10:19:26,947 WARN org.springframework.security.config.annotation.web.builders.WebSecurity [restartedMain] You are asking Spring Security to ignore Ant [pattern='/fonts/**']. This is not recommended -- please use permitAll via HttpSecurity#authorizeHttpRequests instead.
2023-01-16 10:19:26,947 INFO org.springframework.security.web.DefaultSecurityFilterChain [restartedMain] Will not secure Ant [pattern='/fonts/**']
2023-01-16 10:19:26,947 WARN org.springframework.security.config.annotation.web.builders.WebSecurity [restartedMain] You are asking Spring Security to ignore Ant [pattern='/webjars/**']. This is not recommended -- please use permitAll via HttpSecurity#authorizeHttpRequests instead.
2023-01-16 10:19:26,947 INFO org.springframework.security.web.DefaultSecurityFilterChain [restartedMain] Will not secure Ant [pattern='/webjars/**']
2023-01-16 10:19:26,947 WARN org.springframework.security.config.annotation.web.builders.WebSecurity [restartedMain] You are asking Spring Security to ignore Ant [pattern='/error/**']. This is not recommended -- please use permitAll via HttpSecurity#authorizeHttpRequests instead.
2023-01-16 10:19:26,947 INFO org.springframework.security.web.DefaultSecurityFilterChain [restartedMain] Will not secure Ant [pattern='/error/**']
2023-01-16 10:19:26,952 INFO org.springframework.security.web.DefaultSecurityFilterChain [restartedMain] Will secure any request with [org.springframework.security.web.session.DisableEncodeUrlFilter@420a0c2, org.springframework.security.web.context.request.async.WebAsyncManagerIntegrationFilter@5dc4f7a2, org.springframework.security.web.context.SecurityContextPersistenceFilter@7fd6b7f0, org.springframework.security.web.header.HeaderWriterFilter@63e5fe19, org.springframework.security.web.csrf.CsrfFilter@1d94f859, org.springframework.security.web.authentication.logout.LogoutFilter@46f4e89c, org.springframework.security.web.authentication.UsernamePasswordAuthenticationFilter@54766663, org.springframework.security.web.savedrequest.RequestCacheAwareFilter@536ec7f2, org.springframework.security.web.servletapi.SecurityContextHolderAwareRequestFilter@1f37feb0, org.springframework.security.web.authentication.AnonymousAuthenticationFilter@51b206b, org.springframework.security.web.session.SessionManagementFilter@45bac92e, org.springframework.security.web.access.ExceptionTranslationFilter@4b8ce303, org.springframework.security.web.access.intercept.FilterSecurityInterceptor@c5a8baa]
2023-01-16 10:19:26,971 INFO org.springframework.boot.autoconfigure.web.servlet.WelcomePageHandlerMapping [restartedMain] Adding welcome page template: index
2023-01-16 10:19:27,071 INFO org.springframework.boot.devtools.autoconfigure.OptionalLiveReloadServer [restartedMain] LiveReload server is running on port 35729
2023-01-16 10:19:27,073 INFO org.springframework.boot.actuate.endpoint.web.EndpointLinksResolver [restartedMain] Exposing 1 endpoint(s) beneath base path '/actuator'
2023-01-16 10:19:27,085 INFO org.apache.juli.logging.DirectJDKLog [restartedMain] Starting ProtocolHandler ["http-nio-8080"]
2023-01-16 10:19:27,091 INFO org.springframework.boot.web.embedded.tomcat.TomcatWebServer [restartedMain] Tomcat started on port(s): 8080 (http) with context path ''
2023-01-16 10:19:27,098 INFO org.springframework.boot.StartupInfoLogger [restartedMain] Started ProyectoApplication in 0.815 seconds (JVM running for 392.888)
2023-01-16 10:19:27,100 INFO org.springframework.boot.devtools.autoconfigure.ConditionEvaluationDeltaLoggingListener [restartedMain] Condition evaluation unchanged
2023-01-16 10:39:02,505 INFO org.springframework.boot.devtools.autoconfigure.LocalDevToolsAutoConfiguration$RestartingClassPathChangeChangedEventListener [File Watcher] Restarting due to 2 class path changes (0 additions, 0 deletions, 2 modifications)
2023-01-16 10:39:02,570 INFO org.apache.juli.logging.DirectJDKLog [Thread-7] Pausing ProtocolHandler ["http-nio-8080"]
2023-01-16 10:39:02,570 INFO org.apache.juli.logging.DirectJDKLog [Thread-7] Stopping service [Tomcat]
2023-01-16 10:39:02,575 INFO org.apache.juli.logging.DirectJDKLog [Thread-7] Stopping ProtocolHandler ["http-nio-8080"]
2023-01-16 10:39:02,576 INFO org.apache.juli.logging.DirectJDKLog [Thread-7] Destroying ProtocolHandler ["http-nio-8080"]
2023-01-16 10:39:02,579 INFO org.springframework.orm.jpa.AbstractEntityManagerFactoryBean [Thread-7] Closing JPA EntityManagerFactory for persistence unit 'default'
2023-01-16 10:39:02,580 INFO com.zaxxer.hikari.HikariDataSource [Thread-7] HikariPool-2 - Shutdown initiated...
2023-01-16 10:39:02,582 INFO com.zaxxer.hikari.HikariDataSource [Thread-7] HikariPool-2 - Shutdown completed.
2023-01-16 10:39:02,639 INFO org.springframework.boot.StartupInfoLogger [restartedMain] Starting ProyectoApplication using Java 17 on DESKTOP-U83I70G with PID 6708 (E:\springboot\proyecto\target\classes started by jsusi in E:\springboot\proyecto)
2023-01-16 10:39:02,639 INFO org.springframework.boot.SpringApplication [restartedMain] No active profile set, falling back to 1 default profile: "default"
2023-01-16 10:39:02,842 INFO org.springframework.data.repository.config.RepositoryConfigurationDelegate [restartedMain] Multiple Spring Data modules found, entering strict repository configuration mode
2023-01-16 10:39:02,843 INFO org.springframework.data.repository.config.RepositoryConfigurationDelegate [restartedMain] Bootstrapping Spring Data JDBC repositories in DEFAULT mode.
2023-01-16 10:39:02,846 INFO org.springframework.data.repository.config.RepositoryConfigurationExtensionSupport [restartedMain] Spring Data JDBC - Could not safely identify store assignment for repository candidate interface com.tokioschool.web.repository.FilmRepository; If you want this repository to be a JDBC repository, consider annotating your entities with one of these annotations: org.springframework.data.relational.core.mapping.Table.
2023-01-16 10:39:02,847 INFO org.springframework.data.repository.config.RepositoryConfigurationExtensionSupport [restartedMain] Spring Data JDBC - Could not safely identify store assignment for repository candidate interface com.tokioschool.web.repository.PersonRepository; If you want this repository to be a JDBC repository, consider annotating your entities with one of these annotations: org.springframework.data.relational.core.mapping.Table.
2023-01-16 10:39:02,847 INFO org.springframework.data.repository.config.RepositoryConfigurationExtensionSupport [restartedMain] Spring Data JDBC - Could not safely identify store assignment for repository candidate interface com.tokioschool.web.repository.ReviewRepository; If you want this repository to be a JDBC repository, consider annotating your entities with one of these annotations: org.springframework.data.relational.core.mapping.Table.
2023-01-16 10:39:02,848 INFO org.springframework.data.repository.config.RepositoryConfigurationExtensionSupport [restartedMain] Spring Data JDBC - Could not safely identify store assignment for repository candidate interface com.tokioschool.web.repository.RoleRepository; If you want this repository to be a JDBC repository, consider annotating your entities with one of these annotations: org.springframework.data.relational.core.mapping.Table.
2023-01-16 10:39:02,848 INFO org.springframework.data.repository.config.RepositoryConfigurationExtensionSupport [restartedMain] Spring Data JDBC - Could not safely identify store assignment for repository candidate interface com.tokioschool.web.repository.ScoreRepository; If you want this repository to be a JDBC repository, consider annotating your entities with one of these annotations: org.springframework.data.relational.core.mapping.Table.
2023-01-16 10:39:02,849 INFO org.springframework.data.repository.config.RepositoryConfigurationExtensionSupport [restartedMain] Spring Data JDBC - Could not safely identify store assignment for repository candidate interface com.tokioschool.web.repository.UserRepository; If you want this repository to be a JDBC repository, consider annotating your entities with one of these annotations: org.springframework.data.relational.core.mapping.Table.
2023-01-16 10:39:02,849 INFO org.springframework.data.repository.config.RepositoryConfigurationDelegate [restartedMain] Finished Spring Data repository scanning in 6 ms. Found 0 JDBC repository interfaces.
2023-01-16 10:39:02,851 INFO org.springframework.data.repository.config.RepositoryConfigurationDelegate [restartedMain] Multiple Spring Data modules found, entering strict repository configuration mode
2023-01-16 10:39:02,851 INFO org.springframework.data.repository.config.RepositoryConfigurationDelegate [restartedMain] Bootstrapping Spring Data JPA repositories in DEFAULT mode.
2023-01-16 10:39:02,860 INFO org.springframework.data.repository.config.RepositoryConfigurationDelegate [restartedMain] Finished Spring Data repository scanning in 8 ms. Found 6 JPA repository interfaces.
2023-01-16 10:39:02,961 INFO org.springframework.boot.web.embedded.tomcat.TomcatWebServer [restartedMain] Tomcat initialized with port(s): 8080 (http)
2023-01-16 10:39:02,961 INFO org.apache.juli.logging.DirectJDKLog [restartedMain] Initializing ProtocolHandler ["http-nio-8080"]
2023-01-16 10:39:02,961 INFO org.apache.juli.logging.DirectJDKLog [restartedMain] Starting service [Tomcat]
2023-01-16 10:39:02,961 INFO org.apache.juli.logging.DirectJDKLog [restartedMain] Starting Servlet engine: [Apache Tomcat/9.0.69]
2023-01-16 10:39:02,977 INFO org.apache.juli.logging.DirectJDKLog [restartedMain] Initializing Spring embedded WebApplicationContext
2023-01-16 10:39:02,978 INFO org.springframework.boot.web.servlet.context.ServletWebServerApplicationContext [restartedMain] Root WebApplicationContext: initialization completed in 338 ms
2023-01-16 10:39:03,025 INFO org.hibernate.jpa.internal.util.LogHelper [restartedMain] HHH000204: Processing PersistenceUnitInfo [name: default]
2023-01-16 10:39:03,029 INFO com.zaxxer.hikari.HikariDataSource [restartedMain] HikariPool-3 - Starting...
2023-01-16 10:39:03,032 INFO com.zaxxer.hikari.HikariDataSource [restartedMain] HikariPool-3 - Start completed.
2023-01-16 10:39:03,032 INFO org.hibernate.dialect.Dialect [restartedMain] HHH000400: Using dialect: org.hibernate.dialect.MySQL55Dialect
2023-01-16 10:39:03,121 INFO org.hibernate.engine.transaction.jta.platform.internal.JtaPlatformInitiator [restartedMain] HHH000490: Using JtaPlatform implementation: [org.hibernate.engine.transaction.jta.platform.internal.NoJtaPlatform]
2023-01-16 10:39:03,121 INFO org.springframework.orm.jpa.AbstractEntityManagerFactoryBean [restartedMain] Initialized JPA EntityManagerFactory for persistence unit 'default'
2023-01-16 10:39:03,248 WARN org.springframework.boot.autoconfigure.orm.jpa.JpaBaseConfiguration$JpaWebConfiguration [restartedMain] spring.jpa.open-in-view is enabled by default. Therefore, database queries may be performed during view rendering. Explicitly configure spring.jpa.open-in-view to disable this warning
2023-01-16 10:39:03,254 INFO com.tokioschool.web.config.FilmImageConfig [restartedMain] Comprobamos existencia directorio
2023-01-16 10:39:03,279 WARN org.springframework.security.config.annotation.web.builders.WebSecurity [restartedMain] You are asking Spring Security to ignore Ant [pattern='/resources/**']. This is not recommended -- please use permitAll via HttpSecurity#authorizeHttpRequests instead.
2023-01-16 10:39:03,279 INFO org.springframework.security.web.DefaultSecurityFilterChain [restartedMain] Will not secure Ant [pattern='/resources/**']
2023-01-16 10:39:03,279 WARN org.springframework.security.config.annotation.web.builders.WebSecurity [restartedMain] You are asking Spring Security to ignore Ant [pattern='/static/**']. This is not recommended -- please use permitAll via HttpSecurity#authorizeHttpRequests instead.
2023-01-16 10:39:03,279 INFO org.springframework.security.web.DefaultSecurityFilterChain [restartedMain] Will not secure Ant [pattern='/static/**']
2023-01-16 10:39:03,279 WARN org.springframework.security.config.annotation.web.builders.WebSecurity [restartedMain] You are asking Spring Security to ignore Ant [pattern='/templates/**']. This is not recommended -- please use permitAll via HttpSecurity#authorizeHttpRequests instead.
2023-01-16 10:39:03,279 INFO org.springframework.security.web.DefaultSecurityFilterChain [restartedMain] Will not secure Ant [pattern='/templates/**']
2023-01-16 10:39:03,280 WARN org.springframework.security.config.annotation.web.builders.WebSecurity [restartedMain] You are asking Spring Security to ignore Ant [pattern='/css/**']. This is not recommended -- please use permitAll via HttpSecurity#authorizeHttpRequests instead.
2023-01-16 10:39:03,280 INFO org.springframework.security.web.DefaultSecurityFilterChain [restartedMain] Will not secure Ant [pattern='/css/**']
2023-01-16 10:39:03,280 WARN org.springframework.security.config.annotation.web.builders.WebSecurity [restartedMain] You are asking Spring Security to ignore Ant [pattern='/js/**']. This is not recommended -- please use permitAll via HttpSecurity#authorizeHttpRequests instead.
2023-01-16 10:39:03,280 INFO org.springframework.security.web.DefaultSecurityFilterChain [restartedMain] Will not secure Ant [pattern='/js/**']
2023-01-16 10:39:03,280 WARN org.springframework.security.config.annotation.web.builders.WebSecurity [restartedMain] You are asking Spring Security to ignore Ant [pattern='/images/**']. This is not recommended -- please use permitAll via HttpSecurity#authorizeHttpRequests instead.
2023-01-16 10:39:03,280 INFO org.springframework.security.web.DefaultSecurityFilterChain [restartedMain] Will not secure Ant [pattern='/images/**']
2023-01-16 10:39:03,280 WARN org.springframework.security.config.annotation.web.builders.WebSecurity [restartedMain] You are asking Spring Security to ignore Ant [pattern='/fonts/**']. This is not recommended -- please use permitAll via HttpSecurity#authorizeHttpRequests instead.
2023-01-16 10:39:03,280 INFO org.springframework.security.web.DefaultSecurityFilterChain [restartedMain] Will not secure Ant [pattern='/fonts/**']
2023-01-16 10:39:03,280 WARN org.springframework.security.config.annotation.web.builders.WebSecurity [restartedMain] You are asking Spring Security to ignore Ant [pattern='/webjars/**']. This is not recommended -- please use permitAll via HttpSecurity#authorizeHttpRequests instead.
2023-01-16 10:39:03,280 INFO org.springframework.security.web.DefaultSecurityFilterChain [restartedMain] Will not secure Ant [pattern='/webjars/**']
2023-01-16 10:39:03,280 WARN org.springframework.security.config.annotation.web.builders.WebSecurity [restartedMain] You are asking Spring Security to ignore Ant [pattern='/error/**']. This is not recommended -- please use permitAll via HttpSecurity#authorizeHttpRequests instead.
2023-01-16 10:39:03,280 INFO org.springframework.security.web.DefaultSecurityFilterChain [restartedMain] Will not secure Ant [pattern='/error/**']
2023-01-16 10:39:03,286 INFO org.springframework.security.web.DefaultSecurityFilterChain [restartedMain] Will secure any request with [org.springframework.security.web.session.DisableEncodeUrlFilter@293dd691, org.springframework.security.web.context.request.async.WebAsyncManagerIntegrationFilter@57bca52c, org.springframework.security.web.context.SecurityContextPersistenceFilter@2f1d3f98, org.springframework.security.web.header.HeaderWriterFilter@6ae61ee8, org.springframework.security.web.csrf.CsrfFilter@751dc3b2, org.springframework.security.web.authentication.logout.LogoutFilter@5875fd3e, org.springframework.security.web.authentication.UsernamePasswordAuthenticationFilter@29e3390b, org.springframework.security.web.savedrequest.RequestCacheAwareFilter@18719b, org.springframework.security.web.servletapi.SecurityContextHolderAwareRequestFilter@5ad32e2e, org.springframework.security.web.authentication.AnonymousAuthenticationFilter@3c145594, org.springframework.security.web.session.SessionManagementFilter@34866ae9, org.springframework.security.web.access.ExceptionTranslationFilter@18e6f991, org.springframework.security.web.access.intercept.FilterSecurityInterceptor@f8c99e6]
2023-01-16 10:39:03,303 INFO org.springframework.boot.autoconfigure.web.servlet.WelcomePageHandlerMapping [restartedMain] Adding welcome page template: index
2023-01-16 10:39:03,399 INFO org.springframework.boot.devtools.autoconfigure.OptionalLiveReloadServer [restartedMain] LiveReload server is running on port 35729
2023-01-16 10:39:03,401 INFO org.springframework.boot.actuate.endpoint.web.EndpointLinksResolver [restartedMain] Exposing 1 endpoint(s) beneath base path '/actuator'
2023-01-16 10:39:03,414 INFO org.apache.juli.logging.DirectJDKLog [restartedMain] Starting ProtocolHandler ["http-nio-8080"]
2023-01-16 10:39:03,416 INFO org.springframework.boot.web.embedded.tomcat.TomcatWebServer [restartedMain] Tomcat started on port(s): 8080 (http) with context path ''
2023-01-16 10:39:03,423 INFO org.springframework.boot.StartupInfoLogger [restartedMain] Started ProyectoApplication in 0.807 seconds (JVM running for 1569.214)
2023-01-16 10:39:03,425 INFO org.springframework.boot.devtools.autoconfigure.ConditionEvaluationDeltaLoggingListener [restartedMain] Condition evaluation unchanged
2023-01-16 10:39:20,603 INFO org.apache.juli.logging.DirectJDKLog [http-nio-8080-exec-1] Initializing Spring DispatcherServlet 'dispatcherServlet'
2023-01-16 10:39:20,603 INFO org.springframework.web.servlet.FrameworkServlet [http-nio-8080-exec-1] Initializing Servlet 'dispatcherServlet'
2023-01-16 10:39:20,604 INFO org.springframework.web.servlet.FrameworkServlet [http-nio-8080-exec-1] Completed initialization in 1 ms
2023-01-16 10:39:22,806 WARN org.springframework.web.servlet.handler.AbstractHandlerExceptionResolver [http-nio-8080-exec-3] Resolved [org.springframework.web.util.NestedServletException: Handler dispatch failed; nested exception is java.lang.Error: Unresolved compilation problem: <EOL>?The method findByTitleContainingOrderByTitle(String) is undefined for the type FilmRepository<EOL>]
2023-01-16 10:40:47,203 INFO org.springframework.boot.devtools.autoconfigure.LocalDevToolsAutoConfiguration$RestartingClassPathChangeChangedEventListener [File Watcher] Restarting due to 2 class path changes (0 additions, 0 deletions, 2 modifications)
2023-01-16 10:40:47,213 INFO org.apache.juli.logging.DirectJDKLog [Thread-11] Pausing ProtocolHandler ["http-nio-8080"]
2023-01-16 10:40:47,213 INFO org.apache.juli.logging.DirectJDKLog [Thread-11] Stopping service [Tomcat]
2023-01-16 10:40:47,213 INFO org.apache.juli.logging.DirectJDKLog [Thread-11] Destroying Spring FrameworkServlet 'dispatcherServlet'
2023-01-16 10:40:47,215 INFO org.apache.juli.logging.DirectJDKLog [Thread-11] Stopping ProtocolHandler ["http-nio-8080"]
2023-01-16 10:40:47,216 INFO org.apache.juli.logging.DirectJDKLog [Thread-11] Destroying ProtocolHandler ["http-nio-8080"]
2023-01-16 10:40:47,218 INFO org.springframework.orm.jpa.AbstractEntityManagerFactoryBean [Thread-11] Closing JPA EntityManagerFactory for persistence unit 'default'
2023-01-16 10:40:47,219 INFO com.zaxxer.hikari.HikariDataSource [Thread-11] HikariPool-3 - Shutdown initiated...
2023-01-16 10:40:47,221 INFO com.zaxxer.hikari.HikariDataSource [Thread-11] HikariPool-3 - Shutdown completed.
2023-01-16 10:40:47,278 INFO org.springframework.boot.StartupInfoLogger [restartedMain] Starting ProyectoApplication using Java 17 on DESKTOP-U83I70G with PID 6708 (E:\springboot\proyecto\target\classes started by jsusi in E:\springboot\proyecto)
2023-01-16 10:40:47,278 INFO org.springframework.boot.SpringApplication [restartedMain] No active profile set, falling back to 1 default profile: "default"
2023-01-16 10:40:47,457 INFO org.springframework.data.repository.config.RepositoryConfigurationDelegate [restartedMain] Multiple Spring Data modules found, entering strict repository configuration mode
2023-01-16 10:40:47,457 INFO org.springframework.data.repository.config.RepositoryConfigurationDelegate [restartedMain] Bootstrapping Spring Data JDBC repositories in DEFAULT mode.
2023-01-16 10:40:47,461 INFO org.springframework.data.repository.config.RepositoryConfigurationExtensionSupport [restartedMain] Spring Data JDBC - Could not safely identify store assignment for repository candidate interface com.tokioschool.web.repository.FilmRepository; If you want this repository to be a JDBC repository, consider annotating your entities with one of these annotations: org.springframework.data.relational.core.mapping.Table.
2023-01-16 10:40:47,461 INFO org.springframework.data.repository.config.RepositoryConfigurationExtensionSupport [restartedMain] Spring Data JDBC - Could not safely identify store assignment for repository candidate interface com.tokioschool.web.repository.PersonRepository; If you want this repository to be a JDBC repository, consider annotating your entities with one of these annotations: org.springframework.data.relational.core.mapping.Table.
2023-01-16 10:40:47,462 INFO org.springframework.data.repository.config.RepositoryConfigurationExtensionSupport [restartedMain] Spring Data JDBC - Could not safely identify store assignment for repository candidate interface com.tokioschool.web.repository.ReviewRepository; If you want this repository to be a JDBC repository, consider annotating your entities with one of these annotations: org.springframework.data.relational.core.mapping.Table.
2023-01-16 10:40:47,462 INFO org.springframework.data.repository.config.RepositoryConfigurationExtensionSupport [restartedMain] Spring Data JDBC - Could not safely identify store assignment for repository candidate interface com.tokioschool.web.repository.RoleRepository; If you want this repository to be a JDBC repository, consider annotating your entities with one of these annotations: org.springframework.data.relational.core.mapping.Table.
2023-01-16 10:40:47,463 INFO org.springframework.data.repository.config.RepositoryConfigurationExtensionSupport [restartedMain] Spring Data JDBC - Could not safely identify store assignment for repository candidate interface com.tokioschool.web.repository.ScoreRepository; If you want this repository to be a JDBC repository, consider annotating your entities with one of these annotations: org.springframework.data.relational.core.mapping.Table.
2023-01-16 10:40:47,463 INFO org.springframework.data.repository.config.RepositoryConfigurationExtensionSupport [restartedMain] Spring Data JDBC - Could not safely identify store assignment for repository candidate interface com.tokioschool.web.repository.UserRepository; If you want this repository to be a JDBC repository, consider annotating your entities with one of these annotations: org.springframework.data.relational.core.mapping.Table.
2023-01-16 10:40:47,463 INFO org.springframework.data.repository.config.RepositoryConfigurationDelegate [restartedMain] Finished Spring Data repository scanning in 6 ms. Found 0 JDBC repository interfaces.
2023-01-16 10:40:47,466 INFO org.springframework.data.repository.config.RepositoryConfigurationDelegate [restartedMain] Multiple Spring Data modules found, entering strict repository configuration mode
2023-01-16 10:40:47,466 INFO org.springframework.data.repository.config.RepositoryConfigurationDelegate [restartedMain] Bootstrapping Spring Data JPA repositories in DEFAULT mode.
2023-01-16 10:40:47,474 INFO org.springframework.data.repository.config.RepositoryConfigurationDelegate [restartedMain] Finished Spring Data repository scanning in 8 ms. Found 6 JPA repository interfaces.
2023-01-16 10:40:47,624 INFO org.springframework.boot.web.embedded.tomcat.TomcatWebServer [restartedMain] Tomcat initialized with port(s): 8080 (http)
2023-01-16 10:40:47,624 INFO org.apache.juli.logging.DirectJDKLog [restartedMain] Initializing ProtocolHandler ["http-nio-8080"]
2023-01-16 10:40:47,624 INFO org.apache.juli.logging.DirectJDKLog [restartedMain] Starting service [Tomcat]
2023-01-16 10:40:47,624 INFO org.apache.juli.logging.DirectJDKLog [restartedMain] Starting Servlet engine: [Apache Tomcat/9.0.69]
2023-01-16 10:40:47,637 INFO org.apache.juli.logging.DirectJDKLog [restartedMain] Initializing Spring embedded WebApplicationContext
2023-01-16 10:40:47,638 INFO org.springframework.boot.web.servlet.context.ServletWebServerApplicationContext [restartedMain] Root WebApplicationContext: initialization completed in 359 ms
2023-01-16 10:40:47,678 INFO org.hibernate.jpa.internal.util.LogHelper [restartedMain] HHH000204: Processing PersistenceUnitInfo [name: default]
2023-01-16 10:40:47,681 INFO com.zaxxer.hikari.HikariDataSource [restartedMain] HikariPool-4 - Starting...
2023-01-16 10:40:47,684 INFO com.zaxxer.hikari.HikariDataSource [restartedMain] HikariPool-4 - Start completed.
2023-01-16 10:40:47,684 INFO org.hibernate.dialect.Dialect [restartedMain] HHH000400: Using dialect: org.hibernate.dialect.MySQL55Dialect
2023-01-16 10:40:47,762 INFO org.hibernate.engine.transaction.jta.platform.internal.JtaPlatformInitiator [restartedMain] HHH000490: Using JtaPlatform implementation: [org.hibernate.engine.transaction.jta.platform.internal.NoJtaPlatform]
2023-01-16 10:40:47,763 INFO org.springframework.orm.jpa.AbstractEntityManagerFactoryBean [restartedMain] Initialized JPA EntityManagerFactory for persistence unit 'default'
2023-01-16 10:40:47,872 WARN org.springframework.boot.autoconfigure.orm.jpa.JpaBaseConfiguration$JpaWebConfiguration [restartedMain] spring.jpa.open-in-view is enabled by default. Therefore, database queries may be performed during view rendering. Explicitly configure spring.jpa.open-in-view to disable this warning
2023-01-16 10:40:47,877 INFO com.tokioschool.web.config.FilmImageConfig [restartedMain] Comprobamos existencia directorio
2023-01-16 10:40:47,900 WARN org.springframework.security.config.annotation.web.builders.WebSecurity [restartedMain] You are asking Spring Security to ignore Ant [pattern='/resources/**']. This is not recommended -- please use permitAll via HttpSecurity#authorizeHttpRequests instead.
2023-01-16 10:40:47,900 INFO org.springframework.security.web.DefaultSecurityFilterChain [restartedMain] Will not secure Ant [pattern='/resources/**']
2023-01-16 10:40:47,900 WARN org.springframework.security.config.annotation.web.builders.WebSecurity [restartedMain] You are asking Spring Security to ignore Ant [pattern='/static/**']. This is not recommended -- please use permitAll via HttpSecurity#authorizeHttpRequests instead.
2023-01-16 10:40:47,900 INFO org.springframework.security.web.DefaultSecurityFilterChain [restartedMain] Will not secure Ant [pattern='/static/**']
2023-01-16 10:40:47,900 WARN org.springframework.security.config.annotation.web.builders.WebSecurity [restartedMain] You are asking Spring Security to ignore Ant [pattern='/templates/**']. This is not recommended -- please use permitAll via HttpSecurity#authorizeHttpRequests instead.
2023-01-16 10:40:47,900 INFO org.springframework.security.web.DefaultSecurityFilterChain [restartedMain] Will not secure Ant [pattern='/templates/**']
2023-01-16 10:40:47,901 WARN org.springframework.security.config.annotation.web.builders.WebSecurity [restartedMain] You are asking Spring Security to ignore Ant [pattern='/css/**']. This is not recommended -- please use permitAll via HttpSecurity#authorizeHttpRequests instead.
2023-01-16 10:40:47,901 INFO org.springframework.security.web.DefaultSecurityFilterChain [restartedMain] Will not secure Ant [pattern='/css/**']
2023-01-16 10:40:47,901 WARN org.springframework.security.config.annotation.web.builders.WebSecurity [restartedMain] You are asking Spring Security to ignore Ant [pattern='/js/**']. This is not recommended -- please use permitAll via HttpSecurity#authorizeHttpRequests instead.
2023-01-16 10:40:47,901 INFO org.springframework.security.web.DefaultSecurityFilterChain [restartedMain] Will not secure Ant [pattern='/js/**']
2023-01-16 10:40:47,901 WARN org.springframework.security.config.annotation.web.builders.WebSecurity [restartedMain] You are asking Spring Security to ignore Ant [pattern='/images/**']. This is not recommended -- please use permitAll via HttpSecurity#authorizeHttpRequests instead.
2023-01-16 10:40:47,901 INFO org.springframework.security.web.DefaultSecurityFilterChain [restartedMain] Will not secure Ant [pattern='/images/**']
2023-01-16 10:40:47,901 WARN org.springframework.security.config.annotation.web.builders.WebSecurity [restartedMain] You are asking Spring Security to ignore Ant [pattern='/fonts/**']. This is not recommended -- please use permitAll via HttpSecurity#authorizeHttpRequests instead.
2023-01-16 10:40:47,901 INFO org.springframework.security.web.DefaultSecurityFilterChain [restartedMain] Will not secure Ant [pattern='/fonts/**']
2023-01-16 10:40:47,901 WARN org.springframework.security.config.annotation.web.builders.WebSecurity [restartedMain] You are asking Spring Security to ignore Ant [pattern='/webjars/**']. This is not recommended -- please use permitAll via HttpSecurity#authorizeHttpRequests instead.
2023-01-16 10:40:47,901 INFO org.springframework.security.web.DefaultSecurityFilterChain [restartedMain] Will not secure Ant [pattern='/webjars/**']
2023-01-16 10:40:47,901 WARN org.springframework.security.config.annotation.web.builders.WebSecurity [restartedMain] You are asking Spring Security to ignore Ant [pattern='/error/**']. This is not recommended -- please use permitAll via HttpSecurity#authorizeHttpRequests instead.
2023-01-16 10:40:47,901 INFO org.springframework.security.web.DefaultSecurityFilterChain [restartedMain] Will not secure Ant [pattern='/error/**']
2023-01-16 10:40:47,904 INFO org.springframework.security.web.DefaultSecurityFilterChain [restartedMain] Will secure any request with [org.springframework.security.web.session.DisableEncodeUrlFilter@32837dba, org.springframework.security.web.context.request.async.WebAsyncManagerIntegrationFilter@75dc2384, org.springframework.security.web.context.SecurityContextPersistenceFilter@8596615, org.springframework.security.web.header.HeaderWriterFilter@5b9278da, org.springframework.security.web.csrf.CsrfFilter@4969916a, org.springframework.security.web.authentication.logout.LogoutFilter@2b68f714, org.springframework.security.web.authentication.UsernamePasswordAuthenticationFilter@4fc451a2, org.springframework.security.web.savedrequest.RequestCacheAwareFilter@5f3f2ab3, org.springframework.security.web.servletapi.SecurityContextHolderAwareRequestFilter@17a3dd26, org.springframework.security.web.authentication.AnonymousAuthenticationFilter@55fda69d, org.springframework.security.web.session.SessionManagementFilter@dbe4409, org.springframework.security.web.access.ExceptionTranslationFilter@6897f4d1, org.springframework.security.web.access.intercept.FilterSecurityInterceptor@2d44aa8]
2023-01-16 10:40:47,918 INFO org.springframework.boot.autoconfigure.web.servlet.WelcomePageHandlerMapping [restartedMain] Adding welcome page template: index
2023-01-16 10:40:48,002 INFO org.springframework.boot.devtools.autoconfigure.OptionalLiveReloadServer [restartedMain] LiveReload server is running on port 35729
2023-01-16 10:40:48,004 INFO org.springframework.boot.actuate.endpoint.web.EndpointLinksResolver [restartedMain] Exposing 1 endpoint(s) beneath base path '/actuator'
2023-01-16 10:40:48,015 INFO org.apache.juli.logging.DirectJDKLog [restartedMain] Starting ProtocolHandler ["http-nio-8080"]
2023-01-16 10:40:48,017 INFO org.springframework.boot.web.embedded.tomcat.TomcatWebServer [restartedMain] Tomcat started on port(s): 8080 (http) with context path ''
2023-01-16 10:40:48,024 INFO org.springframework.boot.StartupInfoLogger [restartedMain] Started ProyectoApplication in 0.765 seconds (JVM running for 1673.815)
2023-01-16 10:40:48,026 INFO org.springframework.boot.devtools.autoconfigure.ConditionEvaluationDeltaLoggingListener [restartedMain] Condition evaluation unchanged
2023-01-16 10:57:15,998 INFO org.springframework.boot.devtools.autoconfigure.LocalDevToolsAutoConfiguration$RestartingClassPathChangeChangedEventListener [File Watcher] Restarting due to 2 class path changes (0 additions, 0 deletions, 2 modifications)
2023-01-16 10:57:16,046 INFO org.apache.juli.logging.DirectJDKLog [Thread-15] Pausing ProtocolHandler ["http-nio-8080"]
2023-01-16 10:57:16,046 INFO org.apache.juli.logging.DirectJDKLog [Thread-15] Stopping service [Tomcat]
2023-01-16 10:57:16,047 INFO org.apache.juli.logging.DirectJDKLog [Thread-15] Stopping ProtocolHandler ["http-nio-8080"]
2023-01-16 10:57:16,048 INFO org.apache.juli.logging.DirectJDKLog [Thread-15] Destroying ProtocolHandler ["http-nio-8080"]
2023-01-16 10:57:16,050 INFO org.springframework.orm.jpa.AbstractEntityManagerFactoryBean [Thread-15] Closing JPA EntityManagerFactory for persistence unit 'default'
2023-01-16 10:57:16,051 INFO com.zaxxer.hikari.HikariDataSource [Thread-15] HikariPool-4 - Shutdown initiated...
2023-01-16 10:57:16,054 INFO com.zaxxer.hikari.HikariDataSource [Thread-15] HikariPool-4 - Shutdown completed.
2023-01-16 10:57:16,111 INFO org.springframework.boot.StartupInfoLogger [restartedMain] Starting ProyectoApplication using Java 17 on DESKTOP-U83I70G with PID 6708 (E:\springboot\proyecto\target\classes started by jsusi in E:\springboot\proyecto)
2023-01-16 10:57:16,111 INFO org.springframework.boot.SpringApplication [restartedMain] No active profile set, falling back to 1 default profile: "default"
2023-01-16 10:57:16,296 INFO org.springframework.data.repository.config.RepositoryConfigurationDelegate [restartedMain] Multiple Spring Data modules found, entering strict repository configuration mode
2023-01-16 10:57:16,296 INFO org.springframework.data.repository.config.RepositoryConfigurationDelegate [restartedMain] Bootstrapping Spring Data JDBC repositories in DEFAULT mode.
2023-01-16 10:57:16,299 INFO org.springframework.data.repository.config.RepositoryConfigurationExtensionSupport [restartedMain] Spring Data JDBC - Could not safely identify store assignment for repository candidate interface com.tokioschool.web.repository.FilmRepository; If you want this repository to be a JDBC repository, consider annotating your entities with one of these annotations: org.springframework.data.relational.core.mapping.Table.
2023-01-16 10:57:16,300 INFO org.springframework.data.repository.config.RepositoryConfigurationExtensionSupport [restartedMain] Spring Data JDBC - Could not safely identify store assignment for repository candidate interface com.tokioschool.web.repository.PersonRepository; If you want this repository to be a JDBC repository, consider annotating your entities with one of these annotations: org.springframework.data.relational.core.mapping.Table.
2023-01-16 10:57:16,300 INFO org.springframework.data.repository.config.RepositoryConfigurationExtensionSupport [restartedMain] Spring Data JDBC - Could not safely identify store assignment for repository candidate interface com.tokioschool.web.repository.ReviewRepository; If you want this repository to be a JDBC repository, consider annotating your entities with one of these annotations: org.springframework.data.relational.core.mapping.Table.
2023-01-16 10:57:16,301 INFO org.springframework.data.repository.config.RepositoryConfigurationExtensionSupport [restartedMain] Spring Data JDBC - Could not safely identify store assignment for repository candidate interface com.tokioschool.web.repository.RoleRepository; If you want this repository to be a JDBC repository, consider annotating your entities with one of these annotations: org.springframework.data.relational.core.mapping.Table.
2023-01-16 10:57:16,301 INFO org.springframework.data.repository.config.RepositoryConfigurationExtensionSupport [restartedMain] Spring Data JDBC - Could not safely identify store assignment for repository candidate interface com.tokioschool.web.repository.ScoreRepository; If you want this repository to be a JDBC repository, consider annotating your entities with one of these annotations: org.springframework.data.relational.core.mapping.Table.
2023-01-16 10:57:16,301 INFO org.springframework.data.repository.config.RepositoryConfigurationExtensionSupport [restartedMain] Spring Data JDBC - Could not safely identify store assignment for repository candidate interface com.tokioschool.web.repository.UserRepository; If you want this repository to be a JDBC repository, consider annotating your entities with one of these annotations: org.springframework.data.relational.core.mapping.Table.
2023-01-16 10:57:16,302 INFO org.springframework.data.repository.config.RepositoryConfigurationDelegate [restartedMain] Finished Spring Data repository scanning in 5 ms. Found 0 JDBC repository interfaces.
2023-01-16 10:57:16,304 INFO org.springframework.data.repository.config.RepositoryConfigurationDelegate [restartedMain] Multiple Spring Data modules found, entering strict repository configuration mode
2023-01-16 10:57:16,304 INFO org.springframework.data.repository.config.RepositoryConfigurationDelegate [restartedMain] Bootstrapping Spring Data JPA repositories in DEFAULT mode.
2023-01-16 10:57:16,312 INFO org.springframework.data.repository.config.RepositoryConfigurationDelegate [restartedMain] Finished Spring Data repository scanning in 8 ms. Found 6 JPA repository interfaces.
2023-01-16 10:57:16,402 INFO org.springframework.boot.web.embedded.tomcat.TomcatWebServer [restartedMain] Tomcat initialized with port(s): 8080 (http)
2023-01-16 10:57:16,402 INFO org.apache.juli.logging.DirectJDKLog [restartedMain] Initializing ProtocolHandler ["http-nio-8080"]
2023-01-16 10:57:16,402 INFO org.apache.juli.logging.DirectJDKLog [restartedMain] Starting service [Tomcat]
2023-01-16 10:57:16,403 INFO org.apache.juli.logging.DirectJDKLog [restartedMain] Starting Servlet engine: [Apache Tomcat/9.0.69]
2023-01-16 10:57:16,416 INFO org.apache.juli.logging.DirectJDKLog [restartedMain] Initializing Spring embedded WebApplicationContext
2023-01-16 10:57:16,416 INFO org.springframework.boot.web.servlet.context.ServletWebServerApplicationContext [restartedMain] Root WebApplicationContext: initialization completed in 304 ms
2023-01-16 10:57:16,467 INFO org.hibernate.jpa.internal.util.LogHelper [restartedMain] HHH000204: Processing PersistenceUnitInfo [name: default]
2023-01-16 10:57:16,470 INFO com.zaxxer.hikari.HikariDataSource [restartedMain] HikariPool-5 - Starting...
2023-01-16 10:57:16,473 INFO com.zaxxer.hikari.HikariDataSource [restartedMain] HikariPool-5 - Start completed.
2023-01-16 10:57:16,473 INFO org.hibernate.dialect.Dialect [restartedMain] HHH000400: Using dialect: org.hibernate.dialect.MySQL55Dialect
2023-01-16 10:57:16,554 INFO org.hibernate.engine.transaction.jta.platform.internal.JtaPlatformInitiator [restartedMain] HHH000490: Using JtaPlatform implementation: [org.hibernate.engine.transaction.jta.platform.internal.NoJtaPlatform]
2023-01-16 10:57:16,554 INFO org.springframework.orm.jpa.AbstractEntityManagerFactoryBean [restartedMain] Initialized JPA EntityManagerFactory for persistence unit 'default'
2023-01-16 10:57:16,671 WARN org.springframework.boot.autoconfigure.orm.jpa.JpaBaseConfiguration$JpaWebConfiguration [restartedMain] spring.jpa.open-in-view is enabled by default. Therefore, database queries may be performed during view rendering. Explicitly configure spring.jpa.open-in-view to disable this warning
2023-01-16 10:57:16,675 INFO com.tokioschool.web.config.FilmImageConfig [restartedMain] Comprobamos existencia directorio
2023-01-16 10:57:16,701 WARN org.springframework.security.config.annotation.web.builders.WebSecurity [restartedMain] You are asking Spring Security to ignore Ant [pattern='/resources/**']. This is not recommended -- please use permitAll via HttpSecurity#authorizeHttpRequests instead.
2023-01-16 10:57:16,701 INFO org.springframework.security.web.DefaultSecurityFilterChain [restartedMain] Will not secure Ant [pattern='/resources/**']
2023-01-16 10:57:16,701 WARN org.springframework.security.config.annotation.web.builders.WebSecurity [restartedMain] You are asking Spring Security to ignore Ant [pattern='/static/**']. This is not recommended -- please use permitAll via HttpSecurity#authorizeHttpRequests instead.
2023-01-16 10:57:16,701 INFO org.springframework.security.web.DefaultSecurityFilterChain [restartedMain] Will not secure Ant [pattern='/static/**']
2023-01-16 10:57:16,701 WARN org.springframework.security.config.annotation.web.builders.WebSecurity [restartedMain] You are asking Spring Security to ignore Ant [pattern='/templates/**']. This is not recommended -- please use permitAll via HttpSecurity#authorizeHttpRequests instead.
2023-01-16 10:57:16,701 INFO org.springframework.security.web.DefaultSecurityFilterChain [restartedMain] Will not secure Ant [pattern='/templates/**']
2023-01-16 10:57:16,701 WARN org.springframework.security.config.annotation.web.builders.WebSecurity [restartedMain] You are asking Spring Security to ignore Ant [pattern='/css/**']. This is not recommended -- please use permitAll via HttpSecurity#authorizeHttpRequests instead.
2023-01-16 10:57:16,701 INFO org.springframework.security.web.DefaultSecurityFilterChain [restartedMain] Will not secure Ant [pattern='/css/**']
2023-01-16 10:57:16,701 WARN org.springframework.security.config.annotation.web.builders.WebSecurity [restartedMain] You are asking Spring Security to ignore Ant [pattern='/js/**']. This is not recommended -- please use permitAll via HttpSecurity#authorizeHttpRequests instead.
2023-01-16 10:57:16,701 INFO org.springframework.security.web.DefaultSecurityFilterChain [restartedMain] Will not secure Ant [pattern='/js/**']
2023-01-16 10:57:16,701 WARN org.springframework.security.config.annotation.web.builders.WebSecurity [restartedMain] You are asking Spring Security to ignore Ant [pattern='/images/**']. This is not recommended -- please use permitAll via HttpSecurity#authorizeHttpRequests instead.
2023-01-16 10:57:16,701 INFO org.springframework.security.web.DefaultSecurityFilterChain [restartedMain] Will not secure Ant [pattern='/images/**']
2023-01-16 10:57:16,701 WARN org.springframework.security.config.annotation.web.builders.WebSecurity [restartedMain] You are asking Spring Security to ignore Ant [pattern='/fonts/**']. This is not recommended -- please use permitAll via HttpSecurity#authorizeHttpRequests instead.
2023-01-16 10:57:16,701 INFO org.springframework.security.web.DefaultSecurityFilterChain [restartedMain] Will not secure Ant [pattern='/fonts/**']
2023-01-16 10:57:16,701 WARN org.springframework.security.config.annotation.web.builders.WebSecurity [restartedMain] You are asking Spring Security to ignore Ant [pattern='/webjars/**']. This is not recommended -- please use permitAll via HttpSecurity#authorizeHttpRequests instead.
2023-01-16 10:57:16,702 INFO org.springframework.security.web.DefaultSecurityFilterChain [restartedMain] Will not secure Ant [pattern='/webjars/**']
2023-01-16 10:57:16,702 WARN org.springframework.security.config.annotation.web.builders.WebSecurity [restartedMain] You are asking Spring Security to ignore Ant [pattern='/error/**']. This is not recommended -- please use permitAll via HttpSecurity#authorizeHttpRequests instead.
2023-01-16 10:57:16,702 INFO org.springframework.security.web.DefaultSecurityFilterChain [restartedMain] Will not secure Ant [pattern='/error/**']
2023-01-16 10:57:16,707 INFO org.springframework.security.web.DefaultSecurityFilterChain [restartedMain] Will secure any request with [org.springframework.security.web.session.DisableEncodeUrlFilter@18777ff5, org.springframework.security.web.context.request.async.WebAsyncManagerIntegrationFilter@7c579feb, org.springframework.security.web.context.SecurityContextPersistenceFilter@332ac0ef, org.springframework.security.web.header.HeaderWriterFilter@7f20b3ad, org.springframework.security.web.csrf.CsrfFilter@d68d0fd, org.springframework.security.web.authentication.logout.LogoutFilter@48f94f7f, org.springframework.security.web.authentication.UsernamePasswordAuthenticationFilter@9772acd, org.springframework.security.web.savedrequest.RequestCacheAwareFilter@debfc67, org.springframework.security.web.servletapi.SecurityContextHolderAwareRequestFilter@77ac9bac, org.springframework.security.web.authentication.AnonymousAuthenticationFilter@8ed2b5d, org.springframework.security.web.session.SessionManagementFilter@780e182b, org.springframework.security.web.access.ExceptionTranslationFilter@2ad295b8, org.springframework.security.web.access.intercept.FilterSecurityInterceptor@51a4ad59]
2023-01-16 10:57:16,723 INFO org.springframework.boot.autoconfigure.web.servlet.WelcomePageHandlerMapping [restartedMain] Adding welcome page template: index
2023-01-16 10:57:16,822 INFO org.springframework.boot.devtools.autoconfigure.OptionalLiveReloadServer [restartedMain] LiveReload server is running on port 35729
2023-01-16 10:57:16,825 INFO org.springframework.boot.actuate.endpoint.web.EndpointLinksResolver [restartedMain] Exposing 1 endpoint(s) beneath base path '/actuator'
2023-01-16 10:57:16,837 INFO org.apache.juli.logging.DirectJDKLog [restartedMain] Starting ProtocolHandler ["http-nio-8080"]
2023-01-16 10:57:16,839 INFO org.springframework.boot.web.embedded.tomcat.TomcatWebServer [restartedMain] Tomcat started on port(s): 8080 (http) with context path ''
2023-01-16 10:57:16,846 INFO org.springframework.boot.StartupInfoLogger [restartedMain] Started ProyectoApplication in 0.754 seconds (JVM running for 2662.636)
2023-01-16 10:57:16,847 INFO org.springframework.boot.devtools.autoconfigure.ConditionEvaluationDeltaLoggingListener [restartedMain] Condition evaluation unchanged
2023-01-16 10:58:28,815 INFO org.springframework.boot.devtools.autoconfigure.LocalDevToolsAutoConfiguration$RestartingClassPathChangeChangedEventListener [File Watcher] Restarting due to 1 class path change (0 additions, 0 deletions, 1 modification)
2023-01-16 10:58:28,821 INFO org.apache.juli.logging.DirectJDKLog [Thread-19] Pausing ProtocolHandler ["http-nio-8080"]
2023-01-16 10:58:28,821 INFO org.apache.juli.logging.DirectJDKLog [Thread-19] Stopping service [Tomcat]
2023-01-16 10:58:28,824 INFO org.apache.juli.logging.DirectJDKLog [Thread-19] Stopping ProtocolHandler ["http-nio-8080"]
2023-01-16 10:58:28,825 INFO org.apache.juli.logging.DirectJDKLog [Thread-19] Destroying ProtocolHandler ["http-nio-8080"]
2023-01-16 10:58:28,828 INFO org.springframework.orm.jpa.AbstractEntityManagerFactoryBean [Thread-19] Closing JPA EntityManagerFactory for persistence unit 'default'
2023-01-16 10:58:28,829 INFO com.zaxxer.hikari.HikariDataSource [Thread-19] HikariPool-5 - Shutdown initiated...
2023-01-16 10:58:28,833 INFO com.zaxxer.hikari.HikariDataSource [Thread-19] HikariPool-5 - Shutdown completed.
2023-01-16 10:58:28,898 INFO org.springframework.boot.StartupInfoLogger [restartedMain] Starting ProyectoApplication using Java 17 on DESKTOP-U83I70G with PID 6708 (E:\springboot\proyecto\target\classes started by jsusi in E:\springboot\proyecto)
2023-01-16 10:58:28,898 INFO org.springframework.boot.SpringApplication [restartedMain] No active profile set, falling back to 1 default profile: "default"
2023-01-16 10:58:29,147 INFO org.springframework.data.repository.config.RepositoryConfigurationDelegate [restartedMain] Multiple Spring Data modules found, entering strict repository configuration mode
2023-01-16 10:58:29,147 INFO org.springframework.data.repository.config.RepositoryConfigurationDelegate [restartedMain] Bootstrapping Spring Data JDBC repositories in DEFAULT mode.
2023-01-16 10:58:29,151 INFO org.springframework.data.repository.config.RepositoryConfigurationExtensionSupport [restartedMain] Spring Data JDBC - Could not safely identify store assignment for repository candidate interface com.tokioschool.web.repository.FilmRepository; If you want this repository to be a JDBC repository, consider annotating your entities with one of these annotations: org.springframework.data.relational.core.mapping.Table.
2023-01-16 10:58:29,152 INFO org.springframework.data.repository.config.RepositoryConfigurationExtensionSupport [restartedMain] Spring Data JDBC - Could not safely identify store assignment for repository candidate interface com.tokioschool.web.repository.PersonRepository; If you want this repository to be a JDBC repository, consider annotating your entities with one of these annotations: org.springframework.data.relational.core.mapping.Table.
2023-01-16 10:58:29,153 INFO org.springframework.data.repository.config.RepositoryConfigurationExtensionSupport [restartedMain] Spring Data JDBC - Could not safely identify store assignment for repository candidate interface com.tokioschool.web.repository.ReviewRepository; If you want this repository to be a JDBC repository, consider annotating your entities with one of these annotations: org.springframework.data.relational.core.mapping.Table.
2023-01-16 10:58:29,154 INFO org.springframework.data.repository.config.RepositoryConfigurationExtensionSupport [restartedMain] Spring Data JDBC - Could not safely identify store assignment for repository candidate interface com.tokioschool.web.repository.RoleRepository; If you want this repository to be a JDBC repository, consider annotating your entities with one of these annotations: org.springframework.data.relational.core.mapping.Table.
2023-01-16 10:58:29,155 INFO org.springframework.data.repository.config.RepositoryConfigurationExtensionSupport [restartedMain] Spring Data JDBC - Could not safely identify store assignment for repository candidate interface com.tokioschool.web.repository.ScoreRepository; If you want this repository to be a JDBC repository, consider annotating your entities with one of these annotations: org.springframework.data.relational.core.mapping.Table.
2023-01-16 10:58:29,155 INFO org.springframework.data.repository.config.RepositoryConfigurationExtensionSupport [restartedMain] Spring Data JDBC - Could not safely identify store assignment for repository candidate interface com.tokioschool.web.repository.UserRepository; If you want this repository to be a JDBC repository, consider annotating your entities with one of these annotations: org.springframework.data.relational.core.mapping.Table.
2023-01-16 10:58:29,155 INFO org.springframework.data.repository.config.RepositoryConfigurationDelegate [restartedMain] Finished Spring Data repository scanning in 8 ms. Found 0 JDBC repository interfaces.
2023-01-16 10:58:29,158 INFO org.springframework.data.repository.config.RepositoryConfigurationDelegate [restartedMain] Multiple Spring Data modules found, entering strict repository configuration mode
2023-01-16 10:58:29,159 INFO org.springframework.data.repository.config.RepositoryConfigurationDelegate [restartedMain] Bootstrapping Spring Data JPA repositories in DEFAULT mode.
2023-01-16 10:58:29,169 INFO org.springframework.data.repository.config.RepositoryConfigurationDelegate [restartedMain] Finished Spring Data repository scanning in 10 ms. Found 6 JPA repository interfaces.
2023-01-16 10:58:29,191 INFO org.springframework.boot.StartupInfoLogger [main] Starting ProyectoApplicationTests using Java 17 on DESKTOP-U83I70G with PID 13544 (started by jsusi in E:\springboot\proyecto)
2023-01-16 10:58:29,192 INFO org.springframework.boot.SpringApplication [main] No active profile set, falling back to 1 default profile: "default"
2023-01-16 10:58:29,261 INFO org.springframework.boot.web.embedded.tomcat.TomcatWebServer [restartedMain] Tomcat initialized with port(s): 8080 (http)
2023-01-16 10:58:29,262 INFO org.apache.juli.logging.DirectJDKLog [restartedMain] Initializing ProtocolHandler ["http-nio-8080"]
2023-01-16 10:58:29,262 INFO org.apache.juli.logging.DirectJDKLog [restartedMain] Starting service [Tomcat]
2023-01-16 10:58:29,262 INFO org.apache.juli.logging.DirectJDKLog [restartedMain] Starting Servlet engine: [Apache Tomcat/9.0.69]
2023-01-16 10:58:29,281 INFO org.apache.juli.logging.DirectJDKLog [restartedMain] Initializing Spring embedded WebApplicationContext
2023-01-16 10:58:29,281 INFO org.springframework.boot.web.servlet.context.ServletWebServerApplicationContext [restartedMain] Root WebApplicationContext: initialization completed in 381 ms
2023-01-16 10:58:29,368 INFO org.hibernate.jpa.internal.util.LogHelper [restartedMain] HHH000204: Processing PersistenceUnitInfo [name: default]
2023-01-16 10:58:29,373 INFO com.zaxxer.hikari.HikariDataSource [restartedMain] HikariPool-6 - Starting...
2023-01-16 10:58:29,376 INFO com.zaxxer.hikari.HikariDataSource [restartedMain] HikariPool-6 - Start completed.
2023-01-16 10:58:29,377 INFO org.hibernate.dialect.Dialect [restartedMain] HHH000400: Using dialect: org.hibernate.dialect.MySQL55Dialect
2023-01-16 10:58:29,513 INFO org.hibernate.engine.transaction.jta.platform.internal.JtaPlatformInitiator [restartedMain] HHH000490: Using JtaPlatform implementation: [org.hibernate.engine.transaction.jta.platform.internal.NoJtaPlatform]
2023-01-16 10:58:29,513 INFO org.springframework.orm.jpa.AbstractEntityManagerFactoryBean [restartedMain] Initialized JPA EntityManagerFactory for persistence unit 'default'
2023-01-16 10:58:29,662 WARN org.springframework.boot.autoconfigure.orm.jpa.JpaBaseConfiguration$JpaWebConfiguration [restartedMain] spring.jpa.open-in-view is enabled by default. Therefore, database queries may be performed during view rendering. Explicitly configure spring.jpa.open-in-view to disable this warning
2023-01-16 10:58:29,669 INFO com.tokioschool.web.config.FilmImageConfig [restartedMain] Comprobamos existencia directorio
2023-01-16 10:58:29,696 WARN org.springframework.security.config.annotation.web.builders.WebSecurity [restartedMain] You are asking Spring Security to ignore Ant [pattern='/resources/**']. This is not recommended -- please use permitAll via HttpSecurity#authorizeHttpRequests instead.
2023-01-16 10:58:29,696 INFO org.springframework.security.web.DefaultSecurityFilterChain [restartedMain] Will not secure Ant [pattern='/resources/**']
2023-01-16 10:58:29,696 WARN org.springframework.security.config.annotation.web.builders.WebSecurity [restartedMain] You are asking Spring Security to ignore Ant [pattern='/static/**']. This is not recommended -- please use permitAll via HttpSecurity#authorizeHttpRequests instead.
2023-01-16 10:58:29,696 INFO org.springframework.security.web.DefaultSecurityFilterChain [restartedMain] Will not secure Ant [pattern='/static/**']
2023-01-16 10:58:29,696 WARN org.springframework.security.config.annotation.web.builders.WebSecurity [restartedMain] You are asking Spring Security to ignore Ant [pattern='/templates/**']. This is not recommended -- please use permitAll via HttpSecurity#authorizeHttpRequests instead.
2023-01-16 10:58:29,696 INFO org.springframework.security.web.DefaultSecurityFilterChain [restartedMain] Will not secure Ant [pattern='/templates/**']
2023-01-16 10:58:29,696 WARN org.springframework.security.config.annotation.web.builders.WebSecurity [restartedMain] You are asking Spring Security to ignore Ant [pattern='/css/**']. This is not recommended -- please use permitAll via HttpSecurity#authorizeHttpRequests instead.
2023-01-16 10:58:29,696 INFO org.springframework.security.web.DefaultSecurityFilterChain [restartedMain] Will not secure Ant [pattern='/css/**']
2023-01-16 10:58:29,696 WARN org.springframework.security.config.annotation.web.builders.WebSecurity [restartedMain] You are asking Spring Security to ignore Ant [pattern='/js/**']. This is not recommended -- please use permitAll via HttpSecurity#authorizeHttpRequests instead.
2023-01-16 10:58:29,697 INFO org.springframework.security.web.DefaultSecurityFilterChain [restartedMain] Will not secure Ant [pattern='/js/**']
2023-01-16 10:58:29,697 WARN org.springframework.security.config.annotation.web.builders.WebSecurity [restartedMain] You are asking Spring Security to ignore Ant [pattern='/images/**']. This is not recommended -- please use permitAll via HttpSecurity#authorizeHttpRequests instead.
2023-01-16 10:58:29,697 INFO org.springframework.security.web.DefaultSecurityFilterChain [restartedMain] Will not secure Ant [pattern='/images/**']
2023-01-16 10:58:29,697 WARN org.springframework.security.config.annotation.web.builders.WebSecurity [restartedMain] You are asking Spring Security to ignore Ant [pattern='/fonts/**']. This is not recommended -- please use permitAll via HttpSecurity#authorizeHttpRequests instead.
2023-01-16 10:58:29,697 INFO org.springframework.security.web.DefaultSecurityFilterChain [restartedMain] Will not secure Ant [pattern='/fonts/**']
2023-01-16 10:58:29,697 WARN org.springframework.security.config.annotation.web.builders.WebSecurity [restartedMain] You are asking Spring Security to ignore Ant [pattern='/webjars/**']. This is not recommended -- please use permitAll via HttpSecurity#authorizeHttpRequests instead.
2023-01-16 10:58:29,697 INFO org.springframework.security.web.DefaultSecurityFilterChain [restartedMain] Will not secure Ant [pattern='/webjars/**']
2023-01-16 10:58:29,697 WARN org.springframework.security.config.annotation.web.builders.WebSecurity [restartedMain] You are asking Spring Security to ignore Ant [pattern='/error/**']. This is not recommended -- please use permitAll via HttpSecurity#authorizeHttpRequests instead.
2023-01-16 10:58:29,697 INFO org.springframework.security.web.DefaultSecurityFilterChain [restartedMain] Will not secure Ant [pattern='/error/**']
2023-01-16 10:58:29,702 INFO org.springframework.security.web.DefaultSecurityFilterChain [restartedMain] Will secure any request with [org.springframework.security.web.session.DisableEncodeUrlFilter@32bb1091, org.springframework.security.web.context.request.async.WebAsyncManagerIntegrationFilter@5327a844, org.springframework.security.web.context.SecurityContextPersistenceFilter@684ca1f, org.springframework.security.web.header.HeaderWriterFilter@21f47f1b, org.springframework.security.web.csrf.CsrfFilter@13561207, org.springframework.security.web.authentication.logout.LogoutFilter@2d97c6ca, org.springframework.security.web.authentication.UsernamePasswordAuthenticationFilter@2a54633d, org.springframework.security.web.savedrequest.RequestCacheAwareFilter@23342dfa, org.springframework.security.web.servletapi.SecurityContextHolderAwareRequestFilter@213a8220, org.springframework.security.web.authentication.AnonymousAuthenticationFilter@5c8e11f3, org.springframework.security.web.session.SessionManagementFilter@2561229e, org.springframework.security.web.access.ExceptionTranslationFilter@1fc74a47, org.springframework.security.web.access.intercept.FilterSecurityInterceptor@6e8c3556]
2023-01-16 10:58:29,721 INFO org.springframework.boot.autoconfigure.web.servlet.WelcomePageHandlerMapping [restartedMain] Adding welcome page template: index
2023-01-16 10:58:29,853 INFO org.springframework.boot.devtools.autoconfigure.OptionalLiveReloadServer [restartedMain] LiveReload server is running on port 35729
2023-01-16 10:58:29,856 INFO org.springframework.boot.actuate.endpoint.web.EndpointLinksResolver [restartedMain] Exposing 1 endpoint(s) beneath base path '/actuator'
2023-01-16 10:58:29,870 INFO org.apache.juli.logging.DirectJDKLog [restartedMain] Starting ProtocolHandler ["http-nio-8080"]
2023-01-16 10:58:29,876 INFO org.springframework.boot.web.embedded.tomcat.TomcatWebServer [restartedMain] Tomcat started on port(s): 8080 (http) with context path ''
2023-01-16 10:58:29,884 INFO org.springframework.boot.StartupInfoLogger [restartedMain] Started ProyectoApplication in 1.006 seconds (JVM running for 2735.675)
2023-01-16 10:58:29,886 INFO org.springframework.boot.devtools.autoconfigure.ConditionEvaluationDeltaLoggingListener [restartedMain] Condition evaluation unchanged
2023-01-16 10:58:30,180 INFO org.springframework.data.repository.config.RepositoryConfigurationDelegate [main] Multiple Spring Data modules found, entering strict repository configuration mode
2023-01-16 10:58:30,181 INFO org.springframework.data.repository.config.RepositoryConfigurationDelegate [main] Bootstrapping Spring Data JDBC repositories in DEFAULT mode.
2023-01-16 10:58:30,203 INFO org.springframework.data.repository.config.RepositoryConfigurationExtensionSupport [main] Spring Data JDBC - Could not safely identify store assignment for repository candidate interface com.tokioschool.web.repository.FilmRepository; If you want this repository to be a JDBC repository, consider annotating your entities with one of these annotations: org.springframework.data.relational.core.mapping.Table.
2023-01-16 10:58:30,204 INFO org.springframework.data.repository.config.RepositoryConfigurationExtensionSupport [main] Spring Data JDBC - Could not safely identify store assignment for repository candidate interface com.tokioschool.web.repository.PersonRepository; If you want this repository to be a JDBC repository, consider annotating your entities with one of these annotations: org.springframework.data.relational.core.mapping.Table.
2023-01-16 10:58:30,205 INFO org.springframework.data.repository.config.RepositoryConfigurationExtensionSupport [main] Spring Data JDBC - Could not safely identify store assignment for repository candidate interface com.tokioschool.web.repository.ReviewRepository; If you want this repository to be a JDBC repository, consider annotating your entities with one of these annotations: org.springframework.data.relational.core.mapping.Table.
2023-01-16 10:58:30,206 INFO org.springframework.data.repository.config.RepositoryConfigurationExtensionSupport [main] Spring Data JDBC - Could not safely identify store assignment for repository candidate interface com.tokioschool.web.repository.RoleRepository; If you want this repository to be a JDBC repository, consider annotating your entities with one of these annotations: org.springframework.data.relational.core.mapping.Table.
2023-01-16 10:58:30,207 INFO org.springframework.data.repository.config.RepositoryConfigurationExtensionSupport [main] Spring Data JDBC - Could not safely identify store assignment for repository candidate interface com.tokioschool.web.repository.ScoreRepository; If you want this repository to be a JDBC repository, consider annotating your entities with one of these annotations: org.springframework.data.relational.core.mapping.Table.
2023-01-16 10:58:30,208 INFO org.springframework.data.repository.config.RepositoryConfigurationExtensionSupport [main] Spring Data JDBC - Could not safely identify store assignment for repository candidate interface com.tokioschool.web.repository.UserRepository; If you want this repository to be a JDBC repository, consider annotating your entities with one of these annotations: org.springframework.data.relational.core.mapping.Table.
2023-01-16 10:58:30,209 INFO org.springframework.data.repository.config.RepositoryConfigurationDelegate [main] Finished Spring Data repository scanning in 23 ms. Found 0 JDBC repository interfaces.
2023-01-16 10:58:30,221 INFO org.springframework.data.repository.config.RepositoryConfigurationDelegate [main] Multiple Spring Data modules found, entering strict repository configuration mode
2023-01-16 10:58:30,222 INFO org.springframework.data.repository.config.RepositoryConfigurationDelegate [main] Bootstrapping Spring Data JPA repositories in DEFAULT mode.
2023-01-16 10:58:30,270 INFO org.springframework.data.repository.config.RepositoryConfigurationDelegate [main] Finished Spring Data repository scanning in 44 ms. Found 6 JPA repository interfaces.
2023-01-16 10:58:30,868 INFO org.hibernate.jpa.internal.util.LogHelper [main] HHH000204: Processing PersistenceUnitInfo [name: default]
2023-01-16 10:58:30,907 INFO org.hibernate.Version [main] HHH000412: Hibernate ORM core version 5.6.14.Final
2023-01-16 10:58:31,031 INFO org.hibernate.annotations.common.reflection.java.JavaReflectionManager [main] HCANN000001: Hibernate Commons Annotations {5.1.2.Final}
2023-01-16 10:58:31,160 INFO com.zaxxer.hikari.HikariDataSource [main] HikariPool-1 - Starting...
2023-01-16 10:58:31,280 INFO com.zaxxer.hikari.HikariDataSource [main] HikariPool-1 - Start completed.
2023-01-16 10:58:31,305 INFO org.hibernate.dialect.Dialect [main] HHH000400: Using dialect: org.hibernate.dialect.MySQL55Dialect
2023-01-16 10:58:31,935 INFO org.hibernate.engine.transaction.jta.platform.internal.JtaPlatformInitiator [main] HHH000490: Using JtaPlatform implementation: [org.hibernate.engine.transaction.jta.platform.internal.NoJtaPlatform]
2023-01-16 10:58:31,942 INFO org.springframework.orm.jpa.AbstractEntityManagerFactoryBean [main] Initialized JPA EntityManagerFactory for persistence unit 'default'
2023-01-16 10:58:32,805 WARN org.springframework.boot.autoconfigure.orm.jpa.JpaBaseConfiguration$JpaWebConfiguration [main] spring.jpa.open-in-view is enabled by default. Therefore, database queries may be performed during view rendering. Explicitly configure spring.jpa.open-in-view to disable this warning
2023-01-16 10:58:32,846 INFO com.tokioschool.web.config.FilmImageConfig [main] Comprobamos existencia directorio
2023-01-16 10:58:33,067 WARN org.springframework.security.config.annotation.web.builders.WebSecurity [main] You are asking Spring Security to ignore Ant [pattern='/resources/**']. This is not recommended -- please use permitAll via HttpSecurity#authorizeHttpRequests instead.
2023-01-16 10:58:33,068 INFO org.springframework.security.web.DefaultSecurityFilterChain [main] Will not secure Ant [pattern='/resources/**']
2023-01-16 10:58:33,068 WARN org.springframework.security.config.annotation.web.builders.WebSecurity [main] You are asking Spring Security to ignore Ant [pattern='/static/**']. This is not recommended -- please use permitAll via HttpSecurity#authorizeHttpRequests instead.
2023-01-16 10:58:33,069 INFO org.springframework.security.web.DefaultSecurityFilterChain [main] Will not secure Ant [pattern='/static/**']
2023-01-16 10:58:33,069 WARN org.springframework.security.config.annotation.web.builders.WebSecurity [main] You are asking Spring Security to ignore Ant [pattern='/templates/**']. This is not recommended -- please use permitAll via HttpSecurity#authorizeHttpRequests instead.
2023-01-16 10:58:33,070 INFO org.springframework.security.web.DefaultSecurityFilterChain [main] Will not secure Ant [pattern='/templates/**']
2023-01-16 10:58:33,070 WARN org.springframework.security.config.annotation.web.builders.WebSecurity [main] You are asking Spring Security to ignore Ant [pattern='/css/**']. This is not recommended -- please use permitAll via HttpSecurity#authorizeHttpRequests instead.
2023-01-16 10:58:33,070 INFO org.springframework.security.web.DefaultSecurityFilterChain [main] Will not secure Ant [pattern='/css/**']
2023-01-16 10:58:33,070 WARN org.springframework.security.config.annotation.web.builders.WebSecurity [main] You are asking Spring Security to ignore Ant [pattern='/js/**']. This is not recommended -- please use permitAll via HttpSecurity#authorizeHttpRequests instead.
2023-01-16 10:58:33,070 INFO org.springframework.security.web.DefaultSecurityFilterChain [main] Will not secure Ant [pattern='/js/**']
2023-01-16 10:58:33,071 WARN org.springframework.security.config.annotation.web.builders.WebSecurity [main] You are asking Spring Security to ignore Ant [pattern='/images/**']. This is not recommended -- please use permitAll via HttpSecurity#authorizeHttpRequests instead.
2023-01-16 10:58:33,071 INFO org.springframework.security.web.DefaultSecurityFilterChain [main] Will not secure Ant [pattern='/images/**']
2023-01-16 10:58:33,071 WARN org.springframework.security.config.annotation.web.builders.WebSecurity [main] You are asking Spring Security to ignore Ant [pattern='/fonts/**']. This is not recommended -- please use permitAll via HttpSecurity#authorizeHttpRequests instead.
2023-01-16 10:58:33,071 INFO org.springframework.security.web.DefaultSecurityFilterChain [main] Will not secure Ant [pattern='/fonts/**']
2023-01-16 10:58:33,071 WARN org.springframework.security.config.annotation.web.builders.WebSecurity [main] You are asking Spring Security to ignore Ant [pattern='/webjars/**']. This is not recommended -- please use permitAll via HttpSecurity#authorizeHttpRequests instead.
2023-01-16 10:58:33,071 INFO org.springframework.security.web.DefaultSecurityFilterChain [main] Will not secure Ant [pattern='/webjars/**']
2023-01-16 10:58:33,072 WARN org.springframework.security.config.annotation.web.builders.WebSecurity [main] You are asking Spring Security to ignore Ant [pattern='/error/**']. This is not recommended -- please use permitAll via HttpSecurity#authorizeHttpRequests instead.
2023-01-16 10:58:33,072 INFO org.springframework.security.web.DefaultSecurityFilterChain [main] Will not secure Ant [pattern='/error/**']
2023-01-16 10:58:33,199 INFO org.springframework.security.web.DefaultSecurityFilterChain [main] Will secure any request with [org.springframework.security.web.session.DisableEncodeUrlFilter@3f7a7ce6, org.springframework.security.web.context.request.async.WebAsyncManagerIntegrationFilter@1de6689c, org.springframework.security.web.context.SecurityContextPersistenceFilter@43778d6d, org.springframework.security.web.header.HeaderWriterFilter@44846c76, org.springframework.security.web.csrf.CsrfFilter@19b4dd60, org.springframework.security.web.authentication.logout.LogoutFilter@75693526, org.springframework.security.web.authentication.UsernamePasswordAuthenticationFilter@48cc060d, org.springframework.security.web.savedrequest.RequestCacheAwareFilter@524b1e41, org.springframework.security.web.servletapi.SecurityContextHolderAwareRequestFilter@6df4d8f1, org.springframework.security.web.authentication.AnonymousAuthenticationFilter@3d8512e9, org.springframework.security.web.session.SessionManagementFilter@634d56eb, org.springframework.security.web.access.ExceptionTranslationFilter@3705a85c, org.springframework.security.web.access.intercept.FilterSecurityInterceptor@cbea0df]
2023-01-16 10:58:33,515 INFO org.springframework.boot.autoconfigure.web.servlet.WelcomePageHandlerMapping [main] Adding welcome page template: index
2023-01-16 10:58:34,081 INFO org.springframework.boot.actuate.endpoint.web.EndpointLinksResolver [main] Exposing 1 endpoint(s) beneath base path '/actuator'
2023-01-16 10:58:34,140 INFO org.springframework.boot.StartupInfoLogger [main] Started ProyectoApplicationTests in 5.282 seconds (JVM running for 6.237)
2023-01-16 10:58:34,424 INFO org.springframework.orm.jpa.AbstractEntityManagerFactoryBean [SpringApplicationShutdownHook] Closing JPA EntityManagerFactory for persistence unit 'default'
2023-01-16 10:58:34,426 INFO com.zaxxer.hikari.HikariDataSource [SpringApplicationShutdownHook] HikariPool-1 - Shutdown initiated...
2023-01-16 10:58:34,436 INFO com.zaxxer.hikari.HikariDataSource [SpringApplicationShutdownHook] HikariPool-1 - Shutdown completed.
2023-01-16 11:06:58,430 INFO org.springframework.boot.admin.SpringApplicationAdminMXBeanRegistrar$SpringApplicationAdmin [RMI TCP Connection(59)-127.0.0.1] Application shutdown requested.
2023-01-16 11:06:58,435 INFO org.apache.juli.logging.DirectJDKLog [RMI TCP Connection(59)-127.0.0.1] Pausing ProtocolHandler ["http-nio-8080"]
2023-01-16 11:06:58,435 INFO org.apache.juli.logging.DirectJDKLog [RMI TCP Connection(59)-127.0.0.1] Stopping service [Tomcat]
2023-01-16 11:06:58,436 INFO org.apache.juli.logging.DirectJDKLog [RMI TCP Connection(59)-127.0.0.1] Stopping ProtocolHandler ["http-nio-8080"]
2023-01-16 11:06:58,437 INFO org.apache.juli.logging.DirectJDKLog [RMI TCP Connection(59)-127.0.0.1] Destroying ProtocolHandler ["http-nio-8080"]
2023-01-16 11:06:58,439 INFO org.springframework.orm.jpa.AbstractEntityManagerFactoryBean [RMI TCP Connection(59)-127.0.0.1] Closing JPA EntityManagerFactory for persistence unit 'default'
2023-01-16 11:06:58,440 INFO com.zaxxer.hikari.HikariDataSource [RMI TCP Connection(59)-127.0.0.1] HikariPool-6 - Shutdown initiated...
2023-01-16 11:06:58,443 INFO com.zaxxer.hikari.HikariDataSource [RMI TCP Connection(59)-127.0.0.1] HikariPool-6 - Shutdown completed.
